Time[ps]      Etot[eV]     Epot[eV]     Ekin[eV]    T[K]
0.0000      -18857.4008  -18859.2213       1.8205   391.2
0.0010      -18857.3924  -18859.2464       1.8540   398.4
0.0020      -18857.4053  -18859.3443       1.9390   416.7
0.0030      -18857.4049  -18859.3667       1.9618   421.6
0.0040      -18857.4001  -18859.2946       1.8945   407.1
0.0050      -18857.4011  -18859.1870       1.7859   383.8
0.0060      -18857.3957  -18859.0462       1.6504   354.7
0.0070      -18857.3957  -18858.9384       1.5426   331.5
0.0080      -18857.3990  -18858.8686       1.4696   315.8
0.0090      -18857.3916  -18858.8118       1.4203   305.2
0.0100      -18857.3895  -18858.8779       1.4884   319.9
0.0110      -18857.4064  -18859.0773       1.6709   359.1
0.0120      -18857.4008  -18859.2009       1.8001   386.8
0.0130      -18857.3944  -18859.2932       1.8988   408.0
0.0140      -18857.4011  -18859.4320       2.0309   436.4
0.0150      -18857.4029  -18859.5299       2.1270   457.1
0.0160      -18857.4035  -18859.5415       2.1381   459.5
0.0170      -18857.4043  -18859.4542       2.0500   440.5
0.0180      -18857.3954  -18859.2791       1.8836   404.8
0.0190      -18857.3930  -18859.1497       1.7567   377.5
0.0200      -18857.4038  -18859.1006       1.6969   364.7
0.0210      -18857.3996  -18859.0040       1.6045   344.8
0.0220      -18857.3865  -18858.9204       1.5339   329.6
0.0230      -18857.3905  -18859.0220       1.6315   350.6
0.0240      -18857.4043  -18859.2460       1.8418   395.8
0.0250      -18857.4062  -18859.3864       1.9801   425.5
0.0260      -18857.4007  -18859.3958       1.9951   428.7
0.0270      -18857.3905  -18859.3684       1.9779   425.1
0.0280      -18857.3972  -18859.4491       2.0519   440.9
0.0290      -18857.4160  -18859.5375       2.1216   455.9
0.0300      -18857.4072  -18859.3947       1.9875   427.1
0.0310      -18857.3886  -18859.1367       1.7481   375.7
0.0320      -18857.3837  -18859.0385       1.6548   355.6
0.0330      -18857.3955  -18859.1738       1.7784   382.2
0.0340      -18857.4093  -18859.3599       1.9506   419.2
0.0350      -18857.4108  -18859.3781       1.9673   422.8
0.0360      -18857.3895  -18859.2242       1.8347   394.3
0.0370      -18857.3850  -18859.1962       1.8111   389.2
0.0380      -18857.4059  -18859.3553       1.9493   418.9
0.0390      -18857.4130  -18859.4148       2.0019   430.2
0.0400      -18857.4043  -18859.2558       1.8515   397.9
0.0410      -18857.3867  -18859.0220       1.6353   351.4
0.0420      -18857.3866  -18858.9651       1.5784   339.2
0.0430      -18857.3989  -18859.0965       1.6976   364.8
0.0440      -18857.4068  -18859.2303       1.8235   391.9
0.0450      -18857.3953  -18859.2619       1.8666   401.1
0.0460      -18857.3976  -18859.3260       1.9284   414.4
0.0470      -18857.4027  -18859.4024       1.9996   429.7
0.0480      -18857.3964  -18859.4170       2.0206   434.2
0.0490      -18857.3993  -18859.4352       2.0359   437.5
0.0500      -18857.4020  -18859.4337       2.0316   436.6
0.0510      -18857.4034  -18859.3720       1.9687   423.1
0.0520      -18857.4022  -18859.2309       1.8287   393.0
0.0530      -18857.3933  -18859.0342       1.6409   352.6
0.0540      -18857.3789  -18858.9324       1.5535   333.8
0.0550      -18857.3945  -18859.0972       1.7028   365.9
0.0560      -18857.4076  -18859.3240       1.9164   411.8
0.0570      -18857.4016  -18859.4106       2.0090   431.7
0.0580      -18857.3949  -18859.4251       2.0303   436.3
0.0590      -18857.3884  -18859.4926       2.1043   452.2
0.0600      -18857.3987  -18859.7053       2.3067   495.7
0.0610      -18857.4194  -18859.9078       2.4884   534.8
0.0620      -18857.4183  -18859.8075       2.3892   513.4
0.0630      -18857.3910  -18859.4297       2.0387   438.1
0.0640      -18857.3796  -18859.1592       1.7796   382.4
0.0650      -18857.3949  -18859.1624       1.7675   379.8
0.0660      -18857.4042  -18859.2304       1.8263   392.5
0.0670      -18857.4042  -18859.2018       1.7977   386.3
0.0680      -18857.3902  -18859.0869       1.6967   364.6
0.0690      -18857.3789  -18859.1026       1.7237   370.4
0.0700      -18857.3985  -18859.4001       2.0016   430.1
0.0710      -18857.4260  -18859.6988       2.2729   488.4
0.0720      -18857.4127  -18859.6326       2.2198   477.0
0.0730      -18857.3900  -18859.3831       1.9931   428.3
0.0740      -18857.3952  -18859.2605       1.8652   400.8
0.0750      -18857.3951  -18859.2226       1.8275   392.7
0.0760      -18857.4018  -18859.2258       1.8240   392.0
0.0770      -18857.4039  -18859.1702       1.7664   379.6
0.0780      -18857.3872  -18859.0523       1.6651   357.8
0.0790      -18857.3879  -18859.0976       1.7096   367.4
0.0800      -18857.4071  -18859.2981       1.8910   406.4
0.0810      -18857.4012  -18859.4175       2.0162   433.3
0.0820      -18857.4020  -18859.5056       2.1036   452.1
0.0830      -18857.4103  -18859.5501       2.1398   459.8
0.0840      -18857.4004  -18859.4447       2.0443   439.3
0.0850      -18857.3959  -18859.2969       1.9009   408.5
0.0860      -18857.3945  -18859.1790       1.7845   383.5
0.0870      -18857.3898  -18859.1254       1.7355   373.0
0.0880      -18857.3970  -18859.1936       1.7966   386.1
0.0890      -18857.4107  -18859.2759       1.8652   400.8
0.0900      -18857.3958  -18859.2113       1.8156   390.2
0.0910      -18857.3796  -18859.2181       1.8385   395.1
0.0920      -18857.4053  -18859.4914       2.0861   448.3
0.0930      -18857.4190  -18859.6950       2.2760   489.1
0.0940      -18857.4088  -18859.6037       2.1949   471.7
0.0950      -18857.3969  -18859.3397       1.9427   417.5
0.0960      -18857.3841  -18859.0976       1.7135   368.2
0.0970      -18857.3854  -18859.0667       1.6813   361.3
0.0980      -18857.4128  -18859.2003       1.7875   384.1
0.0990      -18857.4141  -18859.1302       1.7161   368.8
0.1000      -18857.3769  -18858.8689       1.4919   320.6
0.1010      -18857.3787  -18858.9071       1.5284   328.5
0.1020      -18857.4030  -18859.2483       1.8453   396.6
0.1030      -18857.4175  -18859.5186       2.1011   451.5
0.1040      -18857.4111  -18859.4870       2.0758   446.1
0.1050      -18857.3892  -18859.2555       1.8663   401.1
0.1060      -18857.3841  -18859.1407       1.7566   377.5
0.1070      -18857.4046  -18859.2152       1.8105   389.1
0.1080      -18857.4150  -18859.1948       1.7798   382.5
0.1090      -18857.3935  -18858.9526       1.5591   335.0
0.1100      -18857.3875  -18858.7698       1.3823   297.1
0.1110      -18857.3889  -18858.7708       1.3819   297.0
0.1120      -18857.3924  -18858.9274       1.5350   329.9
0.1130      -18857.4038  -18859.1626       1.7588   378.0
0.1140      -18857.4071  -18859.3128       1.9058   409.5
0.1150      -18857.3981  -18859.3360       1.9379   416.4
0.1160      -18857.4010  -18859.3442       1.9432   417.6
0.1170      -18857.4098  -18859.3002       1.8904   406.2
0.1180      -18857.3931  -18859.1223       1.7292   371.6
0.1190      -18857.3943  -18859.0135       1.6192   348.0
0.1200      -18857.4020  -18858.9749       1.5729   338.0
0.1210      -18857.3981  -18858.8904       1.4923   320.7
0.1220      -18857.3907  -18858.8053       1.4146   304.0
0.1230      -18857.3837  -18858.8448       1.4611   314.0
0.1240      -18857.3961  -18859.1008       1.7047   366.3
0.1250      -18857.4167  -18859.3923       1.9756   424.6
0.1260      -18857.4170  -18859.4250       2.0080   431.5
0.1270      -18857.3897  -18859.2170       1.8273   392.7
0.1280      -18857.3901  -18859.1379       1.7478   375.6
0.1290      -18857.4083  -18859.1966       1.7883   384.3
0.1300      -18857.4051  -18859.1359       1.7307   371.9
0.1310      -18857.3968  -18858.9637       1.5669   336.7
0.1320      -18857.3907  -18858.8043       1.4136   303.8
0.1330      -18857.3855  -18858.7688       1.3833   297.3
0.1340      -18857.3925  -18858.9368       1.5443   331.9
0.1350      -18857.4160  -18859.1883       1.7722   380.9
0.1360      -18857.4066  -18859.2281       1.8215   391.4
0.1370      -18857.3900  -18859.1797       1.7898   384.6
0.1380      -18857.4025  -18859.2507       1.8482   397.2
0.1390      -18857.4059  -18859.2850       1.8791   403.8
0.1400      -18857.4011  -18859.2056       1.8045   387.8
0.1410      -18857.3945  -18859.0770       1.6824   361.6
0.1420      -18857.3923  -18858.9970       1.6046   344.8
0.1430      -18857.3962  -18859.0067       1.6104   346.1
0.1440      -18857.4039  -18859.0523       1.6484   354.2
0.1450      -18857.3935  -18859.0606       1.6672   358.3
0.1460      -18857.3938  -18859.1744       1.7806   382.7
0.1470      -18857.4134  -18859.3737       1.9604   421.3
0.1480      -18857.4065  -18859.4027       1.9962   429.0
0.1490      -18857.3974  -18859.3160       1.9185   412.3
0.1500      -18857.3999  -18859.2382       1.8383   395.0
0.1510      -18857.3970  -18859.1546       1.7576   377.7
0.1520      -18857.3926  -18859.1061       1.7135   368.2
0.1530      -18857.4051  -18859.1326       1.7276   371.3
0.1540      -18857.4004  -18859.0943       1.6939   364.0
0.1550      -18857.3872  -18859.0722       1.6851   362.1
0.1560      -18857.4026  -18859.2278       1.8252   392.2
0.1570      -18857.4071  -18859.3747       1.9676   422.8
0.1580      -18857.4008  -18859.4269       2.0261   435.4
0.1590      -18857.4035  -18859.4460       2.0425   438.9
0.1600      -18857.4037  -18859.3978       1.9941   428.5
0.1610      -18857.3980  -18859.2784       1.8804   404.1
0.1620      -18857.3998  -18859.1570       1.7571   377.6
0.1630      -18857.3936  -18859.0338       1.6402   352.5
0.1640      -18857.3893  -18859.0098       1.6205   348.2
0.1650      -18857.4100  -18859.1174       1.7074   366.9
0.1660      -18857.4001  -18859.1164       1.7163   368.8
0.1670      -18857.3846  -18859.1283       1.7437   374.7
0.1680      -18857.4007  -18859.3457       1.9450   418.0
0.1690      -18857.4088  -18859.5644       2.1556   463.2
0.1700      -18857.4047  -18859.6428       2.2381   481.0
0.1710      -18857.4083  -18859.6091       2.2008   473.0
0.1720      -18857.3994  -18859.4424       2.0431   439.1
0.1730      -18857.3869  -18859.2885       1.9016   408.7
0.1740      -18857.4028  -18859.2969       1.8942   407.1
0.1750      -18857.4030  -18859.2787       1.8757   403.1
0.1760      -18857.3935  -18859.2113       1.8178   390.6
0.1770      -18857.3969  -18859.2145       1.8176   390.6
0.1780      -18857.3968  -18859.2638       1.8671   401.2
0.1790      -18857.3941  -18859.3613       1.9672   422.8
0.1800      -18857.4053  -18859.5234       2.1181   455.2
0.1810      -18857.4118  -18859.5931       2.1813   468.8
0.1820      -18857.3983  -18859.4941       2.0957   450.4
0.1830      -18857.4007  -18859.3858       1.9851   426.6
0.1840      -18857.3965  -18859.2704       1.8738   402.7
0.1850      -18857.3892  -18859.2042       1.8150   390.0
0.1860      -18857.4045  -18859.2596       1.8551   398.7
0.1870      -18857.4059  -18859.2467       1.8407   395.6
0.1880      -18857.3866  -18859.1586       1.7720   380.8
0.1890      -18857.3903  -18859.2497       1.8594   399.6
0.1900      -18857.4079  -18859.4826       2.0746   445.8
0.1910      -18857.4062  -18859.6261       2.2199   477.0
0.1920      -18857.4093  -18859.6655       2.2562   484.9
0.1930      -18857.4068  -18859.5657       2.1590   464.0
0.1940      -18857.3901  -18859.3762       1.9862   426.8
0.1950      -18857.3940  -18859.3036       1.9096   410.4
0.1960      -18857.4017  -18859.3069       1.9052   409.4
0.1970      -18857.3998  -18859.2785       1.8787   403.7
0.1980      -18857.3975  -18859.2441       1.8466   396.8
0.1990      -18857.3958  -18859.2573       1.8615   400.0
0.2000      -18857.3948  -18859.3577       1.9629   421.8
0.2010      -18857.4024  -18859.5579       2.1555   463.2
0.2020      -18857.4148  -18859.7308       2.3159   497.7
0.2030      -18857.4062  -18859.7062       2.3000   494.3
0.2040      -18857.4001  -18859.5724       2.1723   466.8
0.2050      -18857.3989  -18859.4171       2.0182   433.7
0.2060      -18857.3887  -18859.2782       1.8895   406.1
0.2070      -18857.3937  -18859.2803       1.8865   405.4
0.2080      -18857.4117  -18859.3460       1.9343   415.7
0.2090      -18857.4030  -18859.2572       1.8543   398.5
0.2100      -18857.3829  -18859.1548       1.7719   380.8
0.2110      -18857.3943  -18859.3125       1.9182   412.2
0.2120      -18857.4096  -18859.5931       2.1835   469.2
0.2130      -18857.4115  -18859.7566       2.3450   503.9
0.2140      -18857.4090  -18859.7379       2.3289   500.5
0.2150      -18857.3958  -18859.5816       2.1858   469.7
0.2160      -18857.3880  -18859.4723       2.0843   447.9
0.2170      -18857.3975  -18859.5126       2.1150   454.5
0.2180      -18857.4075  -18859.5689       2.1614   464.5
0.2190      -18857.4043  -18859.5056       2.1013   451.6
0.2200      -18857.3931  -18859.3865       1.9935   428.4
0.2210      -18857.3909  -18859.3897       1.9988   429.5
0.2220      -18857.4016  -18859.5489       2.1473   461.4
0.2230      -18857.4095  -18859.7068       2.2974   493.7
0.2240      -18857.4068  -18859.7301       2.3233   499.3
0.2250      -18857.3977  -18859.6464       2.2487   483.2
0.2260      -18857.3974  -18859.5687       2.1713   466.6
0.2270      -18857.3982  -18859.5078       2.1095   453.3
0.2280      -18857.3972  -18859.4486       2.0514   440.8
0.2290      -18857.3970  -18859.4120       2.0151   433.0
0.2300      -18857.4071  -18859.3993       1.9923   428.1
0.2310      -18857.4025  -18859.3048       1.9023   408.8
0.2320      -18857.3896  -18859.2109       1.8213   391.4
0.2330      -18857.3990  -18859.2789       1.8798   404.0
0.2340      -18857.3993  -18859.4081       2.0089   431.7
0.2350      -18857.4040  -18859.5489       2.1450   460.9
0.2360      -18857.4098  -18859.6106       2.2007   472.9
0.2370      -18857.4007  -18859.5059       2.1053   452.4
0.2380      -18857.3820  -18859.3778       1.9958   428.9
0.2390      -18857.3921  -18859.4763       2.0842   447.9
0.2400      -18857.4188  -18859.6583       2.2395   481.3
0.2410      -18857.4122  -18859.5739       2.1617   464.5
0.2420      -18857.3887  -18859.3187       1.9300   414.8
0.2430      -18857.3835  -18859.2401       1.8566   399.0
0.2440      -18857.3999  -18859.4205       2.0206   434.2
0.2450      -18857.4132  -18859.6155       2.2024   473.3
0.2460      -18857.4094  -18859.6054       2.1960   471.9
0.2470      -18857.3923  -18859.4357       2.0434   439.1
0.2480      -18857.3860  -18859.3476       1.9616   421.5
0.2490      -18857.3993  -18859.4298       2.0305   436.4
0.2500      -18857.4086  -18859.5041       2.0955   450.3
0.2510      -18857.4064  -18859.4367       2.0303   436.3
0.2520      -18857.3969  -18859.2743       1.8774   403.4
0.2530      -18857.3874  -18859.1849       1.7976   386.3
0.2540      -18857.3999  -18859.2919       1.8920   406.6
0.2550      -18857.4104  -18859.4198       2.0094   431.8
0.2560      -18857.4012  -18859.4093       2.0081   431.5
0.2570      -18857.3965  -18859.3590       1.9625   421.7
0.2580      -18857.3998  -18859.3346       1.9348   415.8
0.2590      -18857.4012  -18859.2900       1.8888   405.9
0.2600      -18857.3977  -18859.2039       1.8062   388.2
0.2610      -18857.3920  -18859.1378       1.7458   375.2
0.2620      -18857.3989  -18859.1754       1.7764   381.7
0.2630      -18857.4130  -18859.2203       1.8073   388.4
0.2640      -18857.3998  -18859.1091       1.7092   367.3
0.2650      -18857.3862  -18859.0183       1.6320   350.7
0.2660      -18857.3975  -18859.1305       1.7330   372.4
0.2670      -18857.4069  -18859.2958       1.8888   405.9
0.2680      -18857.4089  -18859.3464       1.9375   416.4
0.2690      -18857.4021  -18859.2417       1.8396   395.3
0.2700      -18857.3889  -18859.0921       1.7032   366.0
0.2710      -18857.3883  -18859.0931       1.7048   366.4
0.2720      -18857.4070  -18859.2502       1.8433   396.1
0.2730      -18857.4128  -18859.3094       1.8966   407.6
0.2740      -18857.4002  -18859.1848       1.7845   383.5
0.2750      -18857.3913  -18859.0522       1.6609   356.9
0.2760      -18857.3908  -18859.0558       1.6650   357.8
0.2770      -18857.4027  -18859.1922       1.7896   384.6
0.2780      -18857.4122  -18859.2801       1.8679   401.4
0.2790      -18857.4029  -18859.1819       1.7789   382.3
0.2800      -18857.3868  -18859.0337       1.6469   353.9
0.2810      -18857.3914  -18859.0606       1.6692   358.7
0.2820      -18857.4038  -18859.2052       1.8014   387.1
0.2830      -18857.4062  -18859.2842       1.8781   403.6
0.2840      -18857.4033  -18859.2432       1.8399   395.4
0.2850      -18857.3935  -18859.1374       1.7439   374.8
0.2860      -18857.3918  -18859.1096       1.7178   369.1
0.2870      -18857.4005  -18859.1861       1.7856   383.7
0.2880      -18857.4074  -18859.2416       1.8341   394.2
0.2890      -18857.4037  -18859.1776       1.7739   381.2
0.2900      -18857.3933  -18859.0540       1.6608   356.9
0.2910      -18857.3923  -18859.0165       1.6242   349.0
0.2920      -18857.4023  -18859.0681       1.6658   358.0
0.2930      -18857.4005  -18859.0728       1.6723   359.4
0.2940      -18857.3941  -18859.0447       1.6506   354.7
0.2950      -18857.3983  -18859.0656       1.6673   358.3
0.2960      -18857.4005  -18859.0913       1.6908   363.4
0.2970      -18857.3972  -18859.0963       1.6992   365.1
0.2980      -18857.3979  -18859.1284       1.7304   371.9
0.2990      -18857.4026  -18859.1825       1.7800   382.5
0.3000      -18857.4022  -18859.1999       1.7977   386.3
