Time[ps]      Etot[eV]     Epot[eV]     Ekin[eV]    T[K]
0.0000      -21628.5001  -21629.8878       1.3878   298.2
0.0010      -21628.5080  -21630.0648       1.5567   334.5
0.0020      -21628.5203  -21630.2963       1.7760   381.7
0.0030      -21628.5237  -21630.3962       1.8725   402.4
0.0040      -21628.5158  -21630.3083       1.7924   385.2
0.0050      -21628.5060  -21630.1485       1.6424   353.0
0.0060      -21628.5052  -21630.0615       1.5564   334.5
0.0070      -21628.5103  -21630.0670       1.5567   334.5
0.0080      -21628.5152  -21630.0889       1.5737   338.2
0.0090      -21628.5135  -21630.0586       1.5451   332.0
0.0100      -21628.5074  -21630.0048       1.4975   321.8
0.0110      -21628.5071  -21630.0168       1.5097   324.4
0.0120      -21628.5141  -21630.0983       1.5841   340.4
0.0130      -21628.5191  -21630.1467       1.6276   349.8
0.0140      -21628.5139  -21630.0900       1.5760   338.7
0.0150      -21628.5034  -21630.0052       1.5019   322.7
0.0160      -21628.5029  -21630.0419       1.5390   330.7
0.0170      -21628.5129  -21630.2063       1.6934   363.9
0.0180      -21628.5218  -21630.3472       1.8254   392.3
0.0190      -21628.5207  -21630.3277       1.8070   388.3
0.0200      -21628.5094  -21630.1674       1.6580   356.3
0.0210      -21628.5015  -21630.0322       1.5307   328.9
0.0220      -21628.5050  -21630.0427       1.5377   330.4
0.0230      -21628.5147  -21630.1485       1.6338   351.1
0.0240      -21628.5187  -21630.2069       1.6881   362.8
0.0250      -21628.5130  -21630.1565       1.6435   353.2
0.0260      -21628.5073  -21630.0783       1.5710   337.6
0.0270      -21628.5091  -21630.0557       1.5466   332.4
0.0280      -21628.5134  -21630.0676       1.5542   334.0
0.0290      -21628.5153  -21630.0483       1.5329   329.4
0.0300      -21628.5104  -21629.9755       1.4651   314.8
0.0310      -21628.5038  -21629.9272       1.4234   305.9
0.0320      -21628.5061  -21630.0001       1.4940   321.1
0.0330      -21628.5160  -21630.1600       1.6440   353.3
0.0340      -21628.5224  -21630.2587       1.7363   373.1
0.0350      -21628.5172  -21630.2003       1.6831   361.7
0.0360      -21628.5052  -21630.0625       1.5572   334.6
0.0370      -21628.5013  -21630.0166       1.5153   325.6
0.0380      -21628.5078  -21630.1224       1.6146   347.0
0.0390      -21628.5186  -21630.2777       1.7591   378.0
0.0400      -21628.5226  -21630.3191       1.7965   386.1
0.0410      -21628.5144  -21630.1915       1.6771   360.4
0.0420      -21628.5053  -21630.0156       1.5102   324.5
0.0430      -21628.5047  -21629.9307       1.4260   306.5
0.0440      -21628.5098  -21629.9551       1.4454   310.6
0.0450      -21628.5138  -21630.0142       1.5005   322.4
0.0460      -21628.5112  -21630.0495       1.5384   330.6
0.0470      -21628.5075  -21630.0936       1.5862   340.9
0.0480      -21628.5091  -21630.1958       1.6868   362.5
0.0490      -21628.5152  -21630.3276       1.8124   389.5
0.0500      -21628.5191  -21630.3954       1.8763   403.2
0.0510      -21628.5147  -21630.3444       1.8297   393.2
0.0520      -21628.5075  -21630.2402       1.7328   372.4
0.0530      -21628.5059  -21630.1904       1.6846   362.0
0.0540      -21628.5098  -21630.2235       1.7137   368.3
0.0550      -21628.5163  -21630.2777       1.7614   378.5
0.0560      -21628.5175  -21630.2572       1.7398   373.9
0.0570      -21628.5100  -21630.1480       1.6379   352.0
0.0580      -21628.5035  -21630.0555       1.5520   333.5
0.0590      -21628.5045  -21630.0757       1.5712   337.7
0.0600      -21628.5112  -21630.1937       1.6826   361.6
0.0610      -21628.5153  -21630.3131       1.7978   386.3
0.0620      -21628.5142  -21630.3725       1.8583   399.4
0.0630      -21628.5134  -21630.3849       1.8715   402.2
0.0640      -21628.5134  -21630.3657       1.8523   398.1
0.0650      -21628.5126  -21630.3188       1.8063   388.2
0.0660      -21628.5121  -21630.2538       1.7417   374.3
0.0670      -21628.5087  -21630.1809       1.6723   359.4
0.0680      -21628.5046  -21630.1494       1.6448   353.5
0.0690      -21628.5065  -21630.2138       1.7073   366.9
0.0700      -21628.5142  -21630.3429       1.8287   393.0
0.0710      -21628.5187  -21630.4250       1.9063   409.7
0.0720      -21628.5146  -21630.3979       1.8834   404.7
0.0730      -21628.5101  -21630.3179       1.8079   388.5
0.0740      -21628.5098  -21630.2514       1.7416   374.3
0.0750      -21628.5094  -21630.2085       1.6990   365.1
0.0760      -21628.5113  -21630.1881       1.6768   360.3
0.0770      -21628.5141  -21630.1592       1.6452   353.5
0.0780      -21628.5103  -21630.0884       1.5782   339.1
0.0790      -21628.5057  -21630.0261       1.5204   326.7
0.0800      -21628.5074  -21630.0335       1.5261   328.0
0.0810      -21628.5109  -21630.0888       1.5779   339.1
0.0820      -21628.5099  -21630.1462       1.6363   351.6
0.0830      -21628.5090  -21630.2169       1.7078   367.0
0.0840      -21628.5129  -21630.3119       1.7990   386.6
0.0850      -21628.5161  -21630.3793       1.8632   400.4
0.0860      -21628.5163  -21630.3712       1.8550   398.6
0.0870      -21628.5165  -21630.2784       1.7620   378.6
0.0880      -21628.5118  -21630.1051       1.5933   342.4
0.0890      -21628.5037  -21629.9226       1.4188   304.9
0.0900      -21628.5015  -21629.8457       1.3442   288.9
0.0910      -21628.5070  -21629.9062       1.3992   300.7
0.0920      -21628.5119  -21630.0276       1.5157   325.7
0.0930      -21628.5121  -21630.1369       1.6248   349.2
0.0940      -21628.5127  -21630.2234       1.7107   367.6
0.0950      -21628.5133  -21630.2787       1.7655   379.4
0.0960      -21628.5108  -21630.2991       1.7883   384.3
0.0970      -21628.5109  -21630.3150       1.8041   387.7
0.0980      -21628.5135  -21630.3246       1.8111   389.2
0.0990      -21628.5119  -21630.2969       1.7850   383.6
0.1000      -21628.5095  -21630.2513       1.7418   374.3
0.1010      -21628.5110  -21630.2205       1.7096   367.4
0.1020      -21628.5125  -21630.1876       1.6752   360.0
0.1030      -21628.5092  -21630.1377       1.6285   350.0
0.1040      -21628.5072  -21630.1154       1.6082   345.6
0.1050      -21628.5093  -21630.1517       1.6423   352.9
0.1060      -21628.5106  -21630.2231       1.7125   368.0
0.1070      -21628.5119  -21630.3105       1.7986   386.5
0.1080      -21628.5166  -21630.3859       1.8693   401.7
0.1090      -21628.5172  -21630.3806       1.8634   400.4
0.1100      -21628.5119  -21630.2805       1.7686   380.1
0.1110      -21628.5073  -21630.1554       1.6481   354.2
0.1120      -21628.5055  -21630.0755       1.5700   337.4
0.1130      -21628.5050  -21630.0738       1.5688   337.1
0.1140      -21628.5075  -21630.1584       1.6510   354.8
0.1150      -21628.5145  -21630.2874       1.7729   381.0
0.1160      -21628.5172  -21630.3627       1.8455   396.6
0.1170      -21628.5129  -21630.3473       1.8344   394.2
0.1180      -21628.5114  -21630.2977       1.7863   383.9
0.1190      -21628.5123  -21630.2404       1.7280   371.4
0.1200      -21628.5109  -21630.1664       1.6554   355.8
0.1210      -21628.5101  -21630.0897       1.5795   339.4
0.1220      -21628.5109  -21630.0181       1.5072   323.9
0.1230      -21628.5099  -21629.9424       1.4324   307.8
0.1240      -21628.5071  -21629.8782       1.3712   294.7
0.1250      -21628.5080  -21629.8632       1.3552   291.2
0.1260      -21628.5102  -21629.8867       1.3765   295.8
0.1270      -21628.5075  -21629.9247       1.4171   304.5
0.1280      -21628.5057  -21630.0127       1.5070   323.9
0.1290      -21628.5104  -21630.1735       1.6631   357.4
0.1300      -21628.5166  -21630.3373       1.8207   391.3
0.1310      -21628.5190  -21630.4082       1.8891   406.0
0.1320      -21628.5169  -21630.3465       1.8296   393.2
0.1330      -21628.5112  -21630.1871       1.6759   360.2
0.1340      -21628.5048  -21630.0213       1.5165   325.9
0.1350      -21628.5043  -21629.9449       1.4406   309.6
0.1360      -21628.5109  -21629.9646       1.4537   312.4
0.1370      -21628.5137  -21629.9908       1.4772   317.4
0.1380      -21628.5097  -21629.9842       1.4745   316.9
0.1390      -21628.5087  -21629.9950       1.4864   319.4
0.1400      -21628.5111  -21630.0405       1.5294   328.7
0.1410      -21628.5115  -21630.0874       1.5759   338.7
0.1420      -21628.5106  -21630.1244       1.6137   346.8
0.1430      -21628.5095  -21630.1617       1.6521   355.0
0.1440      -21628.5082  -21630.2158       1.7076   367.0
0.1450      -21628.5093  -21630.3046       1.7953   385.8
0.1460      -21628.5166  -21630.4038       1.8872   405.6
0.1470      -21628.5202  -21630.4116       1.8914   406.5
0.1480      -21628.5114  -21630.2872       1.7758   381.6
0.1490      -21628.5031  -21630.1582       1.6550   355.7
0.1500      -21628.5054  -21630.1473       1.6418   352.8
0.1510      -21628.5116  -21630.2273       1.7156   368.7
0.1520      -21628.5166  -21630.2996       1.7830   383.2
0.1530      -21628.5165  -21630.2837       1.7672   379.8
0.1540      -21628.5112  -21630.1758       1.6647   357.7
0.1550      -21628.5050  -21630.0549       1.5499   333.1
0.1560      -21628.5057  -21630.0084       1.5027   322.9
0.1570      -21628.5115  -21630.0277       1.5162   325.8
0.1580      -21628.5114  -21630.0364       1.5250   327.7
0.1590      -21628.5063  -21630.0377       1.5314   329.1
0.1600      -21628.5069  -21630.1013       1.5944   342.6
0.1610      -21628.5122  -21630.2215       1.7093   367.3
0.1620      -21628.5163  -21630.3201       1.8038   387.6
0.1630      -21628.5172  -21630.3308       1.8136   389.7
0.1640      -21628.5128  -21630.2422       1.7294   371.6
0.1650      -21628.5055  -21630.1252       1.6197   348.1
0.1660      -21628.5036  -21630.0900       1.5864   340.9
0.1670      -21628.5130  -21630.1584       1.6454   353.6
0.1680      -21628.5209  -21630.1954       1.6744   359.8
0.1690      -21628.5156  -21630.0890       1.5734   338.1
0.1700      -21628.5064  -21629.9134       1.4070   302.4
0.1710      -21628.5036  -21629.8067       1.3032   280.0
0.1720      -21628.5047  -21629.8223       1.3176   283.1
0.1730      -21628.5101  -21629.9375       1.4274   306.8
0.1740      -21628.5150  -21630.0678       1.5529   333.7
0.1750      -21628.5138  -21630.1391       1.6253   349.3
0.1760      -21628.5097  -21630.1668       1.6571   356.1
0.1770      -21628.5112  -21630.2091       1.6978   364.9
0.1780      -21628.5168  -21630.2467       1.7299   371.7
0.1790      -21628.5141  -21630.2110       1.6969   364.7
0.1800      -21628.5077  -21630.1405       1.6328   350.9
0.1810      -21628.5090  -21630.1230       1.6140   346.8
0.1820      -21628.5123  -21630.1458       1.6336   351.1
0.1830      -21628.5129  -21630.1582       1.6453   353.6
0.1840      -21628.5147  -21630.1363       1.6216   348.5
0.1850      -21628.5130  -21630.0534       1.5404   331.0
0.1860      -21628.5057  -21629.9378       1.4321   307.8
0.1870      -21628.5004  -21629.8988       1.3983   300.5
0.1880      -21628.5072  -21630.0075       1.5004   322.4
0.1890      -21628.5155  -21630.1712       1.6557   355.8
0.1900      -21628.5150  -21630.2695       1.7545   377.0
0.1910      -21628.5124  -21630.3009       1.7885   384.4
0.1920      -21628.5118  -21630.3046       1.7928   385.3
0.1930      -21628.5103  -21630.2964       1.7861   383.8
0.1940      -21628.5113  -21630.2916       1.7803   382.6
0.1950      -21628.5137  -21630.2715       1.7578   377.8
0.1960      -21628.5113  -21630.2055       1.6942   364.1
0.1970      -21628.5059  -21630.1317       1.6258   349.4
0.1980      -21628.5076  -21630.1243       1.6167   347.4
0.1990      -21628.5147  -21630.1568       1.6421   352.9
0.2000      -21628.5143  -21630.1326       1.6183   347.8
0.2010      -21628.5094  -21630.0511       1.5417   331.3
0.2020      -21628.5067  -21629.9822       1.4755   317.1
0.2030      -21628.5048  -21629.9739       1.4691   315.7
0.2040      -21628.5061  -21630.0531       1.5470   332.5
0.2050      -21628.5131  -21630.1917       1.6786   360.7
0.2060      -21628.5182  -21630.2866       1.7684   380.0
0.2070      -21628.5150  -21630.2673       1.7523   376.6
0.2080      -21628.5071  -21630.1862       1.6790   360.8
0.2090      -21628.5065  -21630.1565       1.6500   354.6
0.2100      -21628.5104  -21630.1942       1.6838   361.9
0.2110      -21628.5128  -21630.2422       1.7293   371.6
0.2120      -21628.5153  -21630.2553       1.7400   373.9
0.2130      -21628.5138  -21630.2012       1.6873   362.6
0.2140      -21628.5087  -21630.1070       1.5983   343.5
0.2150      -21628.5093  -21630.0416       1.5323   329.3
0.2160      -21628.5131  -21629.9965       1.4834   318.8
0.2170      -21628.5114  -21629.9203       1.4089   302.8
0.2180      -21628.5049  -21629.8390       1.3341   286.7
0.2190      -21628.5032  -21629.8461       1.3429   288.6
0.2200      -21628.5095  -21629.9651       1.4556   312.8
0.2210      -21628.5144  -21630.1086       1.5942   342.6
0.2220      -21628.5166  -21630.1978       1.6812   361.3
0.2230      -21628.5156  -21630.1992       1.6836   361.8
0.2240      -21628.5091  -21630.1368       1.6277   349.8
0.2250      -21628.5046  -21630.1074       1.6028   344.4
0.2260      -21628.5093  -21630.1739       1.6646   357.7
0.2270      -21628.5172  -21630.2681       1.7509   376.3
0.2280      -21628.5183  -21630.2736       1.7552   377.2
0.2290      -21628.5117  -21630.1706       1.6589   356.5
0.2300      -21628.5077  -21630.0477       1.5400   330.9
0.2310      -21628.5075  -21629.9669       1.4594   313.6
0.2320      -21628.5080  -21629.9337       1.4256   306.4
0.2330      -21628.5103  -21629.9349       1.4246   306.2
0.2340      -21628.5096  -21629.9428       1.4332   308.0
0.2350      -21628.5053  -21629.9742       1.4688   315.7
0.2360      -21628.5070  -21630.0885       1.5815   339.9
0.2370      -21628.5151  -21630.2606       1.7456   375.1
0.2380      -21628.5195  -21630.3735       1.8541   398.4
0.2390      -21628.5142  -21630.3640       1.8498   397.5
0.2400      -21628.5071  -21630.3057       1.7986   386.5
0.2410      -21628.5068  -21630.3008       1.7940   385.5
0.2420      -21628.5105  -21630.3586       1.8481   397.2
0.2430      -21628.5167  -21630.4188       1.9021   408.8
0.2440      -21628.5195  -21630.3869       1.8674   401.3
0.2450      -21628.5123  -21630.2270       1.7147   368.5
0.2460      -21628.5033  -21630.0441       1.5407   331.1
0.2470      -21628.5028  -21629.9698       1.4670   315.3
0.2480      -21628.5090  -21630.0157       1.5068   323.8
0.2490      -21628.5137  -21630.0919       1.5782   339.2
0.2500      -21628.5113  -21630.1298       1.6185   347.8
0.2510      -21628.5091  -21630.1574       1.6483   354.2
0.2520      -21628.5109  -21630.2070       1.6962   364.5
0.2530      -21628.5129  -21630.2566       1.7437   374.7
0.2540      -21628.5141  -21630.2744       1.7603   378.3
0.2550      -21628.5121  -21630.2447       1.7326   372.3
0.2560      -21628.5074  -21630.2017       1.6942   364.1
0.2570      -21628.5075  -21630.2111       1.7036   366.1
0.2580      -21628.5140  -21630.2706       1.7567   377.5
0.2590      -21628.5195  -21630.2853       1.7658   379.5
0.2600      -21628.5161  -21630.1752       1.6592   356.6
0.2610      -21628.5073  -21629.9903       1.4830   318.7
0.2620      -21628.5028  -21629.8580       1.3552   291.2
0.2630      -21628.5034  -21629.8506       1.3472   289.5
0.2640      -21628.5102  -21629.9524       1.4422   309.9
0.2650      -21628.5178  -21630.0584       1.5406   331.1
0.2660      -21628.5161  -21630.0623       1.5463   332.3
0.2670      -21628.5081  -21629.9922       1.4841   318.9
0.2680      -21628.5053  -21629.9665       1.4612   314.0
0.2690      -21628.5101  -21630.0309       1.5208   326.8
0.2700      -21628.5149  -21630.1176       1.6027   344.4
0.2710      -21628.5126  -21630.1569       1.6442   353.3
0.2720      -21628.5084  -21630.1761       1.6677   358.4
0.2730      -21628.5084  -21630.2347       1.7263   371.0
0.2740      -21628.5129  -21630.3324       1.8195   391.0
0.2750      -21628.5192  -21630.3975       1.8782   403.6
0.2760      -21628.5202  -21630.3351       1.8149   390.0
0.2770      -21628.5115  -21630.1377       1.6262   349.5
0.2780      -21628.5011  -21629.9393       1.4382   309.1
0.2790      -21628.5013  -21629.8951       1.3938   299.5
0.2800      -21628.5114  -21630.0036       1.4923   320.7
0.2810      -21628.5177  -21630.1186       1.6010   344.0
0.2820      -21628.5151  -21630.1419       1.6267   349.6
0.2830      -21628.5092  -21630.1058       1.5967   343.1
0.2840      -21628.5038  -21630.1033       1.5995   343.7
0.2850      -21628.5052  -21630.2120       1.7068   366.8
0.2860      -21628.5142  -21630.4053       1.8911   406.4
0.2870      -21628.5208  -21630.5496       2.0288   436.0
0.2880      -21628.5177  -21630.5471       2.0294   436.1
0.2890      -21628.5105  -21630.4413       1.9308   414.9
0.2900      -21628.5100  -21630.3352       1.8252   392.2
0.2910      -21628.5131  -21630.2400       1.7269   371.1
0.2920      -21628.5108  -21630.1142       1.6034   344.6
0.2930      -21628.5062  -21629.9845       1.4783   317.7
0.2940      -21628.5037  -21629.9179       1.4142   303.9
0.2950      -21628.5048  -21629.9539       1.4491   311.4
0.2960      -21628.5114  -21630.0724       1.5610   335.5
0.2970      -21628.5189  -21630.1738       1.6549   355.6
0.2980      -21628.5181  -21630.1517       1.6336   351.1
0.2990      -21628.5080  -21630.0253       1.5172   326.1
0.3000      -21628.5022  -21629.9423       1.4402   309.5
