Time[ps]      Etot[eV]     Epot[eV]     Ekin[eV]    T[K]
0.0000      -12459.7422  -12460.4264       0.6843   294.1
0.0010      -12459.7423  -12460.4882       0.7460   320.6
0.0020      -12459.7524  -12460.6325       0.8801   378.3
0.0030      -12459.7639  -12460.7013       0.9374   402.9
0.0040      -12459.7504  -12460.5613       0.8109   348.5
0.0050      -12459.7348  -12460.4208       0.6860   294.8
0.0060      -12459.7516  -12460.4779       0.7262   312.1
0.0070      -12459.7545  -12460.5283       0.7737   332.5
0.0080      -12459.7519  -12460.4917       0.7399   318.0
0.0090      -12459.7468  -12460.4105       0.6637   285.2
0.0100      -12459.7373  -12460.3761       0.6388   274.6
0.0110      -12459.7494  -12460.5043       0.7549   324.4
0.0120      -12459.7648  -12460.6217       0.8569   368.3
0.0130      -12459.7479  -12460.5282       0.7803   335.4
0.0140      -12459.7381  -12460.4573       0.7192   309.1
0.0150      -12459.7550  -12460.5378       0.7828   336.4
0.0160      -12459.7540  -12460.5543       0.8003   344.0
0.0170      -12459.7497  -12460.4825       0.7328   315.0
0.0180      -12459.7435  -12460.3936       0.6500   279.4
0.0190      -12459.7377  -12460.3922       0.6545   281.3
0.0200      -12459.7533  -12460.5388       0.7855   337.6
0.0210      -12459.7626  -12460.6269       0.8643   371.5
0.0220      -12459.7462  -12460.5342       0.7880   338.7
0.0230      -12459.7395  -12460.4919       0.7524   323.4
0.0240      -12459.7540  -12460.5947       0.8407   361.3
0.0250      -12459.7562  -12460.6460       0.8898   382.4
0.0260      -12459.7502  -12460.5843       0.8341   358.5
0.0270      -12459.7433  -12460.4883       0.7450   320.2
0.0280      -12459.7399  -12460.4661       0.7262   312.1
0.0290      -12459.7521  -12460.5545       0.8024   344.9
0.0300      -12459.7592  -12460.5919       0.8327   357.9
0.0310      -12459.7432  -12460.4941       0.7509   322.7
0.0320      -12459.7442  -12460.4695       0.7253   311.7
0.0330      -12459.7552  -12460.5197       0.7645   328.6
0.0340      -12459.7517  -12460.4972       0.7456   320.4
0.0350      -12459.7468  -12460.4334       0.6866   295.1
0.0360      -12459.7475  -12460.3953       0.6478   278.4
0.0370      -12459.7467  -12460.3883       0.6417   275.8
0.0380      -12459.7532  -12460.4167       0.6636   285.2
0.0390      -12459.7551  -12460.3996       0.6445   277.0
0.0400      -12459.7406  -12460.3407       0.6001   257.9
0.0410      -12459.7504  -12460.4101       0.6596   283.5
0.0420      -12459.7576  -12460.4856       0.7280   312.9
0.0430      -12459.7491  -12460.4513       0.7022   301.8
0.0440      -12459.7434  -12460.4076       0.6642   285.5
0.0450      -12459.7475  -12460.4359       0.6884   295.9
0.0460      -12459.7529  -12460.4870       0.7340   315.5
0.0470      -12459.7541  -12460.4835       0.7294   313.5
0.0480      -12459.7458  -12460.4245       0.6787   291.7
0.0490      -12459.7453  -12460.4305       0.6852   294.5
0.0500      -12459.7567  -12460.5010       0.7443   319.9
0.0510      -12459.7538  -12460.4815       0.7277   312.8
0.0520      -12459.7432  -12460.4024       0.6591   283.3
0.0530      -12459.7425  -12460.4088       0.6663   286.4
0.0540      -12459.7514  -12460.5119       0.7605   326.8
0.0550      -12459.7590  -12460.5773       0.8183   351.7
0.0560      -12459.7502  -12460.5141       0.7639   328.3
0.0570      -12459.7426  -12460.4491       0.7066   303.7
0.0580      -12459.7518  -12460.4935       0.7417   318.8
0.0590      -12459.7566  -12460.5291       0.7724   332.0
0.0600      -12459.7503  -12460.4712       0.7209   309.9
0.0610      -12459.7420  -12460.3996       0.6576   282.6
0.0620      -12459.7429  -12460.4259       0.6830   293.6
0.0630      -12459.7533  -12460.5332       0.7799   335.2
0.0640      -12459.7575  -12460.5764       0.8188   351.9
0.0650      -12459.7491  -12460.5087       0.7596   326.5
0.0660      -12459.7442  -12460.4629       0.7187   308.9
0.0670      -12459.7524  -12460.5144       0.7621   327.5
0.0680      -12459.7587  -12460.5459       0.7872   338.3
0.0690      -12459.7506  -12460.4530       0.7024   301.9
0.0700      -12459.7405  -12460.3408       0.6003   258.0
0.0710      -12459.7414  -12460.3516       0.6102   262.3
0.0720      -12459.7523  -12460.4706       0.7182   308.7
0.0730      -12459.7587  -12460.5461       0.7874   338.4
0.0740      -12459.7513  -12460.4932       0.7419   318.8
0.0750      -12459.7393  -12460.4454       0.7061   303.5
0.0760      -12459.7551  -12460.5506       0.7955   341.9
0.0770      -12459.7627  -12460.5990       0.8363   359.5
0.0780      -12459.7484  -12460.4653       0.7169   308.1
0.0790      -12459.7379  -12460.3361       0.5983   257.1
0.0800      -12459.7425  -12460.3655       0.6231   267.8
0.0810      -12459.7535  -12460.4919       0.7384   317.4
0.0820      -12459.7601  -12460.5551       0.7950   341.7
0.0830      -12459.7473  -12460.4840       0.7367   316.6
0.0840      -12459.7391  -12460.4757       0.7366   316.6
0.0850      -12459.7598  -12460.6232       0.8634   371.1
0.0860      -12459.7581  -12460.6587       0.9005   387.0
0.0870      -12459.7477  -12460.5567       0.8090   347.7
0.0880      -12459.7416  -12460.4652       0.7236   311.0
0.0890      -12459.7426  -12460.4803       0.7378   317.1
0.0900      -12459.7542  -12460.5829       0.8287   356.2
0.0910      -12459.7623  -12460.6071       0.8448   363.1
0.0920      -12459.7413  -12460.4765       0.7352   316.0
0.0930      -12459.7386  -12460.4697       0.7312   314.2
0.0940      -12459.7598  -12460.6239       0.8641   371.4
0.0950      -12459.7601  -12460.6504       0.8904   382.7
0.0960      -12459.7468  -12460.5156       0.7689   330.5
0.0970      -12459.7395  -12460.4035       0.6641   285.4
0.0980      -12459.7447  -12460.4268       0.6821   293.2
0.0990      -12459.7574  -12460.5056       0.7482   321.6
0.1000      -12459.7566  -12460.4677       0.7112   305.7
0.1010      -12459.7417  -12460.3406       0.5989   257.4
0.1020      -12459.7405  -12460.3385       0.5980   257.0
0.1030      -12459.7557  -12460.4745       0.7188   309.0
0.1040      -12459.7595  -12460.5354       0.7759   333.5
0.1050      -12459.7477  -12460.4541       0.7064   303.6
0.1060      -12459.7397  -12460.3943       0.6545   281.3
0.1070      -12459.7489  -12460.4658       0.7169   308.1
0.1080      -12459.7593  -12460.5399       0.7806   335.5
0.1090      -12459.7528  -12460.4812       0.7284   313.1
0.1100      -12459.7442  -12460.3756       0.6313   271.4
0.1110      -12459.7421  -12460.3675       0.6254   268.8
0.1120      -12459.7573  -12460.4662       0.7089   304.7
0.1130      -12459.7565  -12460.4675       0.7110   305.6
0.1140      -12459.7412  -12460.3766       0.6354   273.1
0.1150      -12459.7445  -12460.3861       0.6415   275.7
0.1160      -12459.7544  -12460.4621       0.7078   304.2
0.1170      -12459.7534  -12460.4699       0.7165   308.0
0.1180      -12459.7540  -12460.4085       0.6545   281.3
0.1190      -12459.7457  -12460.2944       0.5487   235.8
0.1200      -12459.7408  -12460.2545       0.5137   220.8
0.1210      -12459.7577  -12460.3325       0.5748   247.0
0.1220      -12459.7535  -12460.3134       0.5599   240.7
0.1230      -12459.7407  -12460.2436       0.5029   216.1
0.1240      -12459.7490  -12460.2821       0.5331   229.1
0.1250      -12459.7496  -12460.3441       0.5945   255.5
0.1260      -12459.7500  -12460.4071       0.6571   282.4
0.1270      -12459.7601  -12460.4478       0.6877   295.6
0.1280      -12459.7457  -12460.3642       0.6185   265.8
0.1290      -12459.7416  -12460.3360       0.5944   255.5
0.1300      -12459.7570  -12460.4146       0.6575   282.6
0.1310      -12459.7531  -12460.4085       0.6554   281.7
0.1320      -12459.7476  -12460.3409       0.5933   255.0
0.1330      -12459.7433  -12460.2977       0.5544   238.3
0.1340      -12459.7412  -12460.3573       0.6161   264.8
0.1350      -12459.7614  -12460.5179       0.7565   325.1
0.1360      -12459.7607  -12460.5225       0.7618   327.4
0.1370      -12459.7386  -12460.3880       0.6494   279.1
0.1380      -12459.7436  -12460.4034       0.6598   283.6
0.1390      -12459.7603  -12460.5100       0.7497   322.2
0.1400      -12459.7565  -12460.4765       0.7200   309.5
0.1410      -12459.7448  -12460.3409       0.5961   256.2
0.1420      -12459.7370  -12460.2875       0.5505   236.6
0.1430      -12459.7503  -12460.4197       0.6694   287.7
0.1440      -12459.7634  -12460.5464       0.7830   336.5
0.1450      -12459.7506  -12460.4837       0.7331   315.1
0.1460      -12459.7373  -12460.4026       0.6653   286.0
0.1470      -12459.7481  -12460.4850       0.7369   316.7
0.1480      -12459.7624  -12460.5847       0.8223   353.4
0.1490      -12459.7582  -12460.4972       0.7390   317.6
0.1500      -12459.7380  -12460.3000       0.5620   241.5
0.1510      -12459.7395  -12460.2778       0.5384   231.4
0.1520      -12459.7599  -12460.4074       0.6475   278.3
0.1530      -12459.7565  -12460.4077       0.6512   279.9
0.1540      -12459.7427  -12460.3020       0.5593   240.4
0.1550      -12459.7380  -12460.2911       0.5531   237.7
0.1560      -12459.7501  -12460.4437       0.6936   298.1
0.1570      -12459.7649  -12460.5808       0.8159   350.7
0.1580      -12459.7557  -12460.4959       0.7402   318.1
0.1590      -12459.7347  -12460.3299       0.5952   255.8
0.1600      -12459.7463  -12460.3605       0.6142   264.0
0.1610      -12459.7579  -12460.4499       0.6921   297.4
0.1620      -12459.7513  -12460.4183       0.6670   286.7
0.1630      -12459.7412  -12460.3481       0.6069   260.8
0.1640      -12459.7382  -12460.3939       0.6557   281.8
0.1650      -12459.7519  -12460.5919       0.8400   361.0
0.1660      -12459.7684  -12460.7405       0.9721   417.8
0.1670      -12459.7529  -12460.6311       0.8782   377.4
0.1680      -12459.7336  -12460.4956       0.7620   327.5
0.1690      -12459.7568  -12460.5792       0.8224   353.5
0.1700      -12459.7599  -12460.5980       0.8381   360.2
0.1710      -12459.7475  -12460.4655       0.7181   308.6
0.1720      -12459.7392  -12460.3516       0.6124   263.2
0.1730      -12459.7393  -12460.3889       0.6495   279.2
0.1740      -12459.7561  -12460.5607       0.8046   345.8
0.1750      -12459.7635  -12460.6298       0.8663   372.4
0.1760      -12459.7394  -12460.5308       0.7914   340.2
0.1770      -12459.7472  -12460.5597       0.8124   349.2
0.1780      -12459.7626  -12460.6330       0.8705   374.1
0.1790      -12459.7526  -12460.5405       0.7879   338.6
0.1800      -12459.7437  -12460.3945       0.6507   279.7
0.1810      -12459.7395  -12460.3393       0.5998   257.8
0.1820      -12459.7472  -12460.4324       0.6852   294.5
0.1830      -12459.7614  -12460.5552       0.7938   341.2
0.1840      -12459.7530  -12460.5265       0.7735   332.4
0.1850      -12459.7348  -12460.4872       0.7525   323.4
0.1860      -12459.7571  -12460.6521       0.8949   384.6
0.1870      -12459.7609  -12460.7473       0.9864   423.9
0.1880      -12459.7498  -12460.6694       0.9197   395.3
0.1890      -12459.7431  -12460.5684       0.8252   354.7
0.1900      -12459.7293  -12460.5375       0.8082   347.3
0.1910      -12459.7391  -12460.5975       0.8585   369.0
0.1920      -12459.7434  -12460.5945       0.8512   365.8
0.1930      -12459.7269  -12460.4991       0.7722   331.9
0.1940      -12459.7317  -12460.5254       0.7937   341.1
0.1950      -12459.7434  -12460.6259       0.8825   379.3
0.1960      -12459.7385  -12460.6366       0.8981   386.0
0.1970      -12459.7335  -12460.5961       0.8627   370.8
0.1980      -12459.7315  -12460.5772       0.8456   363.5
0.1990      -12459.7352  -12460.6042       0.8690   373.5
0.2000      -12459.7403  -12460.6206       0.8803   378.4
0.2010      -12459.7336  -12460.5697       0.8361   359.4
0.2020      -12459.7339  -12460.5385       0.8046   345.8
0.2030      -12459.7370  -12460.5413       0.8043   345.7
0.2040      -12459.7318  -12460.5521       0.8204   352.6
0.2050      -12459.7374  -12460.6143       0.8769   376.9
0.2060      -12459.7375  -12460.6537       0.9163   393.8
0.2070      -12459.7347  -12460.6530       0.9184   394.7
0.2080      -12459.7359  -12460.6460       0.9101   391.2
0.2090      -12459.7336  -12460.6273       0.8937   384.1
0.2100      -12459.7337  -12460.6337       0.9000   386.8
0.2110      -12459.7512  -12460.6379       0.8867   381.1
0.2120      -12459.7316  -12460.4595       0.7279   312.8
0.2130      -12459.7197  -12460.3560       0.6363   273.5
0.2140      -12459.7401  -12460.4844       0.7443   319.9
0.2150      -12459.7414  -12460.5749       0.8335   358.2
0.2160      -12459.7351  -12460.5631       0.8280   355.9
0.2170      -12459.7301  -12460.5345       0.8044   345.7
0.2180      -12459.7281  -12460.5774       0.8493   365.0
0.2190      -12459.7463  -12460.7003       0.9540   410.0
0.2200      -12459.7532  -12460.6607       0.9074   390.0
0.2210      -12459.7210  -12460.4128       0.6918   297.3
0.2220      -12459.7224  -12460.3754       0.6531   280.7
0.2230      -12459.7437  -12460.5471       0.8035   345.3
0.2240      -12459.7428  -12460.6161       0.8732   375.3
0.2250      -12459.7335  -12460.5575       0.8240   354.1
0.2260      -12459.7237  -12460.5162       0.7925   340.6
0.2270      -12459.7300  -12460.6354       0.9055   389.2
0.2280      -12459.7526  -12460.8115       1.0588   455.1
0.2290      -12459.7502  -12460.7390       0.9887   425.0
0.2300      -12459.7193  -12460.4774       0.7580   325.8
0.2310      -12459.7237  -12460.4507       0.7270   312.5
0.2320      -12459.7505  -12460.6060       0.8555   367.7
0.2330      -12459.7424  -12460.5749       0.8324   357.8
0.2340      -12459.7234  -12460.4327       0.7093   304.8
0.2350      -12459.7212  -12460.4565       0.7353   316.0
0.2360      -12459.7406  -12460.6755       0.9349   401.8
0.2370      -12459.7524  -12460.8131       1.0606   455.9
0.2380      -12459.7386  -12460.7104       0.9718   417.7
0.2390      -12459.7229  -12460.5717       0.8489   364.9
0.2400      -12459.7356  -12460.6187       0.8831   379.6
0.2410      -12459.7523  -12460.6737       0.9213   396.0
0.2420      -12459.7349  -12460.5130       0.7781   334.4
0.2430      -12459.7187  -12460.3606       0.6419   275.9
0.2440      -12459.7306  -12460.4412       0.7106   305.4
0.2450      -12459.7446  -12460.5964       0.8519   366.1
0.2460      -12459.7426  -12460.6180       0.8754   376.2
0.2470      -12459.7286  -12460.5451       0.8165   350.9
0.2480      -12459.7294  -12460.5754       0.8460   363.6
0.2490      -12459.7503  -12460.6953       0.9450   406.1
0.2500      -12459.7482  -12460.6247       0.8765   376.7
0.2510      -12459.7205  -12460.4052       0.6847   294.3
0.2520      -12459.7271  -12460.3922       0.6652   285.9
0.2530      -12459.7454  -12460.5100       0.7646   328.6
0.2540      -12459.7413  -12460.4994       0.7581   325.8
0.2550      -12459.7248  -12460.4229       0.6982   300.1
0.2560      -12459.7328  -12460.5074       0.7746   332.9
0.2570      -12459.7463  -12460.6639       0.9176   394.4
0.2580      -12459.7501  -12460.6797       0.9296   399.5
0.2590      -12459.7266  -12460.5298       0.8032   345.2
0.2600      -12459.7283  -12460.5062       0.7779   334.3
0.2610      -12459.7476  -12460.5877       0.8401   361.1
0.2620      -12459.7406  -12460.5134       0.7728   332.2
0.2630      -12459.7223  -12460.3686       0.6463   277.8
0.2640      -12459.7253  -12460.4180       0.6926   297.7
0.2650      -12459.7465  -12460.6213       0.8748   376.0
0.2660      -12459.7501  -12460.6805       0.9304   399.9
0.2670      -12459.7297  -12460.5570       0.8274   355.6
0.2680      -12459.7258  -12460.5391       0.8133   349.6
0.2690      -12459.7475  -12460.6705       0.9229   396.7
0.2700      -12459.7459  -12460.6558       0.9099   391.1
0.2710      -12459.7305  -12460.4835       0.7530   323.6
0.2720      -12459.7197  -12460.3785       0.6588   283.2
0.2730      -12459.7347  -12460.4887       0.7540   324.1
0.2740      -12459.7551  -12460.6010       0.8459   363.6
0.2750      -12459.7328  -12460.4715       0.7388   317.5
0.2760      -12459.7173  -12460.4032       0.6859   294.8
0.2770      -12459.7436  -12460.5966       0.8529   366.6
0.2780      -12459.7522  -12460.6999       0.9478   407.3
0.2790      -12459.7258  -12460.5485       0.8227   353.6
0.2800      -12459.7117  -12460.3754       0.6637   285.2
0.2810      -12459.7128  -12460.3932       0.6804   292.4
0.2820      -12459.7408  -12460.5637       0.8229   353.7
0.2830      -12459.7417  -12460.5132       0.7715   331.6
0.2840      -12459.7021  -12460.2782       0.5761   247.6
0.2850      -12459.7177  -12460.3620       0.6443   276.9
0.2860      -12459.7413  -12460.5833       0.8420   361.9
0.2870      -12459.7303  -12460.5902       0.8599   369.6
0.2880      -12459.7194  -12460.4960       0.7766   333.8
0.2890      -12459.7141  -12460.4733       0.7593   326.3
0.2900      -12459.7241  -12460.5926       0.8685   373.3
0.2910      -12459.7449  -12460.6901       0.9451   406.2
0.2920      -12459.7262  -12460.5177       0.7914   340.2
0.2930      -12459.7027  -12460.3534       0.6507   279.7
0.2940      -12459.7300  -12460.4967       0.7667   329.5
0.2950      -12459.7357  -12460.6165       0.8808   378.5
0.2960      -12459.7260  -12460.5734       0.8474   364.2
0.2970      -12459.7181  -12460.5026       0.7845   337.2
0.2980      -12459.7153  -12460.5395       0.8242   354.3
0.2990      -12459.7329  -12460.7056       0.9727   418.1
0.3000      -12459.7392  -12460.7620       1.0228   439.6
