Loaded properties:
 energy
 forces
 _atomic_numbers
 _positions
 _neighbors
 _cell
 _cell_offset

Forces:
 [[-3.68459525e+00  7.10704389e-02 -3.56010397e-02]
 [ 2.79646005e+00  7.08849595e-01  3.31982408e-01]
 [-3.52858224e-03  1.56857873e-01  6.12755635e-02]
 [ 2.09439508e-01  7.63705113e-01  7.02320021e-01]
 [ 6.57092256e-01 -7.24022704e-01 -7.60780740e-01]
 [ 2.51325353e-02 -9.76460316e-01 -2.99195698e-01]]
Shape:
 (6, 3)
Mean atomization energy / atom:       -600.747437 [eV]
Std. dev. atomization energy / atom:     0.024685 [eV]
Using cuda

Test MAE:
    energy:   0.000139 eV
    forces:   0.001351 eV/Å
==============================================================================
                                JOB STATISTICS                                
==============================================================================

           JobId: 319978
      SubmitTime: 2022-07-08T17:01:30
         EndTime: 2022-07-11T17:01:32
         RunTime: 11:05:25
            TRES: cpu=1,mem=5364M,node=1,gres/gpu=1
       Partition: scavenger
        NodeList: gpu-n18
         Command: /ihome/jkeith/amm503/projects/schnet-training-2022-06/logs-training/mecn/1mecn/schnet/1mecn-niter5.nfeat128.cut5.ngauss50-train1000/submit-train-schnet.slurm

==============================================================================
 For more information use the command:
   - `sacct -M gpu -j 319978 -S 2022-07-08T17:01:30 -E 2022-07-11T17:01:32`

 To control the output of the above command:
   - Add `--format=<field1,field2,etc>` with fields of interest
   - See the list of all possible fields by running: `sacct --helpformat`
==============================================================================
