Time[ps]      Etot[eV]     Epot[eV]     Ekin[eV]    T[K]
0.0000      -12459.7930  -12460.4773       0.6843   294.1
0.0010      -12459.7935  -12460.5468       0.7533   323.8
0.0020      -12459.8057  -12460.7015       0.8958   385.0
0.0030      -12459.8156  -12460.7615       0.9460   406.6
0.0040      -12459.8007  -12460.6081       0.8074   347.0
0.0050      -12459.7851  -12460.4710       0.6858   294.8
0.0060      -12459.8050  -12460.5472       0.7422   319.0
0.0070      -12459.8083  -12460.5918       0.7834   336.7
0.0080      -12459.7986  -12460.5283       0.7297   313.6
0.0090      -12459.7985  -12460.4793       0.6808   292.6
0.0100      -12459.7947  -12460.4746       0.6798   292.2
0.0110      -12459.7986  -12460.5571       0.7585   326.0
0.0120      -12459.8118  -12460.6565       0.8447   363.0
0.0130      -12459.8018  -12460.6077       0.8059   346.4
0.0140      -12459.7912  -12460.5452       0.7540   324.1
0.0150      -12459.8065  -12460.5958       0.7893   339.2
0.0160      -12459.8019  -12460.5847       0.7828   336.5
0.0170      -12459.7972  -12460.5449       0.7477   321.4
0.0180      -12459.8036  -12460.5329       0.7292   313.4
0.0190      -12459.7939  -12460.4890       0.6951   298.7
0.0200      -12459.7925  -12460.5337       0.7412   318.6
0.0210      -12459.8098  -12460.6760       0.8662   372.3
0.0220      -12459.8088  -12460.6957       0.8869   381.2
0.0230      -12459.7947  -12460.6107       0.8160   350.7
0.0240      -12459.7995  -12460.6037       0.8042   345.6
0.0250      -12459.8003  -12460.6422       0.8419   361.9
0.0260      -12459.8055  -12460.6838       0.8783   377.5
0.0270      -12459.8064  -12460.6443       0.8378   360.1
0.0280      -12459.7928  -12460.5155       0.7227   310.6
0.0290      -12459.7880  -12460.4871       0.6990   300.4
0.0300      -12459.8060  -12460.6161       0.8102   348.2
0.0310      -12459.8117  -12460.6676       0.8558   367.8
0.0320      -12459.7982  -12460.5630       0.7648   328.7
0.0330      -12459.7929  -12460.4884       0.6955   298.9
0.0340      -12459.7994  -12460.5374       0.7380   317.2
0.0350      -12459.8108  -12460.6023       0.7915   340.2
0.0360      -12459.8059  -12460.5190       0.7131   306.5
0.0370      -12459.7909  -12460.3551       0.5642   242.5
0.0380      -12459.7871  -12460.3358       0.5487   235.8
0.0390      -12459.8091  -12460.4997       0.6905   296.8
0.0400      -12459.8135  -12460.5540       0.7405   318.3
0.0410      -12459.7928  -12460.4417       0.6490   278.9
0.0420      -12459.7905  -12460.4414       0.6509   279.7
0.0430      -12459.8076  -12460.5899       0.7823   336.2
0.0440      -12459.8108  -12460.6441       0.8333   358.2
0.0450      -12459.8005  -12460.5372       0.7367   316.6
0.0460      -12459.7920  -12460.4153       0.6232   267.9
0.0470      -12459.7900  -12460.4214       0.6314   271.4
0.0480      -12459.8073  -12460.5645       0.7572   325.5
0.0490      -12459.8134  -12460.6109       0.7975   342.8
0.0500      -12459.7941  -12460.4866       0.6926   297.7
0.0510      -12459.7882  -12460.4597       0.6715   288.6
0.0520      -12459.8085  -12460.6016       0.7932   340.9
0.0530      -12459.8076  -12460.6478       0.8402   361.1
0.0540      -12459.8010  -12460.5734       0.7724   332.0
0.0550      -12459.7968  -12460.4775       0.6807   292.5
0.0560      -12459.7902  -12460.4509       0.6606   283.9
0.0570      -12459.8071  -12460.5611       0.7540   324.1
0.0580      -12459.8145  -12460.5891       0.7746   332.9
0.0590      -12459.7910  -12460.4505       0.6595   283.5
0.0600      -12459.7912  -12460.4475       0.6563   282.1
0.0610      -12459.8087  -12460.5825       0.7738   332.6
0.0620      -12459.8042  -12460.6152       0.8109   348.5
0.0630      -12459.8019  -12460.5675       0.7657   329.1
0.0640      -12459.7985  -12460.4889       0.6904   296.7
0.0650      -12459.7894  -12460.4568       0.6674   286.9
0.0660      -12459.8064  -12460.5728       0.7663   329.4
0.0670      -12459.8155  -12460.6138       0.7982   343.1
0.0680      -12459.7908  -12460.4767       0.6858   294.8
0.0690      -12459.7936  -12460.4614       0.6678   287.0
0.0700      -12459.8054  -12460.5522       0.7468   321.0
0.0710      -12459.8013  -12460.5815       0.7802   335.3
0.0720      -12459.8007  -12460.5793       0.7786   334.6
0.0730      -12459.8016  -12460.5633       0.7617   327.4
0.0740      -12459.7928  -12460.5507       0.7579   325.8
0.0750      -12459.8045  -12460.6439       0.8393   360.7
0.0760      -12459.8125  -12460.6939       0.8814   378.8
0.0770      -12459.7976  -12460.5991       0.8015   344.5
0.0780      -12459.7949  -12460.5387       0.7438   319.7
0.0790      -12459.7993  -12460.5559       0.7566   325.2
0.0800      -12459.7995  -12460.5866       0.7871   338.3
0.0810      -12459.8020  -12460.6094       0.8073   347.0
0.0820      -12459.8020  -12460.5937       0.7917   340.3
0.0830      -12459.7951  -12460.5630       0.7679   330.1
0.0840      -12459.8019  -12460.6112       0.8093   347.8
0.0850      -12459.8090  -12460.6590       0.8500   365.3
0.0860      -12459.8048  -12460.6010       0.7961   342.2
0.0870      -12459.7930  -12460.5016       0.7086   304.6
0.0880      -12459.7991  -12460.4995       0.7003   301.0
0.0890      -12459.8016  -12460.5230       0.7214   310.1
0.0900      -12459.7987  -12460.5203       0.7215   310.1
0.0910      -12459.8014  -12460.5209       0.7194   309.2
0.0920      -12459.8004  -12460.5024       0.7021   301.7
0.0930      -12459.7913  -12460.5077       0.7164   307.9
0.0940      -12459.8092  -12460.6264       0.8172   351.2
0.0950      -12459.8118  -12460.6341       0.8224   353.4
0.0960      -12459.7914  -12460.4985       0.7071   303.9
0.0970      -12459.7968  -12460.4682       0.6715   288.6
0.0980      -12459.8014  -12460.4988       0.6974   299.7
0.0990      -12459.7979  -12460.5121       0.7142   307.0
0.1000      -12459.8029  -12460.5357       0.7328   314.9
0.1010      -12459.8022  -12460.5134       0.7112   305.7
0.1020      -12459.7881  -12460.4849       0.6968   299.5
0.1030      -12459.8053  -12460.6113       0.8060   346.4
0.1040      -12459.8150  -12460.6769       0.8619   370.5
0.1050      -12459.7930  -12460.5645       0.7715   331.6
0.1060      -12459.7983  -12460.5308       0.7325   314.8
0.1070      -12459.8029  -12460.5361       0.7332   315.1
0.1080      -12459.7981  -12460.5041       0.7061   303.5
0.1090      -12459.8011  -12460.4788       0.6777   291.3
0.1100      -12459.7965  -12460.4405       0.6441   276.8
0.1110      -12459.7967  -12460.4466       0.6499   279.3
0.1120      -12459.8046  -12460.4979       0.6933   298.0
0.1130      -12459.8062  -12460.4891       0.6828   293.5
0.1140      -12459.7937  -12460.4232       0.6295   270.6
0.1150      -12459.8035  -12460.4410       0.6375   274.0
0.1160      -12459.8034  -12460.4365       0.6331   272.1
0.1170      -12459.7998  -12460.3796       0.5798   249.2
0.1180      -12459.7954  -12460.3167       0.5213   224.1
0.1190      -12459.7920  -12460.3121       0.5201   223.6
0.1200      -12459.7999  -12460.4030       0.6031   259.2
0.1210      -12459.8047  -12460.4875       0.6828   293.5
0.1220      -12459.8024  -12460.5021       0.6996   300.7
0.1230      -12459.7951  -12460.5004       0.7053   303.1
0.1240      -12459.8006  -12460.5842       0.7836   336.8
0.1250      -12459.8097  -12460.6792       0.8694   373.7
0.1260      -12459.8073  -12460.6386       0.8313   357.3
0.1270      -12459.7915  -12460.4968       0.7053   303.1
0.1280      -12459.7907  -12460.4590       0.6683   287.2
0.1290      -12459.8009  -12460.5454       0.7445   320.0
0.1300      -12459.8071  -12460.6093       0.8022   344.8
0.1310      -12459.8015  -12460.5678       0.7662   329.3
0.1320      -12459.7904  -12460.5223       0.7319   314.6
0.1330      -12459.8021  -12460.6192       0.8171   351.2
0.1340      -12459.8134  -12460.7050       0.8917   383.2
0.1350      -12459.8008  -12460.6218       0.8210   352.9
0.1360      -12459.7943  -12460.5145       0.7202   309.5
0.1370      -12459.7962  -12460.4818       0.6856   294.7
0.1380      -12459.7967  -12460.5011       0.7044   302.8
0.1390      -12459.8035  -12460.5488       0.7453   320.3
0.1400      -12459.8064  -12460.5345       0.7282   313.0
0.1410      -12459.7899  -12460.4588       0.6689   287.5
0.1420      -12459.7984  -12460.5340       0.7356   316.2
0.1430      -12459.8127  -12460.6555       0.8428   362.2
0.1440      -12459.8003  -12460.6328       0.8325   357.8
0.1450      -12459.7993  -12460.5899       0.7906   339.8
0.1460      -12459.7976  -12460.5583       0.7607   327.0
0.1470      -12459.7943  -12460.5574       0.7630   328.0
0.1480      -12459.8022  -12460.6196       0.8174   351.3
0.1490      -12459.8078  -12460.6433       0.8355   359.1
0.1500      -12459.7949  -12460.5841       0.7892   339.2
0.1510      -12459.8005  -12460.6005       0.8001   343.9
0.1520      -12459.8001  -12460.6506       0.8506   365.6
0.1530      -12459.8039  -12460.7048       0.9009   387.2
0.1540      -12459.8075  -12460.6969       0.8894   382.3
0.1550      -12459.7951  -12460.5824       0.7873   338.4
0.1560      -12459.7900  -12460.5273       0.7372   316.9
0.1570      -12459.8024  -12460.6024       0.8000   343.8
0.1580      -12459.8097  -12460.6458       0.8361   359.3
0.1590      -12459.8032  -12460.5627       0.7594   326.4
0.1600      -12459.7963  -12460.4474       0.6511   279.8
0.1610      -12459.7921  -12460.4264       0.6343   272.6
0.1620      -12459.8080  -12460.5275       0.7195   309.3
0.1630      -12459.8072  -12460.5346       0.7274   312.6
0.1640      -12459.7931  -12460.4324       0.6393   274.8
0.1650      -12459.7900  -12460.4086       0.6186   265.9
0.1660      -12459.8001  -12460.5125       0.7124   306.2
0.1670      -12459.8112  -12460.6069       0.7957   342.0
0.1680      -12459.8117  -12460.5385       0.7268   312.4
0.1690      -12459.7855  -12460.3554       0.5699   244.9
0.1700      -12459.7934  -12460.4014       0.6080   261.3
0.1710      -12459.8170  -12460.5715       0.7545   324.3
0.1720      -12459.8058  -12460.5275       0.7217   310.2
0.1730      -12459.7883  -12460.3895       0.6012   258.4
0.1740      -12459.7888  -12460.4070       0.6182   265.7
0.1750      -12459.8010  -12460.5867       0.7857   337.7
0.1760      -12459.8166  -12460.7428       0.9262   398.1
0.1770      -12459.8073  -12460.6725       0.8652   371.9
0.1780      -12459.7832  -12460.5386       0.7554   324.7
0.1790      -12459.8020  -12460.6418       0.8398   360.9
0.1800      -12459.8136  -12460.7450       0.9314   400.3
0.1810      -12459.8008  -12460.6583       0.8575   368.6
0.1820      -12459.7895  -12460.5412       0.7517   323.1
0.1830      -12459.7894  -12460.5674       0.7780   334.4
0.1840      -12459.8017  -12460.7430       0.9414   404.6
0.1850      -12459.8185  -12460.8805       1.0619   456.4
0.1860      -12459.7999  -12460.7837       0.9838   422.8
0.1870      -12459.7885  -12460.7068       0.9183   394.7
0.1880      -12459.8069  -12460.8016       0.9947   427.5
0.1890      -12459.8097  -12460.8195       1.0098   434.0
0.1900      -12459.7996  -12460.6895       0.8900   382.5
0.1910      -12459.7901  -12460.5509       0.7608   327.0
0.1920      -12459.7896  -12460.5480       0.7584   326.0
0.1930      -12459.8045  -12460.6784       0.8739   375.6
0.1940      -12459.8098  -12460.7409       0.9311   400.2
0.1950      -12459.7935  -12460.6894       0.8959   385.0
0.1960      -12459.8000  -12460.7246       0.9246   397.4
0.1970      -12459.8046  -12460.7870       0.9824   422.2
0.1980      -12459.8041  -12460.7865       0.9823   422.2
0.1990      -12459.8022  -12460.7135       0.9113   391.7
0.2000      -12459.7929  -12460.6044       0.8115   348.8
0.2010      -12459.7923  -12460.5829       0.7906   339.8
0.2020      -12459.8043  -12460.6527       0.8484   364.6
0.2030      -12459.8005  -12460.6694       0.8689   373.5
0.2040      -12459.7949  -12460.6865       0.8916   383.2
0.2050      -12459.8052  -12460.7699       0.9646   414.6
0.2060      -12459.8026  -12460.7977       0.9951   427.7
0.2070      -12459.8002  -12460.7840       0.9838   422.8
0.2080      -12459.8013  -12460.7583       0.9571   411.3
0.2090      -12459.7983  -12460.7121       0.9138   392.8
0.2100      -12459.7999  -12460.6751       0.8752   376.2
0.2110      -12459.7983  -12460.6340       0.8357   359.2
0.2120      -12459.7935  -12460.6265       0.8330   358.0
0.2130      -12459.8065  -12460.6958       0.8894   382.2
0.2140      -12459.8041  -12460.6907       0.8866   381.1
0.2150      -12459.7967  -12460.6294       0.8327   357.9
0.2160      -12459.7973  -12460.6192       0.8219   353.2
0.2170      -12459.8016  -12460.6541       0.8526   366.4
0.2180      -12459.8039  -12460.6634       0.8596   369.4
0.2190      -12459.8015  -12460.6030       0.8015   344.5
0.2200      -12459.7916  -12460.5161       0.7246   311.4
0.2210      -12459.7935  -12460.5412       0.7477   321.4
0.2220      -12459.8094  -12460.6436       0.8343   358.6
0.2230      -12459.8044  -12460.6262       0.8218   353.2
0.2240      -12459.7947  -12460.5488       0.7541   324.1
0.2250      -12459.7921  -12460.5634       0.7712   331.5
0.2260      -12459.8026  -12460.7010       0.8984   386.1
0.2270      -12459.8123  -12460.8027       0.9904   425.7
0.2280      -12459.8018  -12460.7289       0.9270   398.4
0.2290      -12459.7849  -12460.6338       0.8489   364.9
0.2300      -12459.7990  -12460.7349       0.9359   402.3
0.2310      -12459.8114  -12460.8554       1.0441   448.7
0.2320      -12459.8018  -12460.8178       1.0160   436.7
0.2330      -12459.7954  -12460.7414       0.9460   406.6
0.2340      -12459.7936  -12460.7401       0.9465   406.8
0.2350      -12459.8031  -12460.8345       1.0315   443.3
0.2360      -12459.8128  -12460.8787       1.0659   458.1
0.2370      -12459.7956  -12460.7543       0.9588   412.1
0.2380      -12459.7890  -12460.6830       0.8940   384.2
0.2390      -12459.8016  -12460.7617       0.9601   412.6
0.2400      -12459.8070  -12460.8230       1.0160   436.7
0.2410      -12459.8039  -12460.7788       0.9749   419.0
0.2420      -12459.7968  -12460.6821       0.8853   380.5
0.2430      -12459.7927  -12460.6489       0.8562   368.0
0.2440      -12459.8036  -12460.7326       0.9291   399.3
0.2450      -12459.8103  -12460.7762       0.9659   415.1
0.2460      -12459.7926  -12460.6971       0.9045   388.8
0.2470      -12459.7941  -12460.7011       0.9071   389.9
0.2480      -12459.8004  -12460.7846       0.9842   423.0
0.2490      -12459.8013  -12460.8469       1.0457   449.4
0.2500      -12459.7999  -12460.8665       1.0667   458.4
0.2510      -12459.8001  -12460.8688       1.0687   459.3
0.2520      -12459.8022  -12460.8605       1.0582   454.8
0.2530      -12459.8004  -12460.8319       1.0314   443.3
0.2540      -12459.8000  -12460.8100       1.0100   434.1
0.2550      -12459.8022  -12460.7987       0.9965   428.3
0.2560      -12459.8002  -12460.7603       0.9601   412.7
0.2570      -12459.7940  -12460.7128       0.9188   394.9
0.2580      -12459.7959  -12460.7302       0.9343   401.6
0.2590      -12459.8000  -12460.7914       0.9914   426.1
0.2600      -12459.8072  -12460.8298       1.0226   439.5
0.2610      -12459.8071  -12460.7532       0.9461   406.6
0.2620      -12459.7899  -12460.6037       0.8138   349.8
0.2630      -12459.7956  -12460.6110       0.8154   350.5
0.2640      -12459.8106  -12460.6978       0.8872   381.3
0.2650      -12459.8023  -12460.6445       0.8422   362.0
0.2660      -12459.7913  -12460.5311       0.7398   318.0
0.2670      -12459.7888  -12460.5187       0.7298   313.7
0.2680      -12459.7967  -12460.6520       0.8553   367.6
0.2690      -12459.8164  -12460.8047       0.9883   424.8
0.2700      -12459.8124  -12460.7187       0.9063   389.5
0.2710      -12459.7756  -12460.5095       0.7340   315.5
0.2720      -12459.7980  -12460.6397       0.8417   361.7
0.2730      -12459.8210  -12460.8362       1.0152   436.3
0.2740      -12459.8042  -12460.7447       0.9404   404.2
0.2750      -12459.7875  -12460.5570       0.7695   330.7
0.2760      -12459.7819  -12460.5328       0.7508   322.7
0.2770      -12459.7969  -12460.7500       0.9530   409.6
0.2780      -12459.8229  -12460.9763       1.1534   495.7
0.2790      -12459.8145  -12460.8659       1.0514   451.9
0.2800      -12459.7750  -12460.5894       0.8144   350.0
0.2810      -12459.7936  -12460.6650       0.8715   374.6
0.2820      -12459.8212  -12460.8660       1.0448   449.1
0.2830      -12459.8091  -12460.7798       0.9707   417.2
0.2840      -12459.7871  -12460.5372       0.7500   322.4
0.2850      -12459.7807  -12460.4611       0.6805   292.5
0.2860      -12459.7985  -12460.6457       0.8472   364.1
0.2870      -12459.8170  -12460.8350       1.0180   437.5
0.2880      -12459.8063  -12460.7861       0.9798   421.1
0.2890      -12459.7917  -12460.6567       0.8650   371.8
0.2900      -12459.7932  -12460.6760       0.8828   379.4
0.2910      -12459.8120  -12460.7994       0.9874   424.4
0.2920      -12459.8096  -12460.7657       0.9562   411.0
0.2930      -12459.7907  -12460.5881       0.7974   342.7
0.2940      -12459.7886  -12460.5176       0.7290   313.3
0.2950      -12459.8010  -12460.5903       0.7893   339.2
0.2960      -12459.8022  -12460.6435       0.8413   361.6
0.2970      -12459.7987  -12460.6569       0.8583   368.9
0.2980      -12459.8070  -12460.6713       0.8644   371.5
0.2990      -12459.7983  -12460.6140       0.8157   350.6
0.3000      -12459.7957  -12460.5904       0.7947   341.6
