--------------------------------------------------------------------------
A system call failed during shared memory initialization that should
not have.  It is likely that your MPI job will now either abort or
experience performance degradation.

  Local host:  smp-n204.crc.pitt.edu
  System call: open(2) 
  Error:       Permission denied (errno 13)
--------------------------------------------------------------------------
--------------------------------------------------------------------------
A system call failed during shared memory initialization that should
not have.  It is likely that your MPI job will now either abort or
experience performance degradation.

  Local host:  smp-n204.crc.pitt.edu
  System call: open(2) 
  Error:       Permission denied (errno 13)
--------------------------------------------------------------------------
--------------------------------------------------------------------------
A system call failed during shared memory initialization that should
not have.  It is likely that your MPI job will now either abort or
experience performance degradation.

  Local host:  smp-n204.crc.pitt.edu
  System call: open(2) 
  Error:       Permission denied (errno 13)
--------------------------------------------------------------------------
--------------------------------------------------------------------------
A system call failed during shared memory initialization that should
not have.  It is likely that your MPI job will now either abort or
experience performance degradation.

  Local host:  smp-n204.crc.pitt.edu
  System call: open(2) 
  Error:       Permission denied (errno 13)
--------------------------------------------------------------------------
Step 0/300: E_pot = -12460.47725308 eV  E_kin = 0.68426207 eV (T = 294.09 K)  Etot = -12459.79299101 eV
Step 1/300: E_pot = -12460.54678392 eV  E_kin = 0.75327781 eV (T = 323.76 K)  Etot = -12459.79350612 eV
Step 2/300: E_pot = -12460.70152338 eV  E_kin = 0.89584724 eV (T = 385.03 K)  Etot = -12459.80567614 eV
Step 3/300: E_pot = -12460.76153107 eV  E_kin = 0.94596564 eV (T = 406.57 K)  Etot = -12459.81556542 eV
Step 4/300: E_pot = -12460.60811946 eV  E_kin = 0.80739276 eV (T = 347.02 K)  Etot = -12459.80072671 eV
Step 5/300: E_pot = -12460.47096766 eV  E_kin = 0.68584979 eV (T = 294.78 K)  Etot = -12459.78511787 eV
Step 6/300: E_pot = -12460.54721374 eV  E_kin = 0.74219588 eV (T = 318.99 K)  Etot = -12459.80501786 eV
Step 7/300: E_pot = -12460.59176175 eV  E_kin = 0.78344545 eV (T = 336.72 K)  Etot = -12459.80831630 eV
Step 8/300: E_pot = -12460.52833510 eV  E_kin = 0.72969497 eV (T = 313.62 K)  Etot = -12459.79864013 eV
Step 9/300: E_pot = -12460.47931175 eV  E_kin = 0.68077279 eV (T = 292.59 K)  Etot = -12459.79853896 eV
Step 10/300: E_pot = -12460.47456292 eV  E_kin = 0.67982393 eV (T = 292.19 K)  Etot = -12459.79473899 eV
Step 11/300: E_pot = -12460.55708854 eV  E_kin = 0.75852164 eV (T = 326.01 K)  Etot = -12459.79856690 eV
Step 12/300: E_pot = -12460.65646435 eV  E_kin = 0.84465836 eV (T = 363.03 K)  Etot = -12459.81180599 eV
Step 13/300: E_pot = -12460.60766351 eV  E_kin = 0.80588479 eV (T = 346.37 K)  Etot = -12459.80177872 eV
Step 14/300: E_pot = -12460.54520740 eV  E_kin = 0.75403479 eV (T = 324.08 K)  Etot = -12459.79117261 eV
Step 15/300: E_pot = -12460.59575417 eV  E_kin = 0.78926557 eV (T = 339.22 K)  Etot = -12459.80648860 eV
Step 16/300: E_pot = -12460.58472839 eV  E_kin = 0.78281499 eV (T = 336.45 K)  Etot = -12459.80191339 eV
Step 17/300: E_pot = -12460.54489509 eV  E_kin = 0.74772386 eV (T = 321.37 K)  Etot = -12459.79717123 eV
Step 18/300: E_pot = -12460.53286381 eV  E_kin = 0.72923936 eV (T = 313.42 K)  Etot = -12459.80362444 eV
Step 19/300: E_pot = -12460.48900652 eV  E_kin = 0.69507405 eV (T = 298.74 K)  Etot = -12459.79393247 eV
Step 20/300: E_pot = -12460.53374736 eV  E_kin = 0.74123175 eV (T = 318.58 K)  Etot = -12459.79251561 eV
Step 21/300: E_pot = -12460.67598647 eV  E_kin = 0.86621070 eV (T = 372.29 K)  Etot = -12459.80977577 eV
Step 22/300: E_pot = -12460.69570397 eV  E_kin = 0.88692876 eV (T = 381.20 K)  Etot = -12459.80877520 eV
Step 23/300: E_pot = -12460.61069422 eV  E_kin = 0.81597119 eV (T = 350.70 K)  Etot = -12459.79472302 eV
Step 24/300: E_pot = -12460.60369119 eV  E_kin = 0.80419852 eV (T = 345.64 K)  Etot = -12459.79949267 eV
Step 25/300: E_pot = -12460.64219005 eV  E_kin = 0.84193062 eV (T = 361.86 K)  Etot = -12459.80025942 eV
Step 26/300: E_pot = -12460.68376059 eV  E_kin = 0.87826532 eV (T = 377.48 K)  Etot = -12459.80549526 eV
Step 27/300: E_pot = -12460.64429609 eV  E_kin = 0.83784967 eV (T = 360.11 K)  Etot = -12459.80644641 eV
Step 28/300: E_pot = -12460.51551874 eV  E_kin = 0.72268169 eV (T = 310.61 K)  Etot = -12459.79283705 eV
Step 29/300: E_pot = -12460.48705141 eV  E_kin = 0.69902093 eV (T = 300.44 K)  Etot = -12459.78803049 eV
Step 30/300: E_pot = -12460.61612841 eV  E_kin = 0.81017152 eV (T = 348.21 K)  Etot = -12459.80595690 eV
Step 31/300: E_pot = -12460.66757846 eV  E_kin = 0.85583867 eV (T = 367.84 K)  Etot = -12459.81173979 eV
Step 32/300: E_pot = -12460.56303211 eV  E_kin = 0.76481944 eV (T = 328.72 K)  Etot = -12459.79821268 eV
Step 33/300: E_pot = -12460.48835472 eV  E_kin = 0.69549773 eV (T = 298.92 K)  Etot = -12459.79285699 eV
Step 34/300: E_pot = -12460.53735351 eV  E_kin = 0.73796154 eV (T = 317.17 K)  Etot = -12459.79939197 eV
Step 35/300: E_pot = -12460.60227673 eV  E_kin = 0.79148106 eV (T = 340.18 K)  Etot = -12459.81079567 eV
Step 36/300: E_pot = -12460.51902397 eV  E_kin = 0.71313865 eV (T = 306.50 K)  Etot = -12459.80588532 eV
Step 37/300: E_pot = -12460.35514540 eV  E_kin = 0.56420214 eV (T = 242.49 K)  Etot = -12459.79094325 eV
Step 38/300: E_pot = -12460.33584082 eV  E_kin = 0.54873270 eV (T = 235.84 K)  Etot = -12459.78710812 eV
Step 39/300: E_pot = -12460.49966478 eV  E_kin = 0.69051702 eV (T = 296.78 K)  Etot = -12459.80914776 eV
Step 40/300: E_pot = -12460.55395498 eV  E_kin = 0.74049403 eV (T = 318.26 K)  Etot = -12459.81346096 eV
Step 41/300: E_pot = -12460.44174723 eV  E_kin = 0.64899030 eV (T = 278.93 K)  Etot = -12459.79275693 eV
Step 42/300: E_pot = -12460.44140306 eV  E_kin = 0.65087984 eV (T = 279.75 K)  Etot = -12459.79052322 eV
Step 43/300: E_pot = -12460.58991365 eV  E_kin = 0.78227247 eV (T = 336.22 K)  Etot = -12459.80764118 eV
Step 44/300: E_pot = -12460.64414147 eV  E_kin = 0.83332538 eV (T = 358.16 K)  Etot = -12459.81081609 eV
Step 45/300: E_pot = -12460.53715907 eV  E_kin = 0.73666232 eV (T = 316.62 K)  Etot = -12459.80049675 eV
Step 46/300: E_pot = -12460.41526279 eV  E_kin = 0.62323369 eV (T = 267.86 K)  Etot = -12459.79202909 eV
Step 47/300: E_pot = -12460.42142526 eV  E_kin = 0.63140083 eV (T = 271.37 K)  Etot = -12459.79002443 eV
Step 48/300: E_pot = -12460.56454647 eV  E_kin = 0.75723481 eV (T = 325.46 K)  Etot = -12459.80731166 eV
Step 49/300: E_pot = -12460.61088047 eV  E_kin = 0.79751963 eV (T = 342.77 K)  Etot = -12459.81336083 eV
Step 50/300: E_pot = -12460.48664287 eV  E_kin = 0.69256222 eV (T = 297.66 K)  Etot = -12459.79408064 eV
Step 51/300: E_pot = -12460.45967495 eV  E_kin = 0.67147591 eV (T = 288.60 K)  Etot = -12459.78819904 eV
Step 52/300: E_pot = -12460.60164256 eV  E_kin = 0.79317151 eV (T = 340.90 K)  Etot = -12459.80847105 eV
Step 53/300: E_pot = -12460.64781319 eV  E_kin = 0.84024833 eV (T = 361.14 K)  Etot = -12459.80756486 eV
Step 54/300: E_pot = -12460.57335512 eV  E_kin = 0.77238894 eV (T = 331.97 K)  Etot = -12459.80096618 eV
Step 55/300: E_pot = -12460.47748265 eV  E_kin = 0.68066583 eV (T = 292.55 K)  Etot = -12459.79681682 eV
Step 56/300: E_pot = -12460.45087673 eV  E_kin = 0.66064976 eV (T = 283.95 K)  Etot = -12459.79022697 eV
Step 57/300: E_pot = -12460.56112195 eV  E_kin = 0.75401945 eV (T = 324.08 K)  Etot = -12459.80710250 eV
Step 58/300: E_pot = -12460.58909565 eV  E_kin = 0.77458032 eV (T = 332.91 K)  Etot = -12459.81451533 eV
Step 59/300: E_pot = -12460.45053287 eV  E_kin = 0.65950164 eV (T = 283.45 K)  Etot = -12459.79103123 eV
Step 60/300: E_pot = -12460.44748031 eV  E_kin = 0.65629929 eV (T = 282.08 K)  Etot = -12459.79118102 eV
Step 61/300: E_pot = -12460.58250415 eV  E_kin = 0.77379802 eV (T = 332.58 K)  Etot = -12459.80870614 eV
Step 62/300: E_pot = -12460.61516865 eV  E_kin = 0.81093315 eV (T = 348.54 K)  Etot = -12459.80423550 eV
Step 63/300: E_pot = -12460.56752593 eV  E_kin = 0.76566117 eV (T = 329.08 K)  Etot = -12459.80186476 eV
Step 64/300: E_pot = -12460.48887252 eV  E_kin = 0.69040122 eV (T = 296.73 K)  Etot = -12459.79847130 eV
Step 65/300: E_pot = -12460.45676770 eV  E_kin = 0.66740926 eV (T = 286.85 K)  Etot = -12459.78935845 eV
Step 66/300: E_pot = -12460.57276224 eV  E_kin = 0.76634012 eV (T = 329.37 K)  Etot = -12459.80642212 eV
Step 67/300: E_pot = -12460.61375916 eV  E_kin = 0.79821165 eV (T = 343.07 K)  Etot = -12459.81554751 eV
Step 68/300: E_pot = -12460.47668502 eV  E_kin = 0.68584157 eV (T = 294.77 K)  Etot = -12459.79084345 eV
Step 69/300: E_pot = -12460.46136675 eV  E_kin = 0.66781011 eV (T = 287.02 K)  Etot = -12459.79355664 eV
Step 70/300: E_pot = -12460.55221381 eV  E_kin = 0.74684413 eV (T = 320.99 K)  Etot = -12459.80536968 eV
Step 71/300: E_pot = -12460.58148093 eV  E_kin = 0.78018922 eV (T = 335.32 K)  Etot = -12459.80129171 eV
Step 72/300: E_pot = -12460.57928827 eV  E_kin = 0.77862055 eV (T = 334.65 K)  Etot = -12459.80066772 eV
Step 73/300: E_pot = -12460.56333688 eV  E_kin = 0.76173669 eV (T = 327.39 K)  Etot = -12459.80160019 eV
Step 74/300: E_pot = -12460.55068026 eV  E_kin = 0.75791707 eV (T = 325.75 K)  Etot = -12459.79276319 eV
Step 75/300: E_pot = -12460.64387837 eV  E_kin = 0.83933684 eV (T = 360.74 K)  Etot = -12459.80454153 eV
Step 76/300: E_pot = -12460.69388973 eV  E_kin = 0.88142223 eV (T = 378.83 K)  Etot = -12459.81246750 eV
Step 77/300: E_pot = -12460.59912878 eV  E_kin = 0.80149003 eV (T = 344.48 K)  Etot = -12459.79763875 eV
Step 78/300: E_pot = -12460.53873808 eV  E_kin = 0.74381330 eV (T = 319.69 K)  Etot = -12459.79492478 eV
Step 79/300: E_pot = -12460.55587603 eV  E_kin = 0.75659259 eV (T = 325.18 K)  Etot = -12459.79928344 eV
Step 80/300: E_pot = -12460.58658426 eV  E_kin = 0.78710223 eV (T = 338.29 K)  Etot = -12459.79948203 eV
Step 81/300: E_pot = -12460.60936565 eV  E_kin = 0.80733774 eV (T = 346.99 K)  Etot = -12459.80202791 eV
Step 82/300: E_pot = -12460.59370819 eV  E_kin = 0.79166775 eV (T = 340.26 K)  Etot = -12459.80204044 eV
Step 83/300: E_pot = -12460.56301049 eV  E_kin = 0.76792341 eV (T = 330.05 K)  Etot = -12459.79508708 eV
Step 84/300: E_pot = -12460.61118035 eV  E_kin = 0.80926739 eV (T = 347.82 K)  Etot = -12459.80191296 eV
Step 85/300: E_pot = -12460.65899646 eV  E_kin = 0.85001532 eV (T = 365.33 K)  Etot = -12459.80898114 eV
Step 86/300: E_pot = -12460.60095950 eV  E_kin = 0.79613667 eV (T = 342.18 K)  Etot = -12459.80482283 eV
Step 87/300: E_pot = -12460.50160230 eV  E_kin = 0.70861202 eV (T = 304.56 K)  Etot = -12459.79299029 eV
Step 88/300: E_pot = -12460.49945316 eV  E_kin = 0.70031730 eV (T = 300.99 K)  Etot = -12459.79913586 eV
Step 89/300: E_pot = -12460.52299552 eV  E_kin = 0.72141909 eV (T = 310.06 K)  Etot = -12459.80157643 eV
Step 90/300: E_pot = -12460.52026830 eV  E_kin = 0.72152282 eV (T = 310.11 K)  Etot = -12459.79874548 eV
Step 91/300: E_pot = -12460.52087453 eV  E_kin = 0.71943658 eV (T = 309.21 K)  Etot = -12459.80143795 eV
Step 92/300: E_pot = -12460.50244987 eV  E_kin = 0.70205347 eV (T = 301.74 K)  Etot = -12459.80039640 eV
Step 93/300: E_pot = -12460.50771909 eV  E_kin = 0.71637421 eV (T = 307.90 K)  Etot = -12459.79134488 eV
Step 94/300: E_pot = -12460.62642379 eV  E_kin = 0.81723766 eV (T = 351.25 K)  Etot = -12459.80918613 eV
Step 95/300: E_pot = -12460.63411952 eV  E_kin = 0.82235055 eV (T = 353.44 K)  Etot = -12459.81176897 eV
Step 96/300: E_pot = -12460.49847646 eV  E_kin = 0.70706224 eV (T = 303.89 K)  Etot = -12459.79141422 eV
Step 97/300: E_pot = -12460.46824713 eV  E_kin = 0.67146864 eV (T = 288.60 K)  Etot = -12459.79677848 eV
Step 98/300: E_pot = -12460.49881213 eV  E_kin = 0.69736243 eV (T = 299.72 K)  Etot = -12459.80144970 eV
Step 99/300: E_pot = -12460.51209254 eV  E_kin = 0.71418410 eV (T = 306.95 K)  Etot = -12459.79790843 eV
Step 100/300: E_pot = -12460.53568378 eV  E_kin = 0.73275894 eV (T = 314.94 K)  Etot = -12459.80292484 eV
Step 101/300: E_pot = -12460.51337365 eV  E_kin = 0.71116520 eV (T = 305.66 K)  Etot = -12459.80220845 eV
Step 102/300: E_pot = -12460.48488697 eV  E_kin = 0.69682997 eV (T = 299.50 K)  Etot = -12459.78805700 eV
Step 103/300: E_pot = -12460.61133102 eV  E_kin = 0.80602712 eV (T = 346.43 K)  Etot = -12459.80530390 eV
Step 104/300: E_pot = -12460.67688988 eV  E_kin = 0.86193708 eV (T = 370.46 K)  Etot = -12459.81495279 eV
Step 105/300: E_pot = -12460.56451989 eV  E_kin = 0.77149827 eV (T = 331.59 K)  Etot = -12459.79302162 eV
Step 106/300: E_pot = -12460.53079456 eV  E_kin = 0.73247243 eV (T = 314.81 K)  Etot = -12459.79832213 eV
Step 107/300: E_pot = -12460.53607982 eV  E_kin = 0.73317762 eV (T = 315.12 K)  Etot = -12459.80290220 eV
Step 108/300: E_pot = -12460.50413796 eV  E_kin = 0.70608576 eV (T = 303.47 K)  Etot = -12459.79805220 eV
Step 109/300: E_pot = -12460.47877182 eV  E_kin = 0.67768649 eV (T = 291.27 K)  Etot = -12459.80108533 eV
Step 110/300: E_pot = -12460.44054743 eV  E_kin = 0.64408715 eV (T = 276.83 K)  Etot = -12459.79646028 eV
Step 111/300: E_pot = -12460.44660013 eV  E_kin = 0.64990630 eV (T = 279.33 K)  Etot = -12459.79669382 eV
Step 112/300: E_pot = -12460.49791119 eV  E_kin = 0.69331831 eV (T = 297.99 K)  Etot = -12459.80459288 eV
Step 113/300: E_pot = -12460.48905874 eV  E_kin = 0.68283022 eV (T = 293.48 K)  Etot = -12459.80622852 eV
Step 114/300: E_pot = -12460.42321955 eV  E_kin = 0.62954649 eV (T = 270.58 K)  Etot = -12459.79367306 eV
Step 115/300: E_pot = -12460.44103997 eV  E_kin = 0.63752623 eV (T = 274.01 K)  Etot = -12459.80351374 eV
Step 116/300: E_pot = -12460.43650216 eV  E_kin = 0.63313880 eV (T = 272.12 K)  Etot = -12459.80336335 eV
Step 117/300: E_pot = -12460.37957588 eV  E_kin = 0.57978569 eV (T = 249.19 K)  Etot = -12459.79979019 eV
Step 118/300: E_pot = -12460.31669918 eV  E_kin = 0.52133166 eV (T = 224.07 K)  Etot = -12459.79536751 eV
Step 119/300: E_pot = -12460.31210251 eV  E_kin = 0.52013028 eV (T = 223.55 K)  Etot = -12459.79197223 eV
Step 120/300: E_pot = -12460.40300441 eV  E_kin = 0.60309245 eV (T = 259.21 K)  Etot = -12459.79991195 eV
Step 121/300: E_pot = -12460.48752295 eV  E_kin = 0.68279151 eV (T = 293.46 K)  Etot = -12459.80473144 eV
Step 122/300: E_pot = -12460.50205171 eV  E_kin = 0.69962477 eV (T = 300.70 K)  Etot = -12459.80242695 eV
Step 123/300: E_pot = -12460.50039823 eV  E_kin = 0.70529854 eV (T = 303.14 K)  Etot = -12459.79509969 eV
Step 124/300: E_pot = -12460.58416553 eV  E_kin = 0.78357966 eV (T = 336.78 K)  Etot = -12459.80058587 eV
Step 125/300: E_pot = -12460.67916452 eV  E_kin = 0.86944916 eV (T = 373.69 K)  Etot = -12459.80971536 eV
Step 126/300: E_pot = -12460.63860440 eV  E_kin = 0.83134337 eV (T = 357.31 K)  Etot = -12459.80726103 eV
Step 127/300: E_pot = -12460.49675441 eV  E_kin = 0.70525802 eV (T = 303.12 K)  Etot = -12459.79149639 eV
Step 128/300: E_pot = -12460.45895164 eV  E_kin = 0.66829907 eV (T = 287.23 K)  Etot = -12459.79065257 eV
Step 129/300: E_pot = -12460.54539737 eV  E_kin = 0.74454399 eV (T = 320.00 K)  Etot = -12459.80085338 eV
Step 130/300: E_pot = -12460.60929789 eV  E_kin = 0.80221845 eV (T = 344.79 K)  Etot = -12459.80707944 eV
Step 131/300: E_pot = -12460.56776897 eV  E_kin = 0.76623752 eV (T = 329.33 K)  Etot = -12459.80153145 eV
Step 132/300: E_pot = -12460.52231204 eV  E_kin = 0.73187092 eV (T = 314.56 K)  Etot = -12459.79044112 eV
Step 133/300: E_pot = -12460.61920165 eV  E_kin = 0.81705565 eV (T = 351.17 K)  Etot = -12459.80214600 eV
Step 134/300: E_pot = -12460.70503875 eV  E_kin = 0.89166091 eV (T = 383.23 K)  Etot = -12459.81337784 eV
Step 135/300: E_pot = -12460.62179471 eV  E_kin = 0.82100274 eV (T = 352.86 K)  Etot = -12459.80079197 eV
Step 136/300: E_pot = -12460.51447375 eV  E_kin = 0.72018607 eV (T = 309.53 K)  Etot = -12459.79428768 eV
Step 137/300: E_pot = -12460.48179901 eV  E_kin = 0.68560533 eV (T = 294.67 K)  Etot = -12459.79619368 eV
Step 138/300: E_pot = -12460.50110485 eV  E_kin = 0.70443299 eV (T = 302.76 K)  Etot = -12459.79667185 eV
Step 139/300: E_pot = -12460.54882099 eV  E_kin = 0.74527902 eV (T = 320.32 K)  Etot = -12459.80354196 eV
Step 140/300: E_pot = -12460.53453735 eV  E_kin = 0.72818381 eV (T = 312.97 K)  Etot = -12459.80635354 eV
Step 141/300: E_pot = -12460.45880879 eV  E_kin = 0.66888913 eV (T = 287.49 K)  Etot = -12459.78991965 eV
Step 142/300: E_pot = -12460.53401783 eV  E_kin = 0.73564194 eV (T = 316.18 K)  Etot = -12459.79837589 eV
Step 143/300: E_pot = -12460.65550708 eV  E_kin = 0.84280052 eV (T = 362.23 K)  Etot = -12459.81270656 eV
Step 144/300: E_pot = -12460.63282914 eV  E_kin = 0.83254636 eV (T = 357.83 K)  Etot = -12459.80028278 eV
Step 145/300: E_pot = -12460.58985706 eV  E_kin = 0.79060462 eV (T = 339.80 K)  Etot = -12459.79925244 eV
Step 146/300: E_pot = -12460.55833800 eV  E_kin = 0.76072983 eV (T = 326.96 K)  Etot = -12459.79760818 eV
Step 147/300: E_pot = -12460.55739662 eV  E_kin = 0.76304764 eV (T = 327.96 K)  Etot = -12459.79434898 eV
Step 148/300: E_pot = -12460.61956024 eV  E_kin = 0.81739617 eV (T = 351.31 K)  Etot = -12459.80216407 eV
Step 149/300: E_pot = -12460.64325098 eV  E_kin = 0.83546261 eV (T = 359.08 K)  Etot = -12459.80778837 eV
Step 150/300: E_pot = -12460.58408876 eV  E_kin = 0.78921298 eV (T = 339.20 K)  Etot = -12459.79487578 eV
Step 151/300: E_pot = -12460.60053202 eV  E_kin = 0.80005134 eV (T = 343.86 K)  Etot = -12459.80048068 eV
Step 152/300: E_pot = -12460.65061995 eV  E_kin = 0.85056792 eV (T = 365.57 K)  Etot = -12459.80005203 eV
Step 153/300: E_pot = -12460.70482479 eV  E_kin = 0.90093017 eV (T = 387.22 K)  Etot = -12459.80389462 eV
Step 154/300: E_pot = -12460.69690522 eV  E_kin = 0.88939142 eV (T = 382.26 K)  Etot = -12459.80751380 eV
Step 155/300: E_pot = -12460.58237577 eV  E_kin = 0.78729331 eV (T = 338.38 K)  Etot = -12459.79508246 eV
Step 156/300: E_pot = -12460.52726988 eV  E_kin = 0.73723127 eV (T = 316.86 K)  Etot = -12459.79003861 eV
Step 157/300: E_pot = -12460.60237597 eV  E_kin = 0.79998803 eV (T = 343.83 K)  Etot = -12459.80238794 eV
Step 158/300: E_pot = -12460.64578262 eV  E_kin = 0.83607726 eV (T = 359.34 K)  Etot = -12459.80970536 eV
Step 159/300: E_pot = -12460.56268208 eV  E_kin = 0.75944608 eV (T = 326.41 K)  Etot = -12459.80323600 eV
Step 160/300: E_pot = -12460.44741946 eV  E_kin = 0.65110118 eV (T = 279.84 K)  Etot = -12459.79631828 eV
Step 161/300: E_pot = -12460.42641063 eV  E_kin = 0.63433307 eV (T = 272.63 K)  Etot = -12459.79207756 eV
Step 162/300: E_pot = -12460.52747699 eV  E_kin = 0.71952586 eV (T = 309.25 K)  Etot = -12459.80795113 eV
Step 163/300: E_pot = -12460.53460052 eV  E_kin = 0.72737977 eV (T = 312.63 K)  Etot = -12459.80722076 eV
Step 164/300: E_pot = -12460.43238067 eV  E_kin = 0.63928017 eV (T = 274.76 K)  Etot = -12459.79310050 eV
Step 165/300: E_pot = -12460.40861632 eV  E_kin = 0.61857440 eV (T = 265.86 K)  Etot = -12459.79004192 eV
Step 166/300: E_pot = -12460.51251636 eV  E_kin = 0.71241866 eV (T = 306.20 K)  Etot = -12459.80009770 eV
Step 167/300: E_pot = -12460.60686791 eV  E_kin = 0.79567890 eV (T = 341.98 K)  Etot = -12459.81118901 eV
Step 168/300: E_pot = -12460.53849524 eV  E_kin = 0.72680914 eV (T = 312.38 K)  Etot = -12459.81168611 eV
Step 169/300: E_pot = -12460.35538599 eV  E_kin = 0.56988232 eV (T = 244.93 K)  Etot = -12459.78550368 eV
Step 170/300: E_pot = -12460.40135126 eV  E_kin = 0.60800040 eV (T = 261.32 K)  Etot = -12459.79335085 eV
Step 171/300: E_pot = -12460.57147437 eV  E_kin = 0.75450817 eV (T = 324.29 K)  Etot = -12459.81696620 eV
Step 172/300: E_pot = -12460.52748750 eV  E_kin = 0.72171866 eV (T = 310.19 K)  Etot = -12459.80576884 eV
Step 173/300: E_pot = -12460.38947303 eV  E_kin = 0.60118821 eV (T = 258.39 K)  Etot = -12459.78828482 eV
Step 174/300: E_pot = -12460.40697695 eV  E_kin = 0.61817641 eV (T = 265.69 K)  Etot = -12459.78880055 eV
Step 175/300: E_pot = -12460.58668026 eV  E_kin = 0.78572297 eV (T = 337.70 K)  Etot = -12459.80095729 eV
Step 176/300: E_pot = -12460.74277036 eV  E_kin = 0.92621801 eV (T = 398.09 K)  Etot = -12459.81655234 eV
Step 177/300: E_pot = -12460.67247664 eV  E_kin = 0.86517644 eV (T = 371.85 K)  Etot = -12459.80730020 eV
Step 178/300: E_pot = -12460.53863023 eV  E_kin = 0.75543374 eV (T = 324.68 K)  Etot = -12459.78319649 eV
Step 179/300: E_pot = -12460.64180488 eV  E_kin = 0.83976009 eV (T = 360.93 K)  Etot = -12459.80204480 eV
Step 180/300: E_pot = -12460.74498846 eV  E_kin = 0.93143408 eV (T = 400.33 K)  Etot = -12459.81355437 eV
Step 181/300: E_pot = -12460.65830320 eV  E_kin = 0.85752571 eV (T = 368.56 K)  Etot = -12459.80077750 eV
Step 182/300: E_pot = -12460.54121575 eV  E_kin = 0.75173749 eV (T = 323.09 K)  Etot = -12459.78947826 eV
Step 183/300: E_pot = -12460.56740335 eV  E_kin = 0.77800039 eV (T = 334.38 K)  Etot = -12459.78940296 eV
Step 184/300: E_pot = -12460.74304738 eV  E_kin = 0.94139163 eV (T = 404.61 K)  Etot = -12459.80165575 eV
Step 185/300: E_pot = -12460.88046510 eV  E_kin = 1.06193109 eV (T = 456.41 K)  Etot = -12459.81853401 eV
Step 186/300: E_pot = -12460.78368758 eV  E_kin = 0.98379970 eV (T = 422.83 K)  Etot = -12459.79988789 eV
Step 187/300: E_pot = -12460.70677362 eV  E_kin = 0.91828848 eV (T = 394.68 K)  Etot = -12459.78848514 eV
Step 188/300: E_pot = -12460.80156608 eV  E_kin = 0.99469553 eV (T = 427.52 K)  Etot = -12459.80687056 eV
Step 189/300: E_pot = -12460.81948248 eV  E_kin = 1.00980643 eV (T = 434.01 K)  Etot = -12459.80967606 eV
Step 190/300: E_pot = -12460.68953322 eV  E_kin = 0.88995909 eV (T = 382.50 K)  Etot = -12459.79957413 eV
Step 191/300: E_pot = -12460.55089428 eV  E_kin = 0.76077258 eV (T = 326.98 K)  Etot = -12459.79012170 eV
Step 192/300: E_pot = -12460.54801227 eV  E_kin = 0.75839682 eV (T = 325.96 K)  Etot = -12459.78961545 eV
Step 193/300: E_pot = -12460.67839027 eV  E_kin = 0.87387728 eV (T = 375.59 K)  Etot = -12459.80451298 eV
Step 194/300: E_pot = -12460.74087904 eV  E_kin = 0.93110668 eV (T = 400.19 K)  Etot = -12459.80977236 eV
Step 195/300: E_pot = -12460.68943426 eV  E_kin = 0.89588601 eV (T = 385.05 K)  Etot = -12459.79354826 eV
Step 196/300: E_pot = -12460.72461402 eV  E_kin = 0.92462649 eV (T = 397.40 K)  Etot = -12459.79998752 eV
Step 197/300: E_pot = -12460.78700565 eV  E_kin = 0.98237875 eV (T = 422.22 K)  Etot = -12459.80462690 eV
Step 198/300: E_pot = -12460.78647141 eV  E_kin = 0.98232885 eV (T = 422.20 K)  Etot = -12459.80414256 eV
Step 199/300: E_pot = -12460.71346455 eV  E_kin = 0.91131388 eV (T = 391.68 K)  Etot = -12459.80215067 eV
Step 200/300: E_pot = -12460.60441374 eV  E_kin = 0.81146638 eV (T = 348.77 K)  Etot = -12459.79294735 eV
Step 201/300: E_pot = -12460.58288058 eV  E_kin = 0.79061083 eV (T = 339.80 K)  Etot = -12459.79226975 eV
Step 202/300: E_pot = -12460.65267927 eV  E_kin = 0.84838011 eV (T = 364.63 K)  Etot = -12459.80429916 eV
Step 203/300: E_pot = -12460.66938470 eV  E_kin = 0.86890962 eV (T = 373.45 K)  Etot = -12459.80047509 eV
Step 204/300: E_pot = -12460.68654701 eV  E_kin = 0.89164441 eV (T = 383.23 K)  Etot = -12459.79490260 eV
Step 205/300: E_pot = -12460.76987763 eV  E_kin = 0.96464032 eV (T = 414.60 K)  Etot = -12459.80523731 eV
Step 206/300: E_pot = -12460.79767895 eV  E_kin = 0.99512557 eV (T = 427.70 K)  Etot = -12459.80255338 eV
Step 207/300: E_pot = -12460.78398699 eV  E_kin = 0.98375234 eV (T = 422.81 K)  Etot = -12459.80023465 eV
Step 208/300: E_pot = -12460.75834716 eV  E_kin = 0.95706303 eV (T = 411.34 K)  Etot = -12459.80128414 eV
Step 209/300: E_pot = -12460.71209225 eV  E_kin = 0.91383959 eV (T = 392.77 K)  Etot = -12459.79825265 eV
Step 210/300: E_pot = -12460.67514198 eV  E_kin = 0.87519503 eV (T = 376.16 K)  Etot = -12459.79994696 eV
Step 211/300: E_pot = -12460.63396736 eV  E_kin = 0.83568058 eV (T = 359.17 K)  Etot = -12459.79828678 eV
Step 212/300: E_pot = -12460.62654663 eV  E_kin = 0.83302454 eV (T = 358.03 K)  Etot = -12459.79352208 eV
Step 213/300: E_pot = -12460.69581145 eV  E_kin = 0.88935273 eV (T = 382.24 K)  Etot = -12459.80645872 eV
Step 214/300: E_pot = -12460.69070208 eV  E_kin = 0.88660305 eV (T = 381.06 K)  Etot = -12459.80409903 eV
Step 215/300: E_pot = -12460.62938433 eV  E_kin = 0.83267178 eV (T = 357.88 K)  Etot = -12459.79671255 eV
Step 216/300: E_pot = -12460.61919057 eV  E_kin = 0.82188292 eV (T = 353.24 K)  Etot = -12459.79730765 eV
Step 217/300: E_pot = -12460.65414677 eV  E_kin = 0.85255472 eV (T = 366.43 K)  Etot = -12459.80159205 eV
Step 218/300: E_pot = -12460.66342981 eV  E_kin = 0.85956650 eV (T = 369.44 K)  Etot = -12459.80386331 eV
Step 219/300: E_pot = -12460.60303896 eV  E_kin = 0.80153653 eV (T = 344.50 K)  Etot = -12459.80150243 eV
Step 220/300: E_pot = -12460.51614938 eV  E_kin = 0.72457820 eV (T = 311.42 K)  Etot = -12459.79157118 eV
Step 221/300: E_pot = -12460.54123296 eV  E_kin = 0.74774531 eV (T = 321.38 K)  Etot = -12459.79348765 eV
Step 222/300: E_pot = -12460.64364479 eV  E_kin = 0.83426454 eV (T = 358.56 K)  Etot = -12459.80938025 eV
Step 223/300: E_pot = -12460.62616408 eV  E_kin = 0.82179136 eV (T = 353.20 K)  Etot = -12459.80437273 eV
Step 224/300: E_pot = -12460.54881529 eV  E_kin = 0.75410976 eV (T = 324.11 K)  Etot = -12459.79470553 eV
Step 225/300: E_pot = -12460.56337965 eV  E_kin = 0.77124435 eV (T = 331.48 K)  Etot = -12459.79213530 eV
Step 226/300: E_pot = -12460.70097041 eV  E_kin = 0.89838690 eV (T = 386.12 K)  Etot = -12459.80258351 eV
Step 227/300: E_pot = -12460.80268766 eV  E_kin = 0.99039437 eV (T = 425.67 K)  Etot = -12459.81229329 eV
Step 228/300: E_pot = -12460.72887890 eV  E_kin = 0.92703872 eV (T = 398.44 K)  Etot = -12459.80184017 eV
Step 229/300: E_pot = -12460.63377445 eV  E_kin = 0.84889267 eV (T = 364.85 K)  Etot = -12459.78488178 eV
Step 230/300: E_pot = -12460.73489258 eV  E_kin = 0.93592291 eV (T = 402.26 K)  Etot = -12459.79896967 eV
Step 231/300: E_pot = -12460.85544846 eV  E_kin = 1.04409103 eV (T = 448.75 K)  Etot = -12459.81135743 eV
Step 232/300: E_pot = -12460.81778757 eV  E_kin = 1.01596009 eV (T = 436.66 K)  Etot = -12459.80182748 eV
Step 233/300: E_pot = -12460.74140275 eV  E_kin = 0.94598307 eV (T = 406.58 K)  Etot = -12459.79541968 eV
Step 234/300: E_pot = -12460.74011569 eV  E_kin = 0.94648676 eV (T = 406.80 K)  Etot = -12459.79362893 eV
Step 235/300: E_pot = -12460.83451655 eV  E_kin = 1.03145611 eV (T = 443.32 K)  Etot = -12459.80306044 eV
Step 236/300: E_pot = -12460.87873878 eV  E_kin = 1.06593026 eV (T = 458.13 K)  Etot = -12459.81280852 eV
Step 237/300: E_pot = -12460.75434168 eV  E_kin = 0.95877120 eV (T = 412.08 K)  Etot = -12459.79557049 eV
Step 238/300: E_pot = -12460.68296282 eV  E_kin = 0.89397951 eV (T = 384.23 K)  Etot = -12459.78898331 eV
Step 239/300: E_pot = -12460.76173455 eV  E_kin = 0.96009877 eV (T = 412.65 K)  Etot = -12459.80163579 eV
Step 240/300: E_pot = -12460.82304572 eV  E_kin = 1.01602365 eV (T = 436.68 K)  Etot = -12459.80702207 eV
Step 241/300: E_pot = -12460.77882804 eV  E_kin = 0.97490943 eV (T = 419.01 K)  Etot = -12459.80391861 eV
Step 242/300: E_pot = -12460.68206659 eV  E_kin = 0.88531355 eV (T = 380.51 K)  Etot = -12459.79675304 eV
Step 243/300: E_pot = -12460.64890113 eV  E_kin = 0.85624658 eV (T = 368.01 K)  Etot = -12459.79265455 eV
Step 244/300: E_pot = -12460.73264632 eV  E_kin = 0.92909314 eV (T = 399.32 K)  Etot = -12459.80355318 eV
Step 245/300: E_pot = -12460.77618439 eV  E_kin = 0.96586375 eV (T = 415.13 K)  Etot = -12459.81032064 eV
Step 246/300: E_pot = -12460.69710143 eV  E_kin = 0.90454811 eV (T = 388.77 K)  Etot = -12459.79255333 eV
Step 247/300: E_pot = -12460.70111649 eV  E_kin = 0.90705677 eV (T = 389.85 K)  Etot = -12459.79405972 eV
Step 248/300: E_pot = -12460.78459288 eV  E_kin = 0.98423124 eV (T = 423.02 K)  Etot = -12459.80036165 eV
Step 249/300: E_pot = -12460.84693844 eV  E_kin = 1.04566156 eV (T = 449.42 K)  Etot = -12459.80127688 eV
Step 250/300: E_pot = -12460.86654812 eV  E_kin = 1.06666480 eV (T = 458.45 K)  Etot = -12459.79988332 eV
Step 251/300: E_pot = -12460.86881802 eV  E_kin = 1.06870458 eV (T = 459.33 K)  Etot = -12459.80011345 eV
Step 252/300: E_pot = -12460.86045929 eV  E_kin = 1.05821319 eV (T = 454.82 K)  Etot = -12459.80224610 eV
Step 253/300: E_pot = -12460.83188362 eV  E_kin = 1.03144105 eV (T = 443.31 K)  Etot = -12459.80044257 eV
Step 254/300: E_pot = -12460.81003921 eV  E_kin = 1.01001958 eV (T = 434.10 K)  Etot = -12459.80001963 eV
Step 255/300: E_pot = -12460.79865244 eV  E_kin = 0.99645574 eV (T = 428.27 K)  Etot = -12459.80219670 eV
Step 256/300: E_pot = -12460.76027584 eV  E_kin = 0.96010625 eV (T = 412.65 K)  Etot = -12459.80016958 eV
Step 257/300: E_pot = -12460.71277933 eV  E_kin = 0.91879603 eV (T = 394.90 K)  Etot = -12459.79398330 eV
Step 258/300: E_pot = -12460.73018230 eV  E_kin = 0.93430954 eV (T = 401.56 K)  Etot = -12459.79587276 eV
Step 259/300: E_pot = -12460.79135213 eV  E_kin = 0.99136080 eV (T = 426.08 K)  Etot = -12459.79999133 eV
Step 260/300: E_pot = -12460.82979358 eV  E_kin = 1.02262705 eV (T = 439.52 K)  Etot = -12459.80716653 eV
Step 261/300: E_pot = -12460.75317359 eV  E_kin = 0.94605931 eV (T = 406.61 K)  Etot = -12459.80711428 eV
Step 262/300: E_pot = -12460.60372547 eV  E_kin = 0.81379100 eV (T = 349.77 K)  Etot = -12459.78993447 eV
Step 263/300: E_pot = -12460.61103031 eV  E_kin = 0.81544459 eV (T = 350.48 K)  Etot = -12459.79558573 eV
Step 264/300: E_pot = -12460.69777024 eV  E_kin = 0.88718132 eV (T = 381.31 K)  Etot = -12459.81058891 eV
Step 265/300: E_pot = -12460.64453673 eV  E_kin = 0.84223361 eV (T = 361.99 K)  Etot = -12459.80230313 eV
Step 266/300: E_pot = -12460.53114632 eV  E_kin = 0.73981205 eV (T = 317.97 K)  Etot = -12459.79133427 eV
Step 267/300: E_pot = -12460.51865313 eV  E_kin = 0.72981434 eV (T = 313.67 K)  Etot = -12459.78883879 eV
Step 268/300: E_pot = -12460.65200398 eV  E_kin = 0.85534800 eV (T = 367.63 K)  Etot = -12459.79665598 eV
Step 269/300: E_pot = -12460.80471726 eV  E_kin = 0.98829949 eV (T = 424.77 K)  Etot = -12459.81641777 eV
Step 270/300: E_pot = -12460.71868363 eV  E_kin = 0.90632654 eV (T = 389.54 K)  Etot = -12459.81235708 eV
Step 271/300: E_pot = -12460.50951758 eV  E_kin = 0.73395506 eV (T = 315.45 K)  Etot = -12459.77556253 eV
Step 272/300: E_pot = -12460.63972313 eV  E_kin = 0.84167396 eV (T = 361.75 K)  Etot = -12459.79804917 eV
Step 273/300: E_pot = -12460.83616149 eV  E_kin = 1.01520744 eV (T = 436.33 K)  Etot = -12459.82095406 eV
Step 274/300: E_pot = -12460.74466318 eV  E_kin = 0.94043937 eV (T = 404.20 K)  Etot = -12459.80422381 eV
Step 275/300: E_pot = -12460.55702485 eV  E_kin = 0.76950970 eV (T = 330.73 K)  Etot = -12459.78751515 eV
Step 276/300: E_pot = -12460.53276842 eV  E_kin = 0.75084077 eV (T = 322.71 K)  Etot = -12459.78192765 eV
Step 277/300: E_pot = -12460.74995868 eV  E_kin = 0.95303132 eV (T = 409.61 K)  Etot = -12459.79692735 eV
Step 278/300: E_pot = -12460.97631575 eV  E_kin = 1.15341380 eV (T = 495.73 K)  Etot = -12459.82290194 eV
Step 279/300: E_pot = -12460.86586656 eV  E_kin = 1.05140130 eV (T = 451.89 K)  Etot = -12459.81446527 eV
Step 280/300: E_pot = -12460.58935942 eV  E_kin = 0.81436202 eV (T = 350.01 K)  Etot = -12459.77499740 eV
Step 281/300: E_pot = -12460.66503182 eV  E_kin = 0.87147729 eV (T = 374.56 K)  Etot = -12459.79355453 eV
Step 282/300: E_pot = -12460.86603118 eV  E_kin = 1.04481765 eV (T = 449.06 K)  Etot = -12459.82121353 eV
Step 283/300: E_pot = -12460.77984405 eV  E_kin = 0.97070307 eV (T = 417.21 K)  Etot = -12459.80914098 eV
Step 284/300: E_pot = -12460.53715283 eV  E_kin = 0.75001841 eV (T = 322.36 K)  Etot = -12459.78713442 eV
Step 285/300: E_pot = -12460.46111815 eV  E_kin = 0.68045735 eV (T = 292.46 K)  Etot = -12459.78066080 eV
Step 286/300: E_pot = -12460.64570787 eV  E_kin = 0.84718455 eV (T = 364.12 K)  Etot = -12459.79852332 eV
Step 287/300: E_pot = -12460.83502819 eV  E_kin = 1.01801920 eV (T = 437.54 K)  Etot = -12459.81700899 eV
Step 288/300: E_pot = -12460.78609936 eV  E_kin = 0.97979204 eV (T = 421.11 K)  Etot = -12459.80630732 eV
Step 289/300: E_pot = -12460.65671509 eV  E_kin = 0.86504537 eV (T = 371.79 K)  Etot = -12459.79166973 eV
Step 290/300: E_pot = -12460.67602414 eV  E_kin = 0.88281265 eV (T = 379.43 K)  Etot = -12459.79321149 eV
Step 291/300: E_pot = -12460.79943567 eV  E_kin = 0.98740594 eV (T = 424.38 K)  Etot = -12459.81202973 eV
Step 292/300: E_pot = -12460.76570885 eV  E_kin = 0.95615529 eV (T = 410.95 K)  Etot = -12459.80955356 eV
Step 293/300: E_pot = -12460.58812151 eV  E_kin = 0.79742875 eV (T = 342.73 K)  Etot = -12459.79069277 eV
Step 294/300: E_pot = -12460.51757237 eV  E_kin = 0.72899224 eV (T = 313.32 K)  Etot = -12459.78858013 eV
Step 295/300: E_pot = -12460.59028393 eV  E_kin = 0.78932117 eV (T = 339.25 K)  Etot = -12459.80096276 eV
Step 296/300: E_pot = -12460.64352693 eV  E_kin = 0.84132001 eV (T = 361.60 K)  Etot = -12459.80220692 eV
Step 297/300: E_pot = -12460.65694410 eV  E_kin = 0.85827451 eV (T = 368.88 K)  Etot = -12459.79866959 eV
Step 298/300: E_pot = -12460.67133100 eV  E_kin = 0.86436529 eV (T = 371.50 K)  Etot = -12459.80696571 eV
Step 299/300: E_pot = -12460.61401650 eV  E_kin = 0.81573293 eV (T = 350.60 K)  Etot = -12459.79828357 eV
Step 300/300: E_pot = -12460.59042318 eV  E_kin = 0.79474190 eV (T = 341.58 K)  Etot = -12459.79568128 eV
============================================================================
                               JOB STATISTICS                              
============================================================================
      SubmitTime: 2021-08-30T22:09:02
         EndTime: 2021-08-31T22:09:05
         RunTime: 02:15:17
           JobId: 4184019
            TRES: cpu=24,mem=96432M,node=1,billing=19
       Partition: smp
        NodeList: smp-n204
         Command: /ihome/jkeith/amm503/projects/mbgdml/ase.md/orca/h2o/6h2o.temelso.etal.pr.md.gfn2.300k/submit-ase.md.orca.slurm
          StdOut: /ihome/jkeith/amm503/projects/mbgdml/ase.md/orca/h2o/6h2o.temelso.etal.pr.md.gfn2.300k/6h2o.temelso.etal.pr.md.gfn2.300k.step10000-ase.md-orca.mp2.def2tzvp.300k.out
More information:
    - `sacct -M smp -j 4184019 -S 2021-08-30T22:09:02 -E 2021-08-31T22:09:05`
   Print control:
    - List of all possible fields: `sacct --helpformat`
    - Add `--format=<field1,field2,etc>` with fields of interest
============================================================================
