Time[ps]      Etot[eV]     Epot[eV]     Ekin[eV]    T[K]
0.0000      -18857.4337  -18859.2541       1.8205   391.2
0.0010      -18857.4252  -18859.2762       1.8510   397.8
0.0020      -18857.4371  -18859.3649       1.9278   414.3
0.0030      -18857.4364  -18859.3839       1.9475   418.5
0.0040      -18857.4323  -18859.3180       1.8857   405.2
0.0050      -18857.4342  -18859.2173       1.7831   383.2
0.0060      -18857.4284  -18859.0719       1.6435   353.2
0.0070      -18857.4267  -18858.9551       1.5284   328.4
0.0080      -18857.4305  -18858.8948       1.4642   314.7
0.0090      -18857.4259  -18858.8569       1.4310   307.5
0.0100      -18857.4233  -18858.9112       1.4879   319.8
0.0110      -18857.4369  -18859.0754       1.6385   352.1
0.0120      -18857.4309  -18859.1854       1.7545   377.0
0.0130      -18857.4271  -18859.2939       1.8668   401.2
0.0140      -18857.4355  -18859.4431       2.0076   431.4
0.0150      -18857.4349  -18859.5244       2.0895   449.0
0.0160      -18857.4340  -18859.5258       2.0918   449.5
0.0170      -18857.4362  -18859.4581       2.0219   434.5
0.0180      -18857.4313  -18859.3089       1.8776   403.5
0.0190      -18857.4275  -18859.1610       1.7336   372.5
0.0200      -18857.4347  -18859.0658       1.6311   350.5
0.0210      -18857.4287  -18858.9492       1.5205   326.7
0.0220      -18857.4199  -18858.8912       1.4712   316.2
0.0230      -18857.4268  -18859.0011       1.5743   338.3
0.0240      -18857.4347  -18859.1797       1.7450   375.0
0.0250      -18857.4329  -18859.3015       1.8687   401.6
0.0260      -18857.4320  -18859.3731       1.9411   417.1
0.0270      -18857.4291  -18859.4221       1.9930   428.3
0.0280      -18857.4320  -18859.5000       2.0680   444.4
0.0290      -18857.4475  -18859.5485       2.1009   451.5
0.0300      -18857.4374  -18859.3861       1.9486   418.8
0.0310      -18857.4211  -18859.1461       1.7250   370.7
0.0320      -18857.4209  -18859.0599       1.6389   352.2
0.0330      -18857.4273  -18859.1413       1.7140   368.3
0.0340      -18857.4372  -18859.2700       1.8328   393.9
0.0350      -18857.4395  -18859.2926       1.8531   398.2
0.0360      -18857.4239  -18859.1931       1.7692   380.2
0.0370      -18857.4183  -18859.1943       1.7760   381.7
0.0380      -18857.4383  -18859.3645       1.9263   414.0
0.0390      -18857.4458  -18859.4372       1.9913   427.9
0.0400      -18857.4357  -18859.2910       1.8553   398.7
0.0410      -18857.4218  -18859.0753       1.6536   355.4
0.0420      -18857.4194  -18858.9959       1.5765   338.8
0.0430      -18857.4280  -18859.0890       1.6611   357.0
0.0440      -18857.4381  -18859.2209       1.7828   383.1
0.0450      -18857.4316  -18859.2537       1.8221   391.6
0.0460      -18857.4260  -18859.2721       1.8461   396.7
0.0470      -18857.4343  -18859.3449       1.9106   410.6
0.0480      -18857.4315  -18859.3722       1.9408   417.1
0.0490      -18857.4293  -18859.3801       1.9508   419.2
0.0500      -18857.4369  -18859.3951       1.9581   420.8
0.0510      -18857.4399  -18859.3156       1.8757   403.1
0.0520      -18857.4299  -18859.1063       1.6765   360.3
0.0530      -18857.4221  -18858.9041       1.4819   318.5
0.0540      -18857.4151  -18858.8503       1.4352   308.4
0.0550      -18857.4281  -18859.0279       1.5999   343.8
0.0560      -18857.4413  -18859.2492       1.8079   388.5
0.0570      -18857.4344  -18859.3150       1.8806   404.1
0.0580      -18857.4225  -18859.3192       1.8967   407.6
0.0590      -18857.4222  -18859.4449       2.0227   434.7
0.0600      -18857.4369  -18859.7022       2.2653   486.8
0.0610      -18857.4540  -18859.8652       2.4111   518.2
0.0620      -18857.4456  -18859.6933       2.2477   483.0
0.0630      -18857.4166  -18859.3176       1.9010   408.5
0.0640      -18857.4138  -18859.1396       1.7259   370.9
0.0650      -18857.4331  -18859.2117       1.7786   382.2
0.0660      -18857.4416  -18859.2618       1.8201   391.1
0.0670      -18857.4314  -18859.1556       1.7242   370.5
0.0680      -18857.4147  -18859.0496       1.6349   351.3
0.0690      -18857.4195  -18859.1815       1.7620   378.7
0.0700      -18857.4369  -18859.4939       2.0570   442.0
0.0710      -18857.4517  -18859.7235       2.2718   488.2
0.0720      -18857.4459  -18859.6562       2.2103   475.0
0.0730      -18857.4223  -18859.3998       1.9776   425.0
0.0740      -18857.4229  -18859.2721       1.8491   397.4
0.0750      -18857.4350  -18859.2782       1.8432   396.1
0.0760      -18857.4376  -18859.2371       1.7995   386.7
0.0770      -18857.4256  -18859.1116       1.6860   362.3
0.0780      -18857.4229  -18859.0589       1.6360   351.6
0.0790      -18857.4278  -18859.1313       1.7035   366.1
0.0800      -18857.4349  -18859.2518       1.8169   390.5
0.0810      -18857.4292  -18859.3355       1.9063   409.7
0.0820      -18857.4321  -18859.4530       2.0209   434.3
0.0830      -18857.4470  -18859.5534       2.1064   452.7
0.0840      -18857.4384  -18859.4422       2.0038   430.6
0.0850      -18857.4241  -18859.2219       1.7979   386.4
0.0860      -18857.4172  -18859.1085       1.6912   363.4
0.0870      -18857.4292  -18859.1927       1.7635   379.0
0.0880      -18857.4412  -18859.3024       1.8612   400.0
0.0890      -18857.4346  -18859.2609       1.8263   392.5
0.0900      -18857.4187  -18859.1623       1.7435   374.7
0.0910      -18857.4143  -18859.2537       1.8394   395.3
0.0920      -18857.4406  -18859.5760       2.1354   458.9
0.0930      -18857.4588  -18859.7537       2.2949   493.2
0.0940      -18857.4423  -18859.5246       2.0824   447.5
0.0950      -18857.4106  -18859.1384       1.7279   371.3
0.0960      -18857.4145  -18859.0365       1.6221   348.6
0.0970      -18857.4380  -18859.1762       1.7382   373.5
0.0980      -18857.4454  -18859.2141       1.7687   380.1
0.0990      -18857.4299  -18859.0281       1.5982   343.4
0.1000      -18857.4036  -18858.8636       1.4600   313.8
0.1010      -18857.4180  -18859.0729       1.6549   355.6
0.1020      -18857.4489  -18859.4575       2.0087   431.7
0.1030      -18857.4498  -18859.5736       2.1238   456.4
0.1040      -18857.4291  -18859.3987       1.9696   423.3
0.1050      -18857.4222  -18859.2303       1.8080   388.5
0.1060      -18857.4295  -18859.1860       1.7565   377.5
0.1070      -18857.4376  -18859.1574       1.7199   369.6
0.1080      -18857.4349  -18859.0215       1.5866   341.0
0.1090      -18857.4188  -18858.8330       1.4141   303.9
0.1100      -18857.4223  -18858.8046       1.3823   297.0
0.1110      -18857.4328  -18858.9039       1.4711   316.1
0.1120      -18857.4303  -18858.9841       1.5538   333.9
0.1130      -18857.4212  -18859.0843       1.6631   357.4
0.1140      -18857.4378  -18859.3019       1.8641   400.6
0.1150      -18857.4499  -18859.4152       1.9653   422.3
0.1160      -18857.4352  -18859.2550       1.8198   391.1
0.1170      -18857.4221  -18859.0156       1.5935   342.4
0.1180      -18857.4175  -18858.9163       1.4988   322.1
0.1190      -18857.4356  -18859.0042       1.5686   337.1
0.1200      -18857.4462  -18859.0224       1.5762   338.7
0.1210      -18857.4252  -18858.8264       1.4012   301.1
0.1220      -18857.4052  -18858.7156       1.3105   281.6
0.1230      -18857.4231  -18858.9663       1.5433   331.6
0.1240      -18857.4461  -18859.3398       1.8937   407.0
0.1250      -18857.4514  -18859.4824       2.0310   436.5
0.1260      -18857.4349  -18859.3161       1.8811   404.3
0.1270      -18857.4101  -18859.1106       1.7005   365.4
0.1280      -18857.4297  -18859.1894       1.7597   378.1
0.1290      -18857.4530  -18859.2910       1.8380   395.0
0.1300      -18857.4362  -18859.0828       1.6466   353.9
0.1310      -18857.4085  -18858.7989       1.3904   298.8
0.1320      -18857.4180  -18858.8183       1.4003   300.9
0.1330      -18857.4361  -18859.0374       1.6013   344.1
0.1340      -18857.4384  -18859.1921       1.7537   376.9
0.1350      -18857.4340  -18859.2370       1.8030   387.5
0.1360      -18857.4282  -18859.2497       1.8215   391.4
0.1370      -18857.4325  -18859.3166       1.8840   404.9
0.1380      -18857.4431  -18859.3689       1.9258   413.9
0.1390      -18857.4374  -18859.2574       1.8201   391.1
0.1400      -18857.4229  -18859.0658       1.6429   353.1
0.1410      -18857.4269  -18858.9825       1.5556   334.3
0.1420      -18857.4305  -18858.9695       1.5390   330.7
0.1430      -18857.4289  -18858.9674       1.5386   330.6
0.1440      -18857.4303  -18858.9941       1.5638   336.1
0.1450      -18857.4230  -18859.0690       1.6460   353.7
0.1460      -18857.4353  -18859.2781       1.8428   396.0
0.1470      -18857.4542  -18859.4395       1.9854   426.7
0.1480      -18857.4333  -18859.3178       1.8845   405.0
0.1490      -18857.4184  -18859.1762       1.7578   377.8
0.1500      -18857.4351  -18859.2153       1.7802   382.6
0.1510      -18857.4409  -18859.2185       1.7776   382.0
0.1520      -18857.4295  -18859.0812       1.6516   354.9
0.1530      -18857.4191  -18858.9610       1.5419   331.3
0.1540      -18857.4197  -18859.0243       1.6046   344.8
0.1550      -18857.4377  -18859.2595       1.8219   391.5
0.1560      -18857.4447  -18859.4258       1.9811   425.7
0.1570      -18857.4313  -18859.4214       1.9901   427.7
0.1580      -18857.4264  -18859.4271       2.0007   429.9
0.1590      -18857.4383  -18859.5099       2.0716   445.2
0.1600      -18857.4428  -18859.5013       2.0585   442.4
0.1610      -18857.4359  -18859.3122       1.8764   403.2
0.1620      -18857.4251  -18859.0398       1.6147   347.0
0.1630      -18857.4150  -18858.8567       1.4417   309.8
0.1640      -18857.4230  -18858.9056       1.4826   318.6
0.1650      -18857.4430  -18859.0648       1.6219   348.5
0.1660      -18857.4351  -18859.0753       1.6402   352.5
0.1670      -18857.4158  -18859.0537       1.6379   352.0
0.1680      -18857.4264  -18859.2570       1.8307   393.4
0.1690      -18857.4443  -18859.5479       2.1036   452.1
0.1700      -18857.4464  -18859.6575       2.2112   475.2
0.1710      -18857.4389  -18859.5363       2.0975   450.7
0.1720      -18857.4271  -18859.3007       1.8735   402.6
0.1730      -18857.4256  -18859.1200       1.6944   364.1
0.1740      -18857.4296  -18859.0258       1.5961   343.0
0.1750      -18857.4285  -18858.9679       1.5395   330.8
0.1760      -18857.4301  -18858.9553       1.5252   327.8
0.1770      -18857.4334  -18858.9597       1.5263   328.0
0.1780      -18857.4219  -18858.9697       1.5478   332.6
0.1790      -18857.4235  -18859.1305       1.7070   366.8
0.1800      -18857.4427  -18859.4128       1.9701   423.4
0.1810      -18857.4460  -18859.5599       2.1139   454.3
0.1820      -18857.4378  -18859.5019       2.0641   443.6
0.1830      -18857.4326  -18859.3490       1.9164   411.8
0.1840      -18857.4252  -18859.1904       1.7652   379.3
0.1850      -18857.4197  -18859.1398       1.7201   369.6
0.1860      -18857.4361  -18859.2444       1.8083   388.6
0.1870      -18857.4453  -18859.2853       1.8400   395.4
0.1880      -18857.4289  -18859.1365       1.7076   367.0
0.1890      -18857.4132  -18859.0451       1.6319   350.7
0.1900      -18857.4295  -18859.2315       1.8020   387.3
0.1910      -18857.4474  -18859.4936       2.0462   439.7
0.1920      -18857.4508  -18859.5508       2.0999   451.3
0.1930      -18857.4351  -18859.3396       1.9045   409.3
0.1940      -18857.4173  -18859.0807       1.6634   357.5
0.1950      -18857.4195  -18859.0199       1.6004   343.9
0.1960      -18857.4281  -18859.1367       1.7086   367.2
0.1970      -18857.4357  -18859.2966       1.8609   399.9
0.1980      -18857.4456  -18859.3740       1.9284   414.4
0.1990      -18857.4318  -18859.2733       1.8415   395.7
0.2000      -18857.4098  -18859.2252       1.8154   390.1
0.2010      -18857.4349  -18859.5080       2.0731   445.5
0.2020      -18857.4604  -18859.7845       2.3240   499.4
0.2030      -18857.4430  -18859.6927       2.2498   483.5
0.2040      -18857.4256  -18859.4213       1.9957   428.9
0.2050      -18857.4233  -18859.2210       1.7977   386.3
0.2060      -18857.4209  -18859.1473       1.7264   371.0
0.2070      -18857.4277  -18859.2206       1.7929   385.3
0.2080      -18857.4441  -18859.3323       1.8882   405.8
0.2090      -18857.4418  -18859.2799       1.8381   395.0
0.2100      -18857.4242  -18859.1209       1.6967   364.6
0.2110      -18857.4139  -18859.1342       1.7203   369.7
0.2120      -18857.4344  -18859.4506       2.0162   433.3
0.2130      -18857.4565  -18859.7723       2.3158   497.7
0.2140      -18857.4459  -18859.7766       2.3308   500.9
0.2150      -18857.4251  -18859.5754       2.1503   462.1
0.2160      -18857.4228  -18859.4536       2.0308   436.4
0.2170      -18857.4314  -18859.4551       2.0238   434.9
0.2180      -18857.4302  -18859.4813       2.0512   440.8
0.2190      -18857.4396  -18859.5227       2.0831   447.7
0.2200      -18857.4465  -18859.4530       2.0065   431.2
0.2210      -18857.4230  -18859.2253       1.8023   387.3
0.2220      -18857.4131  -18859.1605       1.7474   375.5
0.2230      -18857.4356  -18859.3934       1.9577   420.7
0.2240      -18857.4458  -18859.6171       2.1714   466.6
0.2250      -18857.4396  -18859.6522       2.2126   475.5
0.2260      -18857.4357  -18859.5650       2.1292   457.6
0.2270      -18857.4241  -18859.4321       2.0080   431.5
0.2280      -18857.4207  -18859.4229       2.0022   430.3
0.2290      -18857.4383  -18859.5671       2.1288   457.5
0.2300      -18857.4427  -18859.6317       2.1890   470.4
0.2310      -18857.4379  -18859.5418       2.1039   452.1
0.2320      -18857.4292  -18859.3735       1.9443   417.8
0.2330      -18857.4149  -18859.2939       1.8791   403.8
0.2340      -18857.4321  -18859.4837       2.0515   440.9
0.2350      -18857.4590  -18859.6927       2.2336   480.0
0.2360      -18857.4395  -18859.5721       2.1325   458.3
0.2370      -18857.4189  -18859.3590       1.9401   416.9
0.2380      -18857.4319  -18859.3261       1.8941   407.0
0.2390      -18857.4306  -18859.3269       1.8962   407.5
0.2400      -18857.4279  -18859.3427       1.9148   411.5
0.2410      -18857.4366  -18859.3945       1.9579   420.8
0.2420      -18857.4333  -18859.3833       1.9500   419.1
0.2430      -18857.4249  -18859.3635       1.9386   416.6
0.2440      -18857.4326  -18859.4532       2.0206   434.2
0.2450      -18857.4381  -18859.5647       2.1266   457.0
0.2460      -18857.4370  -18859.6245       2.1876   470.1
0.2470      -18857.4444  -18859.6133       2.1689   466.1
0.2480      -18857.4330  -18859.4453       2.0123   432.4
0.2490      -18857.4213  -18859.2614       1.8401   395.4
0.2500      -18857.4264  -18859.2137       1.7872   384.1
0.2510      -18857.4309  -18859.2418       1.8110   389.2
0.2520      -18857.4315  -18859.2790       1.8475   397.0
0.2530      -18857.4387  -18859.3056       1.8668   401.2
0.2540      -18857.4308  -18859.2617       1.8309   393.5
0.2550      -18857.4215  -18859.2793       1.8578   399.2
0.2560      -18857.4427  -18859.4658       2.0231   434.8
0.2570      -18857.4466  -18859.5509       2.1043   452.2
0.2580      -18857.4318  -18859.4566       2.0247   435.1
0.2590      -18857.4293  -18859.3642       1.9349   415.8
0.2600      -18857.4297  -18859.3196       1.8898   406.1
0.2610      -18857.4308  -18859.3034       1.8726   402.4
0.2620      -18857.4359  -18859.2880       1.8520   398.0
0.2630      -18857.4301  -18859.2275       1.7973   386.2
0.2640      -18857.4271  -18859.2162       1.7891   384.5
0.2650      -18857.4414  -18859.2890       1.8476   397.1
0.2660      -18857.4373  -18859.2799       1.8425   396.0
0.2670      -18857.4268  -18859.2342       1.8075   388.4
0.2680      -18857.4339  -18859.2853       1.8514   397.9
0.2690      -18857.4381  -18859.3437       1.9056   409.5
0.2700      -18857.4341  -18859.3284       1.8943   407.1
0.2710      -18857.4347  -18859.2738       1.8391   395.2
0.2720      -18857.4305  -18859.1894       1.7589   378.0
0.2730      -18857.4224  -18859.1546       1.7321   372.2
0.2740      -18857.4373  -18859.2623       1.8250   392.2
0.2750      -18857.4478  -18859.3201       1.8723   402.4
0.2760      -18857.4331  -18859.1840       1.7509   376.3
0.2770      -18857.4232  -18859.0546       1.6314   350.6
0.2780      -18857.4301  -18859.0844       1.6544   355.5
0.2790      -18857.4365  -18859.1866       1.7501   376.1
0.2800      -18857.4388  -18859.2495       1.8107   389.1
0.2810      -18857.4360  -18859.2273       1.7913   384.9
0.2820      -18857.4251  -18859.1687       1.7436   374.7
0.2830      -18857.4279  -18859.2101       1.7822   383.0
0.2840      -18857.4343  -18859.3150       1.8808   404.2
0.2850      -18857.4344  -18859.3885       1.9541   419.9
0.2860      -18857.4392  -18859.4146       1.9754   424.5
0.2870      -18857.4370  -18859.3463       1.9093   410.3
0.2880      -18857.4266  -18859.2299       1.8033   387.5
0.2890      -18857.4283  -18859.2082       1.7799   382.5
0.2900      -18857.4401  -18859.2575       1.8174   390.6
0.2910      -18857.4345  -18859.2229       1.7884   384.3
0.2920      -18857.4271  -18859.1528       1.7257   370.9
0.2930      -18857.4327  -18859.1366       1.7040   366.2
0.2940      -18857.4269  -18859.1157       1.6888   362.9
0.2950      -18857.4212  -18859.1661       1.7448   375.0
0.2960      -18857.4376  -18859.3488       1.9112   410.7
0.2970      -18857.4466  -18859.4553       2.0087   431.7
0.2980      -18857.4342  -18859.3657       1.9315   415.1
0.2990      -18857.4258  -18859.2496       1.8238   391.9
0.3000      -18857.4309  -18859.2379       1.8070   388.3
