Time[ps]      Etot[eV]     Epot[eV]     Ekin[eV]    T[K]
0.0000      -12459.7610  -12460.4453       0.6843   294.1
0.0010      -12459.7616  -12460.5159       0.7543   324.2
0.0020      -12459.7741  -12460.6724       0.8983   386.1
0.0030      -12459.7839  -12460.7301       0.9462   406.7
0.0040      -12459.7683  -12460.5718       0.8035   345.4
0.0050      -12459.7531  -12460.4391       0.6860   294.8
0.0060      -12459.7742  -12460.5230       0.7488   321.8
0.0070      -12459.7764  -12460.5628       0.7864   338.0
0.0080      -12459.7668  -12460.4925       0.7258   311.9
0.0090      -12459.7661  -12460.4380       0.6720   288.8
0.0100      -12459.7622  -12460.4380       0.6758   290.5
0.0110      -12459.7684  -12460.5332       0.7648   328.7
0.0120      -12459.7810  -12460.6232       0.8422   362.0
0.0130      -12459.7680  -12460.5520       0.7841   337.0
0.0140      -12459.7589  -12460.4969       0.7380   317.2
0.0150      -12459.7765  -12460.5647       0.7882   338.7
0.0160      -12459.7700  -12460.5491       0.7791   334.8
0.0170      -12459.7659  -12460.4986       0.7326   314.9
0.0180      -12459.7704  -12460.4699       0.6995   300.7
0.0190      -12459.7598  -12460.4332       0.6733   289.4
0.0200      -12459.7640  -12460.5127       0.7487   321.8
0.0210      -12459.7803  -12460.6471       0.8668   372.6
0.0220      -12459.7736  -12460.6277       0.8541   367.1
0.0230      -12459.7612  -12460.5501       0.7890   339.1
0.0240      -12459.7702  -12460.5765       0.8063   346.5
0.0250      -12459.7689  -12460.6176       0.8486   364.7
0.0260      -12459.7744  -12460.6471       0.8727   375.1
0.0270      -12459.7733  -12460.5870       0.8137   349.7
0.0280      -12459.7577  -12460.4595       0.7018   301.6
0.0290      -12459.7597  -12460.4727       0.7130   306.4
0.0300      -12459.7790  -12460.6039       0.8249   354.5
0.0310      -12459.7773  -12460.6030       0.8257   354.9
0.0320      -12459.7644  -12460.4917       0.7273   312.6
0.0330      -12459.7634  -12460.4527       0.6893   296.3
0.0340      -12459.7696  -12460.5186       0.7490   321.9
0.0350      -12459.7811  -12460.5765       0.7954   341.9
0.0360      -12459.7743  -12460.4660       0.6917   297.3
0.0370      -12459.7550  -12460.2916       0.5366   230.6
0.0380      -12459.7597  -12460.3222       0.5625   241.8
0.0390      -12459.7836  -12460.4865       0.7028   302.1
0.0400      -12459.7781  -12460.4640       0.6859   294.8
0.0410      -12459.7568  -12460.3306       0.5738   246.6
0.0420      -12459.7609  -12460.3786       0.6176   265.5
0.0430      -12459.7792  -12460.5557       0.7764   333.7
0.0440      -12459.7814  -12460.5933       0.8119   349.0
0.0450      -12459.7672  -12460.4460       0.6788   291.8
0.0460      -12459.7546  -12460.3281       0.5735   246.5
0.0470      -12459.7648  -12460.4209       0.6561   282.0
0.0480      -12459.7848  -12460.5740       0.7892   339.2
0.0490      -12459.7773  -12460.5150       0.7378   317.1
0.0500      -12459.7549  -12460.3554       0.6005   258.1
0.0510      -12459.7619  -12460.4041       0.6422   276.0
0.0520      -12459.7809  -12460.5703       0.7893   339.2
0.0530      -12459.7759  -12460.5830       0.8072   346.9
0.0540      -12459.7669  -12460.4837       0.7167   308.0
0.0550      -12459.7600  -12460.4176       0.6576   282.6
0.0560      -12459.7661  -12460.4893       0.7232   310.8
0.0570      -12459.7851  -12460.5948       0.8097   348.0
0.0580      -12459.7746  -12460.4933       0.7187   308.9
0.0590      -12459.7520  -12460.3404       0.5884   252.9
0.0600      -12459.7679  -12460.4261       0.6581   282.9
0.0610      -12459.7799  -12460.5530       0.7730   332.2
0.0620      -12459.7700  -12460.5316       0.7616   327.3
0.0630      -12459.7676  -12460.4721       0.7045   302.8
0.0640      -12459.7636  -12460.4407       0.6771   291.0
0.0650      -12459.7661  -12460.5015       0.7354   316.1
0.0660      -12459.7834  -12460.6007       0.8173   351.3
0.0670      -12459.7741  -12460.5214       0.7473   321.2
0.0680      -12459.7554  -12460.4012       0.6458   277.6
0.0690      -12459.7731  -12460.4630       0.6898   296.5
0.0700      -12459.7741  -12460.4955       0.7214   310.1
0.0710      -12459.7641  -12460.4535       0.6894   296.3
0.0720      -12459.7680  -12460.4609       0.6929   297.8
0.0730      -12459.7694  -12460.4876       0.7183   308.7
0.0740      -12459.7650  -12460.5309       0.7659   329.2
0.0750      -12459.7800  -12460.6223       0.8423   362.0
0.0760      -12459.7729  -12460.5909       0.8181   351.6
0.0770      -12459.7632  -12460.5163       0.7531   323.7
0.0780      -12459.7722  -12460.5132       0.7410   318.5
0.0790      -12459.7672  -12460.4761       0.7089   304.7
0.0800      -12459.7629  -12460.4513       0.6884   295.9
0.0810      -12459.7719  -12460.4892       0.7173   308.3
0.0820      -12459.7700  -12460.4889       0.7189   309.0
0.0830      -12459.7611  -12460.4965       0.7354   316.1
0.0840      -12459.7776  -12460.6114       0.8339   358.4
0.0850      -12459.7762  -12460.6474       0.8712   374.5
0.0860      -12459.7679  -12460.5945       0.8266   355.3
0.0870      -12459.7669  -12460.5590       0.7921   340.4
0.0880      -12459.7674  -12460.5528       0.7855   337.6
0.0890      -12459.7669  -12460.5613       0.7944   341.4
0.0900      -12459.7719  -12460.5759       0.8040   345.6
0.0910      -12459.7700  -12460.5424       0.7724   332.0
0.0920      -12459.7617  -12460.5107       0.7490   321.9
0.0930      -12459.7707  -12460.5918       0.8211   352.9
0.0940      -12459.7809  -12460.6653       0.8844   380.1
0.0950      -12459.7696  -12460.5928       0.8232   353.8
0.0960      -12459.7648  -12460.5044       0.7396   317.9
0.0970      -12459.7666  -12460.4772       0.7106   305.4
0.0980      -12459.7684  -12460.4804       0.7120   306.0
0.0990      -12459.7716  -12460.4777       0.7061   303.5
0.1000      -12459.7702  -12460.4322       0.6620   284.5
0.1010      -12459.7607  -12460.3879       0.6272   269.6
0.1020      -12459.7677  -12460.4736       0.7058   303.4
0.1030      -12459.7832  -12460.5838       0.8006   344.1
0.1040      -12459.7674  -12460.5255       0.7581   325.8
0.1050      -12459.7631  -12460.4775       0.7144   307.1
0.1060      -12459.7712  -12460.5080       0.7368   316.7
0.1070      -12459.7698  -12460.5085       0.7387   317.5
0.1080      -12459.7683  -12460.4852       0.7169   308.1
0.1090      -12459.7719  -12460.4581       0.6862   294.9
0.1100      -12459.7612  -12460.4162       0.6550   281.5
0.1110      -12459.7695  -12460.4852       0.7157   307.6
0.1120      -12459.7822  -12460.5513       0.7690   330.5
0.1130      -12459.7613  -12460.4782       0.7170   308.1
0.1140      -12459.7676  -12460.5012       0.7336   315.3
0.1150      -12459.7767  -12460.5553       0.7785   334.6
0.1160      -12459.7676  -12460.5055       0.7379   317.2
0.1170      -12459.7659  -12460.4554       0.6895   296.3
0.1180      -12459.7708  -12460.4357       0.6648   285.7
0.1190      -12459.7668  -12460.3944       0.6277   269.8
0.1200      -12459.7677  -12460.3813       0.6136   263.7
0.1210      -12459.7731  -12460.3837       0.6106   262.4
0.1220      -12459.7619  -12460.3630       0.6011   258.4
0.1230      -12459.7730  -12460.4305       0.6574   282.6
0.1240      -12459.7755  -12460.4550       0.6795   292.1
0.1250      -12459.7636  -12460.3976       0.6340   272.5
0.1260      -12459.7658  -12460.4021       0.6363   273.5
0.1270      -12459.7682  -12460.4559       0.6877   295.6
0.1280      -12459.7733  -12460.5066       0.7333   315.2
0.1290      -12459.7711  -12460.4921       0.7210   309.9
0.1300      -12459.7647  -12460.4521       0.6874   295.4
0.1310      -12459.7638  -12460.4963       0.7326   314.9
0.1320      -12459.7798  -12460.6162       0.8364   359.5
0.1330      -12459.7726  -12460.6129       0.8404   361.2
0.1340      -12459.7628  -12460.5555       0.7927   340.7
0.1350      -12459.7643  -12460.5796       0.8152   350.4
0.1360      -12459.7707  -12460.6618       0.8911   383.0
0.1370      -12459.7759  -12460.7022       0.9263   398.1
0.1380      -12459.7694  -12460.6398       0.8704   374.1
0.1390      -12459.7641  -12460.5737       0.8096   348.0
0.1400      -12459.7690  -12460.5940       0.8250   354.6
0.1410      -12459.7785  -12460.6272       0.8487   364.8
0.1420      -12459.7702  -12460.5539       0.7836   336.8
0.1430      -12459.7647  -12460.4636       0.6989   300.4
0.1440      -12459.7646  -12460.4393       0.6747   290.0
0.1450      -12459.7683  -12460.4726       0.7043   302.7
0.1460      -12459.7719  -12460.5032       0.7313   314.3
0.1470      -12459.7716  -12460.4798       0.7082   304.4
0.1480      -12459.7660  -12460.4257       0.6597   283.5
0.1490      -12459.7692  -12460.4272       0.6581   282.8
0.1500      -12459.7760  -12460.4481       0.6721   288.9
0.1510      -12459.7698  -12460.4009       0.6311   271.2
0.1520      -12459.7646  -12460.3528       0.5882   252.8
0.1530      -12459.7677  -12460.3645       0.5969   256.5
0.1540      -12459.7671  -12460.3960       0.6289   270.3
0.1550      -12459.7678  -12460.4439       0.6761   290.6
0.1560      -12459.7718  -12460.4999       0.7281   312.9
0.1570      -12459.7699  -12460.5280       0.7581   325.8
0.1580      -12459.7699  -12460.5588       0.7889   339.1
0.1590      -12459.7745  -12460.5908       0.8164   350.9
0.1600      -12459.7704  -12460.5646       0.7942   341.4
0.1610      -12459.7685  -12460.5192       0.7507   322.6
0.1620      -12459.7680  -12460.4781       0.7101   305.2
0.1630      -12459.7614  -12460.4551       0.6937   298.2
0.1640      -12459.7651  -12460.5310       0.7659   329.2
0.1650      -12459.7785  -12460.6479       0.8694   373.7
0.1660      -12459.7747  -12460.6387       0.8639   371.3
0.1670      -12459.7643  -12460.5681       0.8039   345.5
0.1680      -12459.7710  -12460.5788       0.8078   347.2
0.1690      -12459.7722  -12460.6051       0.8329   358.0
0.1700      -12459.7778  -12460.5858       0.8080   347.3
0.1710      -12459.7670  -12460.4497       0.6827   293.4
0.1720      -12459.7541  -12460.3397       0.5856   251.7
0.1730      -12459.7640  -12460.4283       0.6643   285.5
0.1740      -12459.7826  -12460.5757       0.7931   340.9
0.1750      -12459.7742  -12460.5417       0.7675   329.9
0.1760      -12459.7610  -12460.4470       0.6860   294.8
0.1770      -12459.7664  -12460.4893       0.7229   310.7
0.1780      -12459.7797  -12460.5962       0.8165   350.9
0.1790      -12459.7802  -12460.5627       0.7824   336.3
0.1800      -12459.7606  -12460.3711       0.6105   262.4
0.1810      -12459.7520  -12460.2869       0.5349   229.9
0.1820      -12459.7677  -12460.4305       0.6628   284.9
0.1830      -12459.7842  -12460.5826       0.7984   343.2
0.1840      -12459.7741  -12460.5327       0.7586   326.0
0.1850      -12459.7585  -12460.4345       0.6760   290.5
0.1860      -12459.7620  -12460.5292       0.7672   329.7
0.1870      -12459.7855  -12460.7416       0.9560   410.9
0.1880      -12459.7811  -12460.7397       0.9587   412.0
0.1890      -12459.7590  -12460.5580       0.7990   343.4
0.1900      -12459.7549  -12460.4982       0.7432   319.4
0.1910      -12459.7699  -12460.6269       0.8570   368.3
0.1920      -12459.7798  -12460.7395       0.9597   412.5
0.1930      -12459.7741  -12460.6981       0.9240   397.1
0.1940      -12459.7575  -12460.6123       0.8549   367.4
0.1950      -12459.7674  -12460.7042       0.9368   402.6
0.1960      -12459.7829  -12460.8393       1.0564   454.0
0.1970      -12459.7742  -12460.7878       1.0136   435.6
0.1980      -12459.7613  -12460.6518       0.8905   382.7
0.1990      -12459.7623  -12460.6125       0.8501   365.4
0.2000      -12459.7701  -12460.6645       0.8945   384.4
0.2010      -12459.7755  -12460.6996       0.9241   397.2
0.2020      -12459.7745  -12460.6412       0.8667   372.5
0.2030      -12459.7613  -12460.5366       0.7754   333.2
0.2040      -12459.7668  -12460.5537       0.7869   338.2
0.2050      -12459.7743  -12460.6300       0.8558   367.8
0.2060      -12459.7728  -12460.6402       0.8674   372.8
0.2070      -12459.7662  -12460.5897       0.8236   354.0
0.2080      -12459.7644  -12460.5635       0.7991   343.5
0.2090      -12459.7663  -12460.5953       0.8290   356.3
0.2100      -12459.7737  -12460.6547       0.8810   378.6
0.2110      -12459.7729  -12460.6530       0.8802   378.3
0.2120      -12459.7706  -12460.6006       0.8300   356.7
0.2130      -12459.7642  -12460.5479       0.7837   336.8
0.2140      -12459.7655  -12460.5745       0.8091   347.7
0.2150      -12459.7736  -12460.6550       0.8814   378.8
0.2160      -12459.7722  -12460.6714       0.8992   386.5
0.2170      -12459.7648  -12460.6341       0.8693   373.6
0.2180      -12459.7628  -12460.6507       0.8879   381.6
0.2190      -12459.7714  -12460.7510       0.9796   421.0
0.2200      -12459.7778  -12460.8241       1.0463   449.7
0.2210      -12459.7788  -12460.7654       0.9866   424.0
0.2220      -12459.7581  -12460.5955       0.8374   359.9
0.2230      -12459.7598  -12460.5770       0.8173   351.3
0.2240      -12459.7769  -12460.6921       0.9152   393.3
0.2250      -12459.7748  -12460.7042       0.9294   399.4
0.2260      -12459.7631  -12460.6277       0.8646   371.6
0.2270      -12459.7625  -12460.6265       0.8640   371.4
0.2280      -12459.7656  -12460.7350       0.9695   416.7
0.2290      -12459.7823  -12460.8850       1.1027   474.0
0.2300      -12459.7844  -12460.8469       1.0625   456.7
0.2310      -12459.7567  -12460.6170       0.8604   369.8
0.2320      -12459.7577  -12460.5593       0.8015   344.5
0.2330      -12459.7799  -12460.6644       0.8845   380.1
0.2340      -12459.7753  -12460.6324       0.8570   368.3
0.2350      -12459.7619  -12460.4966       0.7347   315.8
0.2360      -12459.7569  -12460.4541       0.6972   299.6
0.2370      -12459.7642  -12460.5895       0.8253   354.7
0.2380      -12459.7830  -12460.7784       0.9954   427.8
0.2390      -12459.7806  -12460.7571       0.9766   419.7
0.2400      -12459.7581  -12460.5725       0.8144   350.0
0.2410      -12459.7593  -12460.5345       0.7752   333.2
0.2420      -12459.7783  -12460.6297       0.8514   365.9
0.2430      -12459.7755  -12460.5980       0.8225   353.5
0.2440      -12459.7635  -12460.4484       0.6850   294.4
0.2450      -12459.7532  -12460.3668       0.6136   263.7
0.2460      -12459.7633  -12460.4898       0.7264   312.2
0.2470      -12459.7758  -12460.6794       0.9035   388.3
0.2480      -12459.7773  -12460.7445       0.9671   415.7
0.2490      -12459.7660  -12460.6736       0.9077   390.1
0.2500      -12459.7608  -12460.6370       0.8763   376.6
0.2510      -12459.7745  -12460.7026       0.9281   398.9
0.2520      -12459.7769  -12460.6906       0.9136   392.7
0.2530      -12459.7655  -12460.5624       0.7969   342.5
0.2540      -12459.7633  -12460.4913       0.7280   312.9
0.2550      -12459.7666  -12460.5242       0.7576   325.6
0.2560      -12459.7671  -12460.6144       0.8473   364.2
0.2570      -12459.7750  -12460.7371       0.9620   413.5
0.2580      -12459.7773  -12460.7888       1.0115   434.8
0.2590      -12459.7656  -12460.7565       0.9909   425.9
0.2600      -12459.7711  -12460.7828       1.0117   434.8
0.2610      -12459.7790  -12460.8031       1.0242   440.2
0.2620      -12459.7725  -12460.7123       0.9398   403.9
0.2630      -12459.7681  -12460.5795       0.8114   348.7
0.2640      -12459.7592  -12460.4826       0.7234   310.9
0.2650      -12459.7597  -12460.5399       0.7802   335.3
0.2660      -12459.7765  -12460.7303       0.9538   410.0
0.2670      -12459.7854  -12460.8183       1.0329   443.9
0.2680      -12459.7664  -12460.7105       0.9441   405.8
0.2690      -12459.7621  -12460.6685       0.9063   389.5
0.2700      -12459.7761  -12460.7726       0.9966   428.3
0.2710      -12459.7855  -12460.8143       1.0288   442.2
0.2720      -12459.7727  -12460.6469       0.8742   375.7
0.2730      -12459.7550  -12460.4344       0.6794   292.0
0.2740      -12459.7564  -12460.4262       0.6698   287.9
0.2750      -12459.7754  -12460.5999       0.8245   354.4
0.2760      -12459.7852  -12460.6869       0.9016   387.5
0.2770      -12459.7683  -12460.5704       0.8021   344.7
0.2780      -12459.7556  -12460.5006       0.7450   320.2
0.2790      -12459.7761  -12460.6537       0.8776   377.2
0.2800      -12459.7891  -12460.7496       0.9605   412.8
0.2810      -12459.7700  -12460.5909       0.8209   352.8
0.2820      -12459.7555  -12460.4191       0.6636   285.2
0.2830      -12459.7618  -12460.4462       0.6844   294.2
0.2840      -12459.7756  -12460.5872       0.8117   348.9
0.2850      -12459.7809  -12460.6456       0.8647   371.6
0.2860      -12459.7705  -12460.5604       0.7899   339.5
0.2870      -12459.7558  -12460.5138       0.7580   325.8
0.2880      -12459.7774  -12460.6809       0.9035   388.3
0.2890      -12459.7855  -12460.7788       0.9933   426.9
0.2900      -12459.7692  -12460.6618       0.8926   383.6
0.2910      -12459.7602  -12460.5354       0.7753   333.2
0.2920      -12459.7646  -12460.5358       0.7712   331.5
0.2930      -12459.7714  -12460.6042       0.8327   357.9
0.2940      -12459.7783  -12460.6361       0.8577   368.6
0.2950      -12459.7699  -12460.5580       0.7881   338.7
0.2960      -12459.7596  -12460.5087       0.7491   322.0
0.2970      -12459.7758  -12460.6105       0.8347   358.8
0.2980      -12459.7772  -12460.6607       0.8835   379.7
0.2990      -12459.7692  -12460.6073       0.8382   360.2
0.3000      -12459.7662  -12460.5492       0.7829   336.5
