Step 0/5: E_pot = -18859.22129158 eV  E_kin = 1.82045716 eV (T = 391.21 K)  Etot = -18857.40083442 eV
Step 1/5: E_pot = -18859.24644675 eV  E_kin = 1.85402226 eV (T = 398.43 K)  Etot = -18857.39242449 eV
Step 2/5: E_pot = -18859.34427616 eV  E_kin = 1.93901850 eV (T = 416.69 K)  Etot = -18857.40525766 eV
Step 3/5: E_pot = -18859.36667644 eV  E_kin = 1.96176691 eV (T = 421.58 K)  Etot = -18857.40490953 eV
Step 4/5: E_pot = -18859.29458837 eV  E_kin = 1.89449901 eV (T = 407.13 K)  Etot = -18857.40008936 eV
Step 5/5: E_pot = -18859.18701646 eV  E_kin = 1.78590889 eV (T = 383.79 K)  Etot = -18857.40110757 eV
============================================================================
                               JOB STATISTICS                              
============================================================================
      SubmitTime: 2021-09-02T17:27:53
         EndTime: 2021-09-03T17:27:55
         RunTime: 00:40:34
           JobId: 4224772
            TRES: cpu=24,mem=96432M,node=1,billing=19
       Partition: smp
        NodeList: smp-n185
         Command: /ihome/jkeith/amm503/projects/mbgdml/ase.md/orca/meoh/6meoh.boyd.etal.1.md.gfn2.300k.md.gfn2.300k.step10000-ase.md.init-orca.mp2.def2tzvp.300k/submit-ase.md.orca.slurm
          StdOut: /ihome/jkeith/amm503/projects/mbgdml/ase.md/orca/meoh/6meoh.boyd.etal.1.md.gfn2.300k.md.gfn2.300k.step10000-ase.md.init-orca.mp2.def2tzvp.300k/6meoh.boyd.etal.1.md.gfn2.300k.md.gfn2.300k.step10000-ase.md.init-orca.mp2.def2tzvp.300k.out
More information:
    - `sacct -M smp -j 4224772 -S 2021-09-02T17:27:53 -E 2021-09-03T17:27:55`
   Print control:
    - List of all possible fields: `sacct --helpformat`
    - Add `--format=<field1,field2,etc>` with fields of interest
============================================================================
