[smp-n210][[44340,1],2][../../../../../dist/opal/mca/btl/tcp/btl_tcp.c:559:mca_btl_tcp_recv_blocking] recv(18) failed: Connection reset by peer (104)
[smp-n210][[44340,1],2][../../../../../dist/opal/mca/btl/tcp/btl_tcp.c:559:mca_btl_tcp_recv_blocking] recv(42) failed: Connection reset by peer (104)
[smp-n210][[44340,1],6][../../../../../dist/opal/mca/btl/tcp/btl_tcp.c:559:mca_btl_tcp_recv_blocking] recv(22) failed: Connection reset by peer (104)
[smp-n210][[44340,1],6][../../../../../dist/opal/mca/btl/tcp/btl_tcp.c:559:mca_btl_tcp_recv_blocking] recv(46) failed: Connection reset by peer (104)
[smp-n210][[44340,1],3][../../../../../dist/opal/mca/btl/tcp/btl_tcp.c:559:mca_btl_tcp_recv_blocking] recv(19) failed: Connection reset by peer (104)
[smp-n210][[44340,1],3][../../../../../dist/opal/mca/btl/tcp/btl_tcp.c:559:mca_btl_tcp_recv_blocking] recv(43) failed: Connection reset by peer (104)
[smp-n210][[44340,1],3][../../../../../dist/opal/mca/btl/tcp/btl_tcp.c:559:mca_btl_tcp_recv_blocking] recv(64) failed: Connection reset by peer (104)
[smp-n210][[44340,1],5][../../../../../dist/opal/mca/btl/tcp/btl_tcp.c:559:mca_btl_tcp_recv_blocking] recv(21) failed: Connection reset by peer (104)
[smp-n210][[44340,1],5][../../../../../dist/opal/mca/btl/tcp/btl_tcp.c:559:mca_btl_tcp_recv_blocking] recv(45) failed: Connection reset by peer (104)
[smp-n210][[44340,1],9][../../../../../dist/opal/mca/btl/tcp/btl_tcp.c:559:mca_btl_tcp_recv_blocking] recv(71) failed: Connection reset by peer (104)
[smp-n210][[44340,1],9][../../../../../dist/opal/mca/btl/tcp/btl_tcp.c:559:mca_btl_tcp_recv_blocking] recv(72) failed: Connection reset by peer (104)
[smp-n210][[44340,1],9][../../../../../dist/opal/mca/btl/tcp/btl_tcp.c:559:mca_btl_tcp_recv_blocking] recv(64) failed: Connection reset by peer (104)
[smp-n210][[44340,1],16][../../../../../dist/opal/mca/btl/tcp/btl_tcp.c:559:mca_btl_tcp_recv_blocking] recv(32) failed: Connection reset by peer (104)
[smp-n210][[44340,1],16][../../../../../dist/opal/mca/btl/tcp/btl_tcp.c:559:mca_btl_tcp_recv_blocking] recv(56) failed: Connection reset by peer (104)
[smp-n210][[44340,1],16][../../../../../dist/opal/mca/btl/tcp/btl_tcp.c:559:mca_btl_tcp_recv_blocking] recv(64) failed: Connection reset by peer (104)
[smp-n210][[44340,1],12][../../../../../dist/opal/mca/btl/tcp/btl_tcp.c:559:mca_btl_tcp_recv_blocking] recv(28) failed: Connection reset by peer (104)
[smp-n210][[44340,1],12][../../../../../dist/opal/mca/btl/tcp/btl_tcp.c:559:mca_btl_tcp_recv_blocking] recv(52) failed: Connection reset by peer (104)
[smp-n210][[44340,1],23][../../../../../dist/opal/mca/btl/tcp/btl_tcp.c:559:mca_btl_tcp_recv_blocking] recv(39) failed: Connection reset by peer (104)
[smp-n210][[44340,1],23][../../../../../dist/opal/mca/btl/tcp/btl_tcp.c:559:mca_btl_tcp_recv_blocking] recv(63) failed: Connection reset by peer (104)
[smp-n210][[44340,1],23][../../../../../dist/opal/mca/btl/tcp/btl_tcp.c:559:mca_btl_tcp_recv_blocking] recv(64) failed: Connection reset by peer (104)
[smp-n210][[44340,1],1][../../../../../dist/opal/mca/btl/tcp/btl_tcp.c:559:mca_btl_tcp_recv_blocking] recv(17) failed: Connection reset by peer (104)
[smp-n210][[44340,1],1][../../../../../dist/opal/mca/btl/tcp/btl_tcp.c:559:mca_btl_tcp_recv_blocking] recv(41) failed: Connection reset by peer (104)
[smp-n210][[44340,1],8][../../../../../dist/opal/mca/btl/tcp/btl_tcp.c:559:mca_btl_tcp_recv_blocking] recv(24) failed: Connection reset by peer (104)
[smp-n210][[44340,1],8][../../../../../dist/opal/mca/btl/tcp/btl_tcp.c:559:mca_btl_tcp_recv_blocking] recv(48) failed: Connection reset by peer (104)
[smp-n210][[44340,1],8][../../../../../dist/opal/mca/btl/tcp/btl_tcp.c:559:mca_btl_tcp_recv_blocking] recv(64) failed: Connection reset by peer (104)
[smp-n210][[44340,1],0][../../../../../dist/opal/mca/btl/tcp/btl_tcp.c:559:mca_btl_tcp_recv_blocking] recv(16) failed: Connection reset by peer (104)
[smp-n210][[44340,1],0][../../../../../dist/opal/mca/btl/tcp/btl_tcp.c:559:mca_btl_tcp_recv_blocking] recv(40) failed: Connection reset by peer (104)
[smp-n210][[44340,1],4][../../../../../dist/opal/mca/btl/tcp/btl_tcp.c:559:mca_btl_tcp_recv_blocking] recv(20) failed: Connection reset by peer (104)
[smp-n210][[44340,1],4][../../../../../dist/opal/mca/btl/tcp/btl_tcp.c:559:mca_btl_tcp_recv_blocking] recv(44) failed: Connection reset by peer (104)
[smp-n210][[44340,1],7][../../../../../dist/opal/mca/btl/tcp/btl_tcp.c:559:mca_btl_tcp_recv_blocking] recv(23) failed: Connection reset by peer (104)
[smp-n210][[44340,1],7][../../../../../dist/opal/mca/btl/tcp/btl_tcp.c:559:mca_btl_tcp_recv_blocking] recv(47) failed: Connection reset by peer (104)
[smp-n210][[44340,1],11][../../../../../dist/opal/mca/btl/tcp/btl_tcp.c:559:mca_btl_tcp_recv_blocking] recv(27) failed: Connection reset by peer (104)
[smp-n210][[44340,1],11][../../../../../dist/opal/mca/btl/tcp/btl_tcp.c:559:mca_btl_tcp_recv_blocking] recv(51) failed: Connection reset by peer (104)
[smp-n210][[44340,1],10][../../../../../dist/opal/mca/btl/tcp/btl_tcp.c:559:mca_btl_tcp_recv_blocking] recv(26) failed: Connection reset by peer (104)
[smp-n210][[44340,1],10][../../../../../dist/opal/mca/btl/tcp/btl_tcp.c:559:mca_btl_tcp_recv_blocking] recv(50) failed: Connection reset by peer (104)
[smp-n210][[44340,1],18][../../../../../dist/opal/mca/btl/tcp/btl_tcp.c:559:mca_btl_tcp_recv_blocking] recv(34) failed: Connection reset by peer (104)
[smp-n210][[44340,1],18][../../../../../dist/opal/mca/btl/tcp/btl_tcp.c:559:mca_btl_tcp_recv_blocking] recv(58) failed: Connection reset by peer (104)
[smp-n210][[44340,1],18][../../../../../dist/opal/mca/btl/tcp/btl_tcp.c:559:mca_btl_tcp_recv_blocking] recv(64) failed: Connection reset by peer (104)
[smp-n210][[44340,1],21][../../../../../dist/opal/mca/btl/tcp/btl_tcp.c:559:mca_btl_tcp_recv_blocking] recv(37) failed: Connection reset by peer (104)
[smp-n210][[44340,1],21][../../../../../dist/opal/mca/btl/tcp/btl_tcp.c:559:mca_btl_tcp_recv_blocking] recv(61) failed: Connection reset by peer (104)
[smp-n210][[44340,1],21][../../../../../dist/opal/mca/btl/tcp/btl_tcp.c:559:mca_btl_tcp_recv_blocking] recv(64) failed: Connection reset by peer (104)
Step 0/300: E_pot = -21629.89058830 eV  E_kin = 1.38776327 eV (T = 298.23 K)  Etot = -21628.50282503 eV
Step 1/300: E_pot = -21630.06650847 eV  E_kin = 1.55576914 eV (T = 334.33 K)  Etot = -21628.51073934 eV
Step 2/300: E_pot = -21630.29708826 eV  E_kin = 1.77426659 eV (T = 381.29 K)  Etot = -21628.52282167 eV
Step 3/300: E_pot = -21630.39840444 eV  E_kin = 1.87194225 eV (T = 402.28 K)  Etot = -21628.52646219 eV
Step 4/300: E_pot = -21630.31206506 eV  E_kin = 1.79346612 eV (T = 385.41 K)  Etot = -21628.51859894 eV
Step 5/300: E_pot = -21630.15247805 eV  E_kin = 1.64368995 eV (T = 353.23 K)  Etot = -21628.50878810 eV
Step 6/300: E_pot = -21630.06445050 eV  E_kin = 1.55661714 eV (T = 334.51 K)  Etot = -21628.50783336 eV
Step 7/300: E_pot = -21630.06892186 eV  E_kin = 1.55587512 eV (T = 334.36 K)  Etot = -21628.51304674 eV
Step 8/300: E_pot = -21630.08958146 eV  E_kin = 1.57178600 eV (T = 337.77 K)  Etot = -21628.51779546 eV
Step 9/300: E_pot = -21630.05962991 eV  E_kin = 1.54365427 eV (T = 331.73 K)  Etot = -21628.51597564 eV
Step 10/300: E_pot = -21630.00887196 eV  E_kin = 1.49856632 eV (T = 322.04 K)  Etot = -21628.51030564 eV
Step 11/300: E_pot = -21630.01986153 eV  E_kin = 1.50967365 eV (T = 324.43 K)  Etot = -21628.51018788 eV
Step 12/300: E_pot = -21630.09505488 eV  E_kin = 1.57850293 eV (T = 339.22 K)  Etot = -21628.51655194 eV
Step 13/300: E_pot = -21630.14069755 eV  E_kin = 1.61944954 eV (T = 348.02 K)  Etot = -21628.52124801 eV
Step 14/300: E_pot = -21630.08863262 eV  E_kin = 1.57201408 eV (T = 337.82 K)  Etot = -21628.51661853 eV
Step 15/300: E_pot = -21630.00900911 eV  E_kin = 1.50264707 eV (T = 322.92 K)  Etot = -21628.50636204 eV
Step 16/300: E_pot = -21630.04639071 eV  E_kin = 1.54084099 eV (T = 331.12 K)  Etot = -21628.50554972 eV
Step 17/300: E_pot = -21630.21060996 eV  E_kin = 1.69499051 eV (T = 364.25 K)  Etot = -21628.51561945 eV
Step 18/300: E_pot = -21630.35064319 eV  E_kin = 1.82602269 eV (T = 392.41 K)  Etot = -21628.52462050 eV
Step 19/300: E_pot = -21630.32930738 eV  E_kin = 1.80613810 eV (T = 388.14 K)  Etot = -21628.52316928 eV
Step 20/300: E_pot = -21630.16959908 eV  E_kin = 1.65751116 eV (T = 356.20 K)  Etot = -21628.51208792 eV
Step 21/300: E_pot = -21630.03481569 eV  E_kin = 1.53029802 eV (T = 328.86 K)  Etot = -21628.50451767 eV
Step 22/300: E_pot = -21630.04029821 eV  E_kin = 1.53264122 eV (T = 329.36 K)  Etot = -21628.50765699 eV
Step 23/300: E_pot = -21630.14115868 eV  E_kin = 1.62441157 eV (T = 349.08 K)  Etot = -21628.51674710 eV
Step 24/300: E_pot = -21630.20184012 eV  E_kin = 1.68053607 eV (T = 361.14 K)  Etot = -21628.52130405 eV
Step 25/300: E_pot = -21630.15523290 eV  E_kin = 1.63926563 eV (T = 352.28 K)  Etot = -21628.51596726 eV
Step 26/300: E_pot = -21630.07651588 eV  E_kin = 1.56669231 eV (T = 336.68 K)  Etot = -21628.50982357 eV
Step 27/300: E_pot = -21630.05490052 eV  E_kin = 1.54331567 eV (T = 331.66 K)  Etot = -21628.51158485 eV
Step 28/300: E_pot = -21630.06976710 eV  E_kin = 1.55329168 eV (T = 333.80 K)  Etot = -21628.51647542 eV
Step 29/300: E_pot = -21630.04917367 eV  E_kin = 1.53112444 eV (T = 329.04 K)  Etot = -21628.51804923 eV
Step 30/300: E_pot = -21629.97500629 eV  E_kin = 1.46233847 eV (T = 314.25 K)  Etot = -21628.51266782 eV
Step 31/300: E_pot = -21629.93071821 eV  E_kin = 1.42409869 eV (T = 306.04 K)  Etot = -21628.50661951 eV
Step 32/300: E_pot = -21630.00523211 eV  E_kin = 1.49599379 eV (T = 321.49 K)  Etot = -21628.50923832 eV
Step 33/300: E_pot = -21630.15984111 eV  E_kin = 1.64139230 eV (T = 352.73 K)  Etot = -21628.51844881 eV
Step 34/300: E_pot = -21630.25508054 eV  E_kin = 1.73038458 eV (T = 371.86 K)  Etot = -21628.52469596 eV
Step 35/300: E_pot = -21630.19778328 eV  E_kin = 1.67796374 eV (T = 360.59 K)  Etot = -21628.51981954 eV
Step 36/300: E_pot = -21630.06063778 eV  E_kin = 1.55282162 eV (T = 333.70 K)  Etot = -21628.50781616 eV
Step 37/300: E_pot = -21630.01611926 eV  E_kin = 1.51259667 eV (T = 325.05 K)  Etot = -21628.50352259 eV
Step 38/300: E_pot = -21630.12722876 eV  E_kin = 1.61646979 eV (T = 347.38 K)  Etot = -21628.51075897 eV
Step 39/300: E_pot = -21630.28314262 eV  E_kin = 1.76142744 eV (T = 378.53 K)  Etot = -21628.52171517 eV
Step 40/300: E_pot = -21630.31904998 eV  E_kin = 1.79415078 eV (T = 385.56 K)  Etot = -21628.52489921 eV
Step 41/300: E_pot = -21630.18959340 eV  E_kin = 1.67278410 eV (T = 359.48 K)  Etot = -21628.51680930 eV
Step 42/300: E_pot = -21630.01421578 eV  E_kin = 1.50584779 eV (T = 323.60 K)  Etot = -21628.50836799 eV
Step 43/300: E_pot = -21629.92506281 eV  E_kin = 1.41778129 eV (T = 304.68 K)  Etot = -21628.50728152 eV
Step 44/300: E_pot = -21629.94533364 eV  E_kin = 1.43329176 eV (T = 308.01 K)  Etot = -21628.51204189 eV
Step 45/300: E_pot = -21630.00538658 eV  E_kin = 1.48892452 eV (T = 319.97 K)  Etot = -21628.51646205 eV
Step 46/300: E_pot = -21630.04194507 eV  E_kin = 1.52808029 eV (T = 328.38 K)  Etot = -21628.51386478 eV
Step 47/300: E_pot = -21630.08782409 eV  E_kin = 1.57823940 eV (T = 339.16 K)  Etot = -21628.50958470 eV
Step 48/300: E_pot = -21630.19856211 eV  E_kin = 1.68668249 eV (T = 362.47 K)  Etot = -21628.51187961 eV
Step 49/300: E_pot = -21630.33705511 eV  E_kin = 1.81838880 eV (T = 390.77 K)  Etot = -21628.51866631 eV
Step 50/300: E_pot = -21630.40090090 eV  E_kin = 1.87900674 eV (T = 403.80 K)  Etot = -21628.52189416 eV
Step 51/300: E_pot = -21630.34373628 eV  E_kin = 1.82695148 eV (T = 392.61 K)  Etot = -21628.51678481 eV
Step 52/300: E_pot = -21630.24025735 eV  E_kin = 1.73018711 eV (T = 371.81 K)  Etot = -21628.51007024 eV
Step 53/300: E_pot = -21630.19216084 eV  E_kin = 1.68336792 eV (T = 361.75 K)  Etot = -21628.50879292 eV
Step 54/300: E_pot = -21630.22303688 eV  E_kin = 1.71053314 eV (T = 367.59 K)  Etot = -21628.51250374 eV
Step 55/300: E_pot = -21630.27394538 eV  E_kin = 1.75489993 eV (T = 377.13 K)  Etot = -21628.51904544 eV
Step 56/300: E_pot = -21630.24898447 eV  E_kin = 1.72882119 eV (T = 371.52 K)  Etot = -21628.52016328 eV
Step 57/300: E_pot = -21630.13503967 eV  E_kin = 1.62292372 eV (T = 348.76 K)  Etot = -21628.51211596 eV
Step 58/300: E_pot = -21630.04548363 eV  E_kin = 1.53982714 eV (T = 330.91 K)  Etot = -21628.50565649 eV
Step 59/300: E_pot = -21630.07488875 eV  E_kin = 1.56725275 eV (T = 336.80 K)  Etot = -21628.50763600 eV
Step 60/300: E_pot = -21630.19526204 eV  E_kin = 1.68085275 eV (T = 361.21 K)  Etot = -21628.51440929 eV
Step 61/300: E_pot = -21630.30876158 eV  E_kin = 1.79105465 eV (T = 384.90 K)  Etot = -21628.51770693 eV
Step 62/300: E_pot = -21630.36556447 eV  E_kin = 1.84918090 eV (T = 397.39 K)  Etot = -21628.51638356 eV
Step 63/300: E_pot = -21630.38154926 eV  E_kin = 1.86541582 eV (T = 400.88 K)  Etot = -21628.51613344 eV
Step 64/300: E_pot = -21630.36579013 eV  E_kin = 1.84966225 eV (T = 397.49 K)  Etot = -21628.51612788 eV
Step 65/300: E_pot = -21630.32092610 eV  E_kin = 1.80550686 eV (T = 388.00 K)  Etot = -21628.51541924 eV
Step 66/300: E_pot = -21630.25446740 eV  E_kin = 1.73931299 eV (T = 373.78 K)  Etot = -21628.51515441 eV
Step 67/300: E_pot = -21630.17500270 eV  E_kin = 1.66383890 eV (T = 357.56 K)  Etot = -21628.51116379 eV
Step 68/300: E_pot = -21630.13996745 eV  E_kin = 1.63343230 eV (T = 351.02 K)  Etot = -21628.50653515 eV
Step 69/300: E_pot = -21630.21099415 eV  E_kin = 1.70184978 eV (T = 365.73 K)  Etot = -21628.50914437 eV
Step 70/300: E_pot = -21630.34700652 eV  E_kin = 1.82946282 eV (T = 393.15 K)  Etot = -21628.51754370 eV
Step 71/300: E_pot = -21630.42719114 eV  E_kin = 1.90571433 eV (T = 409.54 K)  Etot = -21628.52147681 eV
Step 72/300: E_pot = -21630.39552559 eV  E_kin = 1.87857840 eV (T = 403.70 K)  Etot = -21628.51694719 eV
Step 73/300: E_pot = -21630.31372186 eV  E_kin = 1.80090008 eV (T = 387.01 K)  Etot = -21628.51282178 eV
Step 74/300: E_pot = -21630.24435071 eV  E_kin = 1.73190118 eV (T = 372.18 K)  Etot = -21628.51244952 eV
Step 75/300: E_pot = -21630.19884139 eV  E_kin = 1.68704926 eV (T = 362.54 K)  Etot = -21628.51179214 eV
Step 76/300: E_pot = -21630.18008496 eV  E_kin = 1.66594199 eV (T = 358.01 K)  Etot = -21628.51414297 eV
Step 77/300: E_pot = -21630.15225627 eV  E_kin = 1.63511835 eV (T = 351.38 K)  Etot = -21628.51713792 eV
Step 78/300: E_pot = -21630.07922182 eV  E_kin = 1.56645717 eV (T = 336.63 K)  Etot = -21628.51276465 eV
Step 79/300: E_pot = -21630.01880904 eV  E_kin = 1.51075666 eV (T = 324.66 K)  Etot = -21628.50805237 eV
Step 80/300: E_pot = -21630.03368074 eV  E_kin = 1.52327421 eV (T = 327.35 K)  Etot = -21628.51040652 eV
Step 81/300: E_pot = -21630.09279276 eV  E_kin = 1.57875550 eV (T = 339.27 K)  Etot = -21628.51403726 eV
Step 82/300: E_pot = -21630.14705084 eV  E_kin = 1.63438550 eV (T = 351.23 K)  Etot = -21628.51266534 eV
Step 83/300: E_pot = -21630.21325301 eV  E_kin = 1.70169888 eV (T = 365.69 K)  Etot = -21628.51155413 eV
Step 84/300: E_pot = -21630.30534398 eV  E_kin = 1.78971327 eV (T = 384.61 K)  Etot = -21628.51563071 eV
Step 85/300: E_pot = -21630.37014840 eV  E_kin = 1.85153777 eV (T = 397.89 K)  Etot = -21628.51861063 eV
Step 86/300: E_pot = -21630.36183610 eV  E_kin = 1.84273402 eV (T = 396.00 K)  Etot = -21628.51910208 eV
Step 87/300: E_pot = -21630.26680208 eV  E_kin = 1.74724183 eV (T = 375.48 K)  Etot = -21628.51956026 eV
Step 88/300: E_pot = -21630.08599440 eV  E_kin = 1.57186709 eV (T = 337.79 K)  Etot = -21628.51412731 eV
Step 89/300: E_pot = -21629.90135161 eV  E_kin = 1.39572848 eV (T = 299.94 K)  Etot = -21628.50562313 eV
Step 90/300: E_pot = -21629.83383040 eV  E_kin = 1.32967522 eV (T = 285.75 K)  Etot = -21628.50415518 eV
Step 91/300: E_pot = -21629.90518371 eV  E_kin = 1.39490498 eV (T = 299.76 K)  Etot = -21628.51027873 eV
Step 92/300: E_pot = -21630.02870294 eV  E_kin = 1.51373825 eV (T = 325.30 K)  Etot = -21628.51496468 eV
Step 93/300: E_pot = -21630.13393623 eV  E_kin = 1.61926196 eV (T = 347.98 K)  Etot = -21628.51467426 eV
Step 94/300: E_pot = -21630.21696838 eV  E_kin = 1.70164729 eV (T = 365.68 K)  Etot = -21628.51532110 eV
Step 95/300: E_pot = -21630.27043105 eV  E_kin = 1.75469666 eV (T = 377.08 K)  Etot = -21628.51573439 eV
Step 96/300: E_pot = -21630.29190636 eV  E_kin = 1.77853402 eV (T = 382.20 K)  Etot = -21628.51337234 eV
Step 97/300: E_pot = -21630.30968036 eV  E_kin = 1.79561815 eV (T = 385.88 K)  Etot = -21628.51406221 eV
Step 98/300: E_pot = -21630.31449288 eV  E_kin = 1.79809292 eV (T = 386.41 K)  Etot = -21628.51639996 eV
Step 99/300: E_pot = -21630.27850381 eV  E_kin = 1.76451710 eV (T = 379.19 K)  Etot = -21628.51398670 eV
Step 100/300: E_pot = -21630.23341358 eV  E_kin = 1.72206336 eV (T = 370.07 K)  Etot = -21628.51135023 eV
Step 101/300: E_pot = -21630.21473282 eV  E_kin = 1.70117395 eV (T = 365.58 K)  Etot = -21628.51355886 eV
Step 102/300: E_pot = -21630.19506622 eV  E_kin = 1.67931924 eV (T = 360.88 K)  Etot = -21628.51574698 eV
Step 103/300: E_pot = -21630.14824733 eV  E_kin = 1.63549972 eV (T = 351.47 K)  Etot = -21628.51274761 eV
Step 104/300: E_pot = -21630.11568763 eV  E_kin = 1.60551627 eV (T = 345.02 K)  Etot = -21628.51017136 eV
Step 105/300: E_pot = -21630.13742217 eV  E_kin = 1.62606925 eV (T = 349.44 K)  Etot = -21628.51135291 eV
Step 106/300: E_pot = -21630.20538538 eV  E_kin = 1.69316876 eV (T = 363.86 K)  Etot = -21628.51221662 eV
Step 107/300: E_pot = -21630.30468406 eV  E_kin = 1.78991702 eV (T = 384.65 K)  Etot = -21628.51476704 eV
Step 108/300: E_pot = -21630.38893001 eV  E_kin = 1.86854980 eV (T = 401.55 K)  Etot = -21628.52038021 eV
Step 109/300: E_pot = -21630.37594934 eV  E_kin = 1.85594264 eV (T = 398.84 K)  Etot = -21628.52000670 eV
Step 110/300: E_pot = -21630.26440906 eV  E_kin = 1.75067760 eV (T = 376.22 K)  Etot = -21628.51373146 eV
Step 111/300: E_pot = -21630.13989453 eV  E_kin = 1.63080566 eV (T = 350.46 K)  Etot = -21628.50908887 eV
Step 112/300: E_pot = -21630.07341327 eV  E_kin = 1.56532226 eV (T = 336.39 K)  Etot = -21628.50809101 eV
Step 113/300: E_pot = -21630.08575102 eV  E_kin = 1.57734414 eV (T = 338.97 K)  Etot = -21628.50840688 eV
Step 114/300: E_pot = -21630.17202992 eV  E_kin = 1.66091837 eV (T = 356.93 K)  Etot = -21628.51111156 eV
Step 115/300: E_pot = -21630.28822480 eV  E_kin = 1.77105443 eV (T = 380.60 K)  Etot = -21628.51717037 eV
Step 116/300: E_pot = -21630.35118780 eV  E_kin = 1.83256383 eV (T = 393.82 K)  Etot = -21628.51862397 eV
Step 117/300: E_pot = -21630.34092618 eV  E_kin = 1.82590625 eV (T = 392.38 K)  Etot = -21628.51501993 eV
Step 118/300: E_pot = -21630.30343753 eV  E_kin = 1.78825328 eV (T = 384.29 K)  Etot = -21628.51518425 eV
Step 119/300: E_pot = -21630.24188962 eV  E_kin = 1.72601781 eV (T = 370.92 K)  Etot = -21628.51587181 eV
Step 120/300: E_pot = -21630.14948773 eV  E_kin = 1.63647445 eV (T = 351.68 K)  Etot = -21628.51301328 eV
Step 121/300: E_pot = -21630.06157484 eV  E_kin = 1.55018461 eV (T = 333.13 K)  Etot = -21628.51139023 eV
Step 122/300: E_pot = -21629.99921350 eV  E_kin = 1.48667025 eV (T = 319.48 K)  Etot = -21628.51254324 eV
Step 123/300: E_pot = -21629.94685306 eV  E_kin = 1.43393575 eV (T = 308.15 K)  Etot = -21628.51291731 eV
Step 124/300: E_pot = -21629.90026621 eV  E_kin = 1.38919949 eV (T = 298.54 K)  Etot = -21628.51106672 eV
Step 125/300: E_pot = -21629.88219214 eV  E_kin = 1.37070041 eV (T = 294.56 K)  Etot = -21628.51149173 eV
Step 126/300: E_pot = -21629.89001347 eV  E_kin = 1.37789429 eV (T = 296.11 K)  Etot = -21628.51211917 eV
Step 127/300: E_pot = -21629.92195044 eV  E_kin = 1.41303270 eV (T = 303.66 K)  Etot = -21628.50891775 eV
Step 128/300: E_pot = -21630.02174418 eV  E_kin = 1.51329999 eV (T = 325.21 K)  Etot = -21628.50844419 eV
Step 129/300: E_pot = -21630.19124645 eV  E_kin = 1.67665196 eV (T = 360.31 K)  Etot = -21628.51459449 eV
Step 130/300: E_pot = -21630.34099741 eV  E_kin = 1.82126223 eV (T = 391.39 K)  Etot = -21628.51973518 eV
Step 131/300: E_pot = -21630.38884995 eV  E_kin = 1.86824678 eV (T = 401.48 K)  Etot = -21628.52060317 eV
Step 132/300: E_pot = -21630.31842856 eV  E_kin = 1.80030169 eV (T = 386.88 K)  Etot = -21628.51812687 eV
Step 133/300: E_pot = -21630.17036014 eV  E_kin = 1.65698169 eV (T = 356.08 K)  Etot = -21628.51337845 eV
Step 134/300: E_pot = -21630.02229920 eV  E_kin = 1.51406712 eV (T = 325.37 K)  Etot = -21628.50823207 eV
Step 135/300: E_pot = -21629.95155209 eV  E_kin = 1.44343900 eV (T = 310.19 K)  Etot = -21628.50811309 eV
Step 136/300: E_pot = -21629.95994808 eV  E_kin = 1.44646742 eV (T = 310.84 K)  Etot = -21628.51348066 eV
Step 137/300: E_pot = -21629.97693364 eV  E_kin = 1.46223194 eV (T = 314.23 K)  Etot = -21628.51470169 eV
Step 138/300: E_pot = -21629.98457964 eV  E_kin = 1.47308032 eV (T = 316.56 K)  Etot = -21628.51149932 eV
Step 139/300: E_pot = -21630.02115481 eV  E_kin = 1.50835085 eV (T = 324.14 K)  Etot = -21628.51280396 eV
Step 140/300: E_pot = -21630.07023980 eV  E_kin = 1.55478410 eV (T = 334.12 K)  Etot = -21628.51545569 eV
Step 141/300: E_pot = -21630.09441048 eV  E_kin = 1.58023747 eV (T = 339.59 K)  Etot = -21628.51417301 eV
Step 142/300: E_pot = -21630.10613921 eV  E_kin = 1.59427309 eV (T = 342.61 K)  Etot = -21628.51186612 eV
Step 143/300: E_pot = -21630.13778102 eV  E_kin = 1.62719702 eV (T = 349.68 K)  Etot = -21628.51058401 eV
Step 144/300: E_pot = -21630.20906906 eV  E_kin = 1.69843462 eV (T = 364.99 K)  Etot = -21628.51063444 eV
Step 145/300: E_pot = -21630.31749713 eV  E_kin = 1.80401211 eV (T = 387.68 K)  Etot = -21628.51348503 eV
Step 146/300: E_pot = -21630.41406686 eV  E_kin = 1.89355124 eV (T = 406.92 K)  Etot = -21628.52051562 eV
Step 147/300: E_pot = -21630.40130834 eV  E_kin = 1.87937817 eV (T = 403.88 K)  Etot = -21628.52193017 eV
Step 148/300: E_pot = -21630.26928234 eV  E_kin = 1.75696075 eV (T = 377.57 K)  Etot = -21628.51232159 eV
Step 149/300: E_pot = -21630.15694127 eV  E_kin = 1.65099411 eV (T = 354.80 K)  Etot = -21628.50594716 eV
Step 150/300: E_pot = -21630.16027760 eV  E_kin = 1.65059664 eV (T = 354.71 K)  Etot = -21628.50968096 eV
Step 151/300: E_pot = -21630.23126139 eV  E_kin = 1.71627095 eV (T = 368.82 K)  Etot = -21628.51499044 eV
Step 152/300: E_pot = -21630.28265405 eV  E_kin = 1.76418663 eV (T = 379.12 K)  Etot = -21628.51846742 eV
Step 153/300: E_pot = -21630.25603296 eV  E_kin = 1.73825046 eV (T = 373.55 K)  Etot = -21628.51778250 eV
Step 154/300: E_pot = -21630.15804309 eV  E_kin = 1.64495539 eV (T = 353.50 K)  Etot = -21628.51308770 eV
Step 155/300: E_pot = -21630.05706213 eV  E_kin = 1.54855989 eV (T = 332.78 K)  Etot = -21628.50850224 eV
Step 156/300: E_pot = -21630.01808877 eV  E_kin = 1.50830945 eV (T = 324.13 K)  Etot = -21628.50977932 eV
Step 157/300: E_pot = -21630.02412456 eV  E_kin = 1.50984050 eV (T = 324.46 K)  Etot = -21628.51428406 eV
Step 158/300: E_pot = -21630.01885386 eV  E_kin = 1.50653992 eV (T = 323.75 K)  Etot = -21628.51231394 eV
Step 159/300: E_pot = -21630.03134981 eV  E_kin = 1.52366842 eV (T = 327.43 K)  Etot = -21628.50768139 eV
Step 160/300: E_pot = -21630.12336952 eV  E_kin = 1.61261517 eV (T = 346.55 K)  Etot = -21628.51075436 eV
Step 161/300: E_pot = -21630.25423254 eV  E_kin = 1.73743147 eV (T = 373.37 K)  Etot = -21628.51680107 eV
Step 162/300: E_pot = -21630.33328195 eV  E_kin = 1.81354637 eV (T = 389.73 K)  Etot = -21628.51973558 eV
Step 163/300: E_pot = -21630.31172430 eV  E_kin = 1.79273520 eV (T = 385.26 K)  Etot = -21628.51898909 eV
Step 164/300: E_pot = -21630.20437780 eV  E_kin = 1.69056452 eV (T = 363.30 K)  Etot = -21628.51381328 eV
Step 165/300: E_pot = -21630.09395359 eV  E_kin = 1.58660283 eV (T = 340.96 K)  Etot = -21628.50735076 eV
Step 166/300: E_pot = -21630.07731452 eV  E_kin = 1.57014283 eV (T = 337.42 K)  Etot = -21628.50717169 eV
Step 167/300: E_pot = -21630.15108205 eV  E_kin = 1.63405830 eV (T = 351.16 K)  Etot = -21628.51702375 eV
Step 168/300: E_pot = -21630.17489494 eV  E_kin = 1.65166351 eV (T = 354.94 K)  Etot = -21628.52323143 eV
Step 169/300: E_pot = -21630.06210507 eV  E_kin = 1.54580953 eV (T = 332.19 K)  Etot = -21628.51629554 eV
Step 170/300: E_pot = -21629.90895414 eV  E_kin = 1.40074459 eV (T = 301.02 K)  Etot = -21628.50820954 eV
Step 171/300: E_pot = -21629.83653508 eV  E_kin = 1.32875167 eV (T = 285.55 K)  Etot = -21628.50778341 eV
Step 172/300: E_pot = -21629.86278008 eV  E_kin = 1.35345052 eV (T = 290.85 K)  Etot = -21628.50932956 eV
Step 173/300: E_pot = -21629.95737490 eV  E_kin = 1.44424104 eV (T = 310.37 K)  Etot = -21628.51313386 eV
Step 174/300: E_pot = -21630.05849470 eV  E_kin = 1.54224244 eV (T = 331.43 K)  Etot = -21628.51625227 eV
Step 175/300: E_pot = -21630.11895820 eV  E_kin = 1.60405943 eV (T = 344.71 K)  Etot = -21628.51489877 eV
Step 176/300: E_pot = -21630.15839777 eV  E_kin = 1.64624370 eV (T = 353.78 K)  Etot = -21628.51215407 eV
Step 177/300: E_pot = -21630.21403990 eV  E_kin = 1.69863152 eV (T = 365.03 K)  Etot = -21628.51540839 eV
Step 178/300: E_pot = -21630.24222168 eV  E_kin = 1.72154915 eV (T = 369.96 K)  Etot = -21628.52067253 eV
Step 179/300: E_pot = -21630.17945215 eV  E_kin = 1.66359997 eV (T = 357.51 K)  Etot = -21628.51585218 eV
Step 180/300: E_pot = -21630.09536012 eV  E_kin = 1.58713966 eV (T = 341.07 K)  Etot = -21628.50822046 eV
Step 181/300: E_pot = -21630.09469796 eV  E_kin = 1.58379456 eV (T = 340.36 K)  Etot = -21628.51090340 eV
Step 182/300: E_pot = -21630.14591980 eV  E_kin = 1.63019113 eV (T = 350.33 K)  Etot = -21628.51572867 eV
Step 183/300: E_pot = -21630.17340547 eV  E_kin = 1.65652239 eV (T = 355.98 K)  Etot = -21628.51688308 eV
Step 184/300: E_pot = -21630.14560758 eV  E_kin = 1.62793694 eV (T = 349.84 K)  Etot = -21628.51767064 eV
Step 185/300: E_pot = -21630.05072258 eV  E_kin = 1.53590537 eV (T = 330.06 K)  Etot = -21628.51481721 eV
Step 186/300: E_pot = -21629.93475171 eV  E_kin = 1.42714977 eV (T = 306.69 K)  Etot = -21628.50760194 eV
Step 187/300: E_pot = -21629.90534476 eV  E_kin = 1.40165438 eV (T = 301.21 K)  Etot = -21628.50369038 eV
Step 188/300: E_pot = -21630.01399578 eV  E_kin = 1.50295362 eV (T = 322.98 K)  Etot = -21628.51104216 eV
Step 189/300: E_pot = -21630.15902212 eV  E_kin = 1.64081329 eV (T = 352.61 K)  Etot = -21628.51820883 eV
Step 190/300: E_pot = -21630.23764415 eV  E_kin = 1.72153840 eV (T = 369.96 K)  Etot = -21628.51610575 eV
Step 191/300: E_pot = -21630.27175197 eV  E_kin = 1.75827344 eV (T = 377.85 K)  Etot = -21628.51347853 eV
Step 192/300: E_pot = -21630.29984867 eV  E_kin = 1.78528002 eV (T = 383.65 K)  Etot = -21628.51456865 eV
Step 193/300: E_pot = -21630.31304085 eV  E_kin = 1.79874087 eV (T = 386.55 K)  Etot = -21628.51429998 eV
Step 194/300: E_pot = -21630.30765782 eV  E_kin = 1.79250362 eV (T = 385.21 K)  Etot = -21628.51515420 eV
Step 195/300: E_pot = -21630.26848245 eV  E_kin = 1.75235878 eV (T = 376.58 K)  Etot = -21628.51612367 eV
Step 196/300: E_pot = -21630.18625830 eV  E_kin = 1.67366070 eV (T = 359.67 K)  Etot = -21628.51259760 eV
Step 197/300: E_pot = -21630.11617253 eV  E_kin = 1.60867254 eV (T = 345.70 K)  Etot = -21628.50749999 eV
Step 198/300: E_pot = -21630.12686560 eV  E_kin = 1.61589753 eV (T = 347.25 K)  Etot = -21628.51096807 eV
Step 199/300: E_pot = -21630.16742116 eV  E_kin = 1.64854011 eV (T = 354.27 K)  Etot = -21628.51888105 eV
Step 200/300: E_pot = -21630.12837550 eV  E_kin = 1.61069182 eV (T = 346.14 K)  Etot = -21628.51768368 eV
Step 201/300: E_pot = -21630.02256667 eV  E_kin = 1.51174568 eV (T = 324.87 K)  Etot = -21628.51082099 eV
Step 202/300: E_pot = -21629.94858132 eV  E_kin = 1.44101668 eV (T = 309.67 K)  Etot = -21628.50756464 eV
Step 203/300: E_pot = -21629.96245212 eV  E_kin = 1.45534138 eV (T = 312.75 K)  Etot = -21628.50711074 eV
Step 204/300: E_pot = -21630.06820389 eV  E_kin = 1.55817320 eV (T = 334.85 K)  Etot = -21628.51003069 eV
Step 205/300: E_pot = -21630.21317351 eV  E_kin = 1.69623121 eV (T = 364.52 K)  Etot = -21628.51694230 eV
Step 206/300: E_pot = -21630.29539663 eV  E_kin = 1.77479882 eV (T = 381.40 K)  Etot = -21628.52059781 eV
Step 207/300: E_pot = -21630.26540651 eV  E_kin = 1.74902557 eV (T = 375.86 K)  Etot = -21628.51638094 eV
Step 208/300: E_pot = -21630.19099636 eV  E_kin = 1.68165504 eV (T = 361.39 K)  Etot = -21628.50934132 eV
Step 209/300: E_pot = -21630.17366570 eV  E_kin = 1.66318299 eV (T = 357.42 K)  Etot = -21628.51048271 eV
Step 210/300: E_pot = -21630.20386160 eV  E_kin = 1.68913547 eV (T = 362.99 K)  Etot = -21628.51472613 eV
Step 211/300: E_pot = -21630.22061378 eV  E_kin = 1.70531288 eV (T = 366.47 K)  Etot = -21628.51530090 eV
Step 212/300: E_pot = -21630.20648958 eV  E_kin = 1.69060371 eV (T = 363.31 K)  Etot = -21628.51588587 eV
Step 213/300: E_pot = -21630.15706480 eV  E_kin = 1.64243226 eV (T = 352.96 K)  Etot = -21628.51463254 eV
Step 214/300: E_pot = -21630.09632000 eV  E_kin = 1.58498404 eV (T = 340.61 K)  Etot = -21628.51133596 eV
Step 215/300: E_pot = -21630.06402347 eV  E_kin = 1.55039297 eV (T = 333.18 K)  Etot = -21628.51363050 eV
Step 216/300: E_pot = -21630.02555635 eV  E_kin = 1.50837225 eV (T = 324.15 K)  Etot = -21628.51718410 eV
Step 217/300: E_pot = -21629.93174673 eV  E_kin = 1.41791030 eV (T = 304.71 K)  Etot = -21628.51383643 eV
Step 218/300: E_pot = -21629.83446338 eV  E_kin = 1.32887693 eV (T = 285.57 K)  Etot = -21628.50558645 eV
Step 219/300: E_pot = -21629.85177515 eV  E_kin = 1.34704224 eV (T = 289.48 K)  Etot = -21628.50473291 eV
Step 220/300: E_pot = -21629.99540430 eV  E_kin = 1.48176954 eV (T = 318.43 K)  Etot = -21628.51363476 eV
Step 221/300: E_pot = -21630.14113126 eV  E_kin = 1.62165740 eV (T = 348.49 K)  Etot = -21628.51947386 eV
Step 222/300: E_pot = -21630.19745005 eV  E_kin = 1.67791980 eV (T = 360.58 K)  Etot = -21628.51953025 eV
Step 223/300: E_pot = -21630.16165015 eV  E_kin = 1.64544384 eV (T = 353.60 K)  Etot = -21628.51620631 eV
Step 224/300: E_pot = -21630.09191317 eV  E_kin = 1.58238793 eV (T = 340.05 K)  Etot = -21628.50952524 eV
Step 225/300: E_pot = -21630.08715422 eV  E_kin = 1.58022459 eV (T = 339.59 K)  Etot = -21628.50692962 eV
Step 226/300: E_pot = -21630.18015904 eV  E_kin = 1.66646942 eV (T = 358.12 K)  Etot = -21628.51368962 eV
Step 227/300: E_pot = -21630.27240065 eV  E_kin = 1.75141144 eV (T = 376.38 K)  Etot = -21628.52098921 eV
Step 228/300: E_pot = -21630.25669862 eV  E_kin = 1.73715976 eV (T = 373.31 K)  Etot = -21628.51953886 eV
Step 229/300: E_pot = -21630.15233002 eV  E_kin = 1.64051859 eV (T = 352.55 K)  Etot = -21628.51181142 eV
Step 230/300: E_pot = -21630.06454877 eV  E_kin = 1.55451644 eV (T = 334.06 K)  Etot = -21628.51003233 eV
Step 231/300: E_pot = -21630.02208224 eV  E_kin = 1.50902605 eV (T = 324.29 K)  Etot = -21628.51305619 eV
Step 232/300: E_pot = -21629.98347840 eV  E_kin = 1.46983468 eV (T = 315.87 K)  Etot = -21628.51364371 eV
Step 233/300: E_pot = -21629.93525459 eV  E_kin = 1.42269958 eV (T = 305.74 K)  Etot = -21628.51255501 eV
Step 234/300: E_pot = -21629.89847947 eV  E_kin = 1.38938647 eV (T = 298.58 K)  Etot = -21628.50909300 eV
Step 235/300: E_pot = -21629.93261921 eV  E_kin = 1.42754760 eV (T = 306.78 K)  Etot = -21628.50507161 eV
Step 236/300: E_pot = -21630.09175995 eV  E_kin = 1.58176858 eV (T = 339.92 K)  Etot = -21628.50999137 eV
Step 237/300: E_pot = -21630.30095902 eV  E_kin = 1.78015487 eV (T = 382.55 K)  Etot = -21628.52080415 eV
Step 238/300: E_pot = -21630.40341713 eV  E_kin = 1.87957510 eV (T = 403.92 K)  Etot = -21628.52384203 eV
Step 239/300: E_pot = -21630.35591100 eV  E_kin = 1.84103833 eV (T = 395.64 K)  Etot = -21628.51487267 eV
Step 240/300: E_pot = -21630.28663170 eV  E_kin = 1.77999857 eV (T = 382.52 K)  Etot = -21628.50663313 eV
Step 241/300: E_pot = -21630.31455511 eV  E_kin = 1.80503036 eV (T = 387.90 K)  Etot = -21628.50952475 eV
Step 242/300: E_pot = -21630.40447424 eV  E_kin = 1.88830950 eV (T = 405.79 K)  Etot = -21628.51616474 eV
Step 243/300: E_pot = -21630.45267294 eV  E_kin = 1.93128571 eV (T = 415.03 K)  Etot = -21628.52138723 eV
Step 244/300: E_pot = -21630.37759408 eV  E_kin = 1.85646372 eV (T = 398.95 K)  Etot = -21628.52113036 eV
Step 245/300: E_pot = -21630.18931957 eV  E_kin = 1.67737447 eV (T = 360.47 K)  Etot = -21628.51194510 eV
Step 246/300: E_pot = -21630.02286675 eV  E_kin = 1.51887893 eV (T = 326.40 K)  Etot = -21628.50398782 eV
Step 247/300: E_pot = -21629.99223949 eV  E_kin = 1.48517494 eV (T = 319.16 K)  Etot = -21628.50706455 eV
Step 248/300: E_pot = -21630.05563873 eV  E_kin = 1.54108325 eV (T = 331.18 K)  Etot = -21628.51455548 eV
Step 249/300: E_pot = -21630.10394975 eV  E_kin = 1.58772931 eV (T = 341.20 K)  Etot = -21628.51622045 eV
Step 250/300: E_pot = -21630.11381163 eV  E_kin = 1.60329746 eV (T = 344.55 K)  Etot = -21628.51051417 eV
Step 251/300: E_pot = -21630.16218758 eV  E_kin = 1.65275561 eV (T = 355.17 K)  Etot = -21628.50943197 eV
Step 252/300: E_pot = -21630.26551807 eV  E_kin = 1.75009446 eV (T = 376.09 K)  Etot = -21628.51542360 eV
Step 253/300: E_pot = -21630.34092179 eV  E_kin = 1.82152108 eV (T = 391.44 K)  Etot = -21628.51940071 eV
Step 254/300: E_pot = -21630.32544722 eV  E_kin = 1.80649725 eV (T = 388.21 K)  Etot = -21628.51894998 eV
Step 255/300: E_pot = -21630.22906988 eV  E_kin = 1.71603879 eV (T = 368.77 K)  Etot = -21628.51303109 eV
Step 256/300: E_pot = -21630.14532910 eV  E_kin = 1.63966036 eV (T = 352.36 K)  Etot = -21628.50566873 eV
Step 257/300: E_pot = -21630.17812487 eV  E_kin = 1.66999261 eV (T = 358.88 K)  Etot = -21628.50813227 eV
Step 258/300: E_pot = -21630.28860476 eV  E_kin = 1.76923602 eV (T = 380.21 K)  Etot = -21628.51936874 eV
Step 259/300: E_pot = -21630.31356890 eV  E_kin = 1.78838312 eV (T = 384.32 K)  Etot = -21628.52518578 eV
Step 260/300: E_pot = -21630.16989722 eV  E_kin = 1.65256840 eV (T = 355.13 K)  Etot = -21628.51732882 eV
Step 261/300: E_pot = -21629.97032822 eV  E_kin = 1.46411520 eV (T = 314.64 K)  Etot = -21628.50621302 eV
Step 262/300: E_pot = -21629.87662724 eV  E_kin = 1.37201788 eV (T = 294.84 K)  Etot = -21628.50460936 eV
Step 263/300: E_pot = -21629.92005933 eV  E_kin = 1.41104297 eV (T = 303.23 K)  Etot = -21628.50901637 eV
Step 264/300: E_pot = -21630.02885183 eV  E_kin = 1.51273204 eV (T = 325.08 K)  Etot = -21628.51611979 eV
Step 265/300: E_pot = -21630.09118748 eV  E_kin = 1.57016978 eV (T = 337.43 K)  Etot = -21628.52101770 eV
Step 266/300: E_pot = -21630.04176965 eV  E_kin = 1.52597482 eV (T = 327.93 K)  Etot = -21628.51579483 eV
Step 267/300: E_pot = -21629.96225521 eV  E_kin = 1.45537370 eV (T = 312.76 K)  Etot = -21628.50688151 eV
Step 268/300: E_pot = -21629.98105062 eV  E_kin = 1.47239745 eV (T = 316.42 K)  Etot = -21628.50865316 eV
Step 269/300: E_pot = -21630.07676774 eV  E_kin = 1.55940461 eV (T = 335.11 K)  Etot = -21628.51736313 eV
Step 270/300: E_pot = -21630.12667707 eV  E_kin = 1.60773571 eV (T = 345.50 K)  Etot = -21628.51894136 eV
Step 271/300: E_pot = -21630.10729324 eV  E_kin = 1.59608869 eV (T = 343.00 K)  Etot = -21628.51120455 eV
Step 272/300: E_pot = -21630.12594574 eV  E_kin = 1.61899229 eV (T = 347.92 K)  Etot = -21628.50695345 eV
Step 273/300: E_pot = -21630.24540461 eV  E_kin = 1.73392107 eV (T = 372.62 K)  Etot = -21628.51148354 eV
Step 274/300: E_pot = -21630.39909304 eV  E_kin = 1.87988370 eV (T = 403.98 K)  Etot = -21628.51920934 eV
Step 275/300: E_pot = -21630.46344574 eV  E_kin = 1.93804014 eV (T = 416.48 K)  Etot = -21628.52540560 eV
Step 276/300: E_pot = -21630.34593251 eV  E_kin = 1.82301611 eV (T = 391.76 K)  Etot = -21628.52291640 eV
Step 277/300: E_pot = -21630.09267639 eV  E_kin = 1.58303565 eV (T = 340.19 K)  Etot = -21628.50964074 eV
Step 278/300: E_pot = -21629.90218435 eV  E_kin = 1.40221249 eV (T = 301.33 K)  Etot = -21628.49997186 eV
Step 279/300: E_pot = -21629.91460566 eV  E_kin = 1.40803621 eV (T = 302.58 K)  Etot = -21628.50656945 eV
Step 280/300: E_pot = -21630.03877846 eV  E_kin = 1.52061310 eV (T = 326.78 K)  Etot = -21628.51816536 eV
Step 281/300: E_pot = -21630.10699052 eV  E_kin = 1.58798563 eV (T = 341.26 K)  Etot = -21628.51900488 eV
Step 282/300: E_pot = -21630.09809715 eV  E_kin = 1.58511873 eV (T = 340.64 K)  Etot = -21628.51297842 eV
Step 283/300: E_pot = -21630.09634952 eV  E_kin = 1.58635503 eV (T = 340.91 K)  Etot = -21628.50999450 eV
Step 284/300: E_pot = -21630.15424453 eV  E_kin = 1.64515301 eV (T = 353.54 K)  Etot = -21628.50909152 eV
Step 285/300: E_pot = -21630.28201455 eV  E_kin = 1.77013122 eV (T = 380.40 K)  Etot = -21628.51188333 eV
Step 286/300: E_pot = -21630.43021622 eV  E_kin = 1.91166414 eV (T = 410.81 K)  Etot = -21628.51855207 eV
Step 287/300: E_pot = -21630.50211346 eV  E_kin = 1.98180089 eV (T = 425.89 K)  Etot = -21628.52031257 eV
Step 288/300: E_pot = -21630.47393845 eV  E_kin = 1.95925266 eV (T = 421.04 K)  Etot = -21628.51468579 eV
Step 289/300: E_pot = -21630.42155059 eV  E_kin = 1.90865759 eV (T = 410.17 K)  Etot = -21628.51289300 eV
Step 290/300: E_pot = -21630.36898849 eV  E_kin = 1.85086792 eV (T = 397.75 K)  Etot = -21628.51812057 eV
Step 291/300: E_pot = -21630.24779837 eV  E_kin = 1.72978626 eV (T = 371.73 K)  Etot = -21628.51801211 eV
Step 292/300: E_pot = -21630.05993143 eV  E_kin = 1.55011154 eV (T = 333.12 K)  Etot = -21628.50981990 eV
Step 293/300: E_pot = -21629.91955521 eV  E_kin = 1.41521921 eV (T = 304.13 K)  Etot = -21628.50433600 eV
Step 294/300: E_pot = -21629.90947418 eV  E_kin = 1.40378334 eV (T = 301.67 K)  Etot = -21628.50569084 eV
Step 295/300: E_pot = -21630.01196361 eV  E_kin = 1.50115898 eV (T = 322.60 K)  Etot = -21628.51080463 eV
Step 296/300: E_pot = -21630.14348604 eV  E_kin = 1.62499461 eV (T = 349.21 K)  Etot = -21628.51849143 eV
Step 297/300: E_pot = -21630.18880640 eV  E_kin = 1.66654186 eV (T = 358.14 K)  Etot = -21628.52226454 eV
Step 298/300: E_pot = -21630.10044470 eV  E_kin = 1.58509935 eV (T = 340.64 K)  Etot = -21628.51534535 eV
Step 299/300: E_pot = -21629.98278111 eV  E_kin = 1.47638956 eV (T = 317.27 K)  Etot = -21628.50639156 eV
Step 300/300: E_pot = -21629.96383641 eV  E_kin = 1.45509218 eV (T = 312.70 K)  Etot = -21628.50874423 eV
============================================================================
                               JOB STATISTICS                              
============================================================================
      SubmitTime: 2021-09-03T00:16:22
         EndTime: 2021-09-09T13:15:08
         RunTime: 3-09:31:47
           JobId: 4226432
            TRES: cpu=24,mem=96432M,node=1,billing=19
       Partition: smp
        NodeList: smp-n210
         Command: /ihome/jkeith/amm503/projects/mbgdml/ase.md/orca/mecn/6mecn.malloum.etal.1.md.gfn2.300k.md.gfn2.300k.step10000-ase.md-orca.mp2.def2tzvp.300k/submit-ase.md.orca.slurm
          StdOut: /ihome/jkeith/amm503/projects/mbgdml/ase.md/orca/mecn/6mecn.malloum.etal.1.md.gfn2.300k.md.gfn2.300k.step10000-ase.md-orca.mp2.def2tzvp.300k/6mecn.malloum.etal.1.md.gfn2.300k.md.gfn2.300k.step10000-ase.md.init-orca.mp2.def2tzvp.300k.out
More information:
    - `sacct -M smp -j 4226432 -S 2021-09-03T00:16:22 -E 2021-09-09T13:15:08`
   Print control:
    - List of all possible fields: `sacct --helpformat`
    - Add `--format=<field1,field2,etc>` with fields of interest
============================================================================
