Time[ps]      Etot[eV]     Epot[eV]     Ekin[eV]    T[K]
0.0000      -21628.5028  -21629.8906       1.3878   298.2
0.0010      -21628.5107  -21630.0665       1.5558   334.3
0.0020      -21628.5228  -21630.2971       1.7743   381.3
0.0030      -21628.5265  -21630.3984       1.8719   402.3
0.0040      -21628.5186  -21630.3121       1.7935   385.4
0.0050      -21628.5088  -21630.1525       1.6437   353.2
0.0060      -21628.5078  -21630.0645       1.5566   334.5
0.0070      -21628.5130  -21630.0689       1.5559   334.4
0.0080      -21628.5178  -21630.0896       1.5718   337.8
0.0090      -21628.5160  -21630.0596       1.5437   331.7
0.0100      -21628.5103  -21630.0089       1.4986   322.0
0.0110      -21628.5102  -21630.0199       1.5097   324.4
0.0120      -21628.5166  -21630.0951       1.5785   339.2
0.0130      -21628.5212  -21630.1407       1.6194   348.0
0.0140      -21628.5166  -21630.0886       1.5720   337.8
0.0150      -21628.5064  -21630.0090       1.5026   322.9
0.0160      -21628.5055  -21630.0464       1.5408   331.1
0.0170      -21628.5156  -21630.2106       1.6950   364.3
0.0180      -21628.5246  -21630.3506       1.8260   392.4
0.0190      -21628.5232  -21630.3293       1.8061   388.1
0.0200      -21628.5121  -21630.1696       1.6575   356.2
0.0210      -21628.5045  -21630.0348       1.5303   328.9
0.0220      -21628.5077  -21630.0403       1.5326   329.4
0.0230      -21628.5167  -21630.1412       1.6244   349.1
0.0240      -21628.5213  -21630.2018       1.6805   361.1
0.0250      -21628.5160  -21630.1552       1.6393   352.3
0.0260      -21628.5098  -21630.0765       1.5667   336.7
0.0270      -21628.5116  -21630.0549       1.5433   331.7
0.0280      -21628.5165  -21630.0698       1.5533   333.8
0.0290      -21628.5180  -21630.0492       1.5311   329.0
0.0300      -21628.5127  -21629.9750       1.4623   314.3
0.0310      -21628.5066  -21629.9307       1.4241   306.0
0.0320      -21628.5092  -21630.0052       1.4960   321.5
0.0330      -21628.5184  -21630.1598       1.6414   352.7
0.0340      -21628.5247  -21630.2551       1.7304   371.9
0.0350      -21628.5198  -21630.1978       1.6780   360.6
0.0360      -21628.5078  -21630.0606       1.5528   333.7
0.0370      -21628.5035  -21630.0161       1.5126   325.1
0.0380      -21628.5108  -21630.1272       1.6165   347.4
0.0390      -21628.5217  -21630.2831       1.7614   378.5
0.0400      -21628.5249  -21630.3190       1.7942   385.6
0.0410      -21628.5168  -21630.1896       1.6728   359.5
0.0420      -21628.5084  -21630.0142       1.5058   323.6
0.0430      -21628.5073  -21629.9251       1.4178   304.7
0.0440      -21628.5120  -21629.9453       1.4333   308.0
0.0450      -21628.5165  -21630.0054       1.4889   320.0
0.0460      -21628.5139  -21630.0419       1.5281   328.4
0.0470      -21628.5096  -21630.0878       1.5782   339.2
0.0480      -21628.5119  -21630.1986       1.6867   362.5
0.0490      -21628.5187  -21630.3371       1.8184   390.8
0.0500      -21628.5219  -21630.4009       1.8790   403.8
0.0510      -21628.5168  -21630.3437       1.8270   392.6
0.0520      -21628.5101  -21630.2403       1.7302   371.8
0.0530      -21628.5088  -21630.1922       1.6834   361.8
0.0540      -21628.5125  -21630.2230       1.7105   367.6
0.0550      -21628.5190  -21630.2739       1.7549   377.1
0.0560      -21628.5202  -21630.2490       1.7288   371.5
0.0570      -21628.5121  -21630.1350       1.6229   348.8
0.0580      -21628.5057  -21630.0455       1.5398   330.9
0.0590      -21628.5076  -21630.0749       1.5673   336.8
0.0600      -21628.5144  -21630.1953       1.6809   361.2
0.0610      -21628.5177  -21630.3088       1.7911   384.9
0.0620      -21628.5164  -21630.3656       1.8492   397.4
0.0630      -21628.5161  -21630.3815       1.8654   400.9
0.0640      -21628.5161  -21630.3658       1.8497   397.5
0.0650      -21628.5154  -21630.3209       1.8055   388.0
0.0660      -21628.5152  -21630.2545       1.7393   373.8
0.0670      -21628.5112  -21630.1750       1.6638   357.6
0.0680      -21628.5065  -21630.1400       1.6334   351.0
0.0690      -21628.5091  -21630.2110       1.7018   365.7
0.0700      -21628.5175  -21630.3470       1.8295   393.1
0.0710      -21628.5215  -21630.4272       1.9057   409.5
0.0720      -21628.5169  -21630.3955       1.8786   403.7
0.0730      -21628.5128  -21630.3137       1.8009   387.0
0.0740      -21628.5124  -21630.2444       1.7319   372.2
0.0750      -21628.5118  -21630.1988       1.6870   362.5
0.0760      -21628.5141  -21630.1801       1.6659   358.0
0.0770      -21628.5171  -21630.1523       1.6351   351.4
0.0780      -21628.5128  -21630.0792       1.5665   336.6
0.0790      -21628.5081  -21630.0188       1.5108   324.7
0.0800      -21628.5104  -21630.0337       1.5233   327.3
0.0810      -21628.5140  -21630.0928       1.5788   339.3
0.0820      -21628.5127  -21630.1471       1.6344   351.2
0.0830      -21628.5116  -21630.2133       1.7017   365.7
0.0840      -21628.5156  -21630.3053       1.7897   384.6
0.0850      -21628.5186  -21630.3701       1.8515   397.9
0.0860      -21628.5191  -21630.3618       1.8427   396.0
0.0870      -21628.5196  -21630.2668       1.7472   375.5
0.0880      -21628.5141  -21630.0860       1.5719   337.8
0.0890      -21628.5056  -21629.9014       1.3957   299.9
0.0900      -21628.5042  -21629.8338       1.3297   285.7
0.0910      -21628.5103  -21629.9052       1.3949   299.8
0.0920      -21628.5150  -21630.0287       1.5137   325.3
0.0930      -21628.5147  -21630.1339       1.6193   348.0
0.0940      -21628.5153  -21630.2170       1.7016   365.7
0.0950      -21628.5157  -21630.2704       1.7547   377.1
0.0960      -21628.5134  -21630.2919       1.7785   382.2
0.0970      -21628.5141  -21630.3097       1.7956   385.9
0.0980      -21628.5164  -21630.3145       1.7981   386.4
0.0990      -21628.5140  -21630.2785       1.7645   379.2
0.1000      -21628.5114  -21630.2334       1.7221   370.1
0.1010      -21628.5136  -21630.2147       1.7012   365.6
0.1020      -21628.5157  -21630.1951       1.6793   360.9
0.1030      -21628.5127  -21630.1482       1.6355   351.5
0.1040      -21628.5102  -21630.1157       1.6055   345.0
0.1050      -21628.5114  -21630.1374       1.6261   349.4
0.1060      -21628.5122  -21630.2054       1.6932   363.9
0.1070      -21628.5148  -21630.3047       1.7899   384.7
0.1080      -21628.5204  -21630.3889       1.8685   401.5
0.1090      -21628.5200  -21630.3759       1.8559   398.8
0.1100      -21628.5137  -21630.2644       1.7507   376.2
0.1110      -21628.5091  -21630.1399       1.6308   350.5
0.1120      -21628.5081  -21630.0734       1.5653   336.4
0.1130      -21628.5084  -21630.0858       1.5773   339.0
0.1140      -21628.5111  -21630.1720       1.6609   356.9
0.1150      -21628.5172  -21630.2882       1.7711   380.6
0.1160      -21628.5186  -21630.3512       1.8326   393.8
0.1170      -21628.5150  -21630.3409       1.8259   392.4
0.1180      -21628.5152  -21630.3034       1.7883   384.3
0.1190      -21628.5159  -21630.2419       1.7260   370.9
0.1200      -21628.5130  -21630.1495       1.6365   351.7
0.1210      -21628.5114  -21630.0616       1.5502   333.1
0.1220      -21628.5125  -21629.9992       1.4867   319.5
0.1230      -21628.5129  -21629.9469       1.4339   308.2
0.1240      -21628.5111  -21629.9003       1.3892   298.5
0.1250      -21628.5115  -21629.8822       1.3707   294.6
0.1260      -21628.5121  -21629.8900       1.3779   296.1
0.1270      -21628.5089  -21629.9220       1.4130   303.7
0.1280      -21628.5084  -21630.0217       1.5133   325.2
0.1290      -21628.5146  -21630.1912       1.6767   360.3
0.1300      -21628.5197  -21630.3410       1.8213   391.4
0.1310      -21628.5206  -21630.3888       1.8682   401.5
0.1320      -21628.5181  -21630.3184       1.8003   386.9
0.1330      -21628.5134  -21630.1704       1.6570   356.1
0.1340      -21628.5082  -21630.0223       1.5141   325.4
0.1350      -21628.5081  -21629.9516       1.4434   310.2
0.1360      -21628.5135  -21629.9599       1.4465   310.8
0.1370      -21628.5147  -21629.9769       1.4622   314.2
0.1380      -21628.5115  -21629.9846       1.4731   316.6
0.1390      -21628.5128  -21630.0212       1.5084   324.1
0.1400      -21628.5155  -21630.0702       1.5548   334.1
0.1410      -21628.5142  -21630.0944       1.5802   339.6
0.1420      -21628.5119  -21630.1061       1.5943   342.6
0.1430      -21628.5106  -21630.1378       1.6272   349.7
0.1440      -21628.5106  -21630.2091       1.6984   365.0
0.1450      -21628.5135  -21630.3175       1.8040   387.7
0.1460      -21628.5205  -21630.4141       1.8936   406.9
0.1470      -21628.5219  -21630.4013       1.8794   403.9
0.1480      -21628.5123  -21630.2693       1.7570   377.6
0.1490      -21628.5059  -21630.1569       1.6510   354.8
0.1500      -21628.5097  -21630.1603       1.6506   354.7
0.1510      -21628.5150  -21630.2313       1.7163   368.8
0.1520      -21628.5185  -21630.2827       1.7642   379.1
0.1530      -21628.5178  -21630.2560       1.7383   373.5
0.1540      -21628.5131  -21630.1580       1.6450   353.5
0.1550      -21628.5085  -21630.0571       1.5486   332.8
0.1560      -21628.5098  -21630.0181       1.5083   324.1
0.1570      -21628.5143  -21630.0241       1.5098   324.5
0.1580      -21628.5123  -21630.0189       1.5065   323.8
0.1590      -21628.5077  -21630.0313       1.5237   327.4
0.1600      -21628.5108  -21630.1234       1.6126   346.5
0.1610      -21628.5168  -21630.2542       1.7374   373.4
0.1620      -21628.5197  -21630.3333       1.8135   389.7
0.1630      -21628.5190  -21630.3117       1.7927   385.3
0.1640      -21628.5138  -21630.2044       1.6906   363.3
0.1650      -21628.5074  -21630.0940       1.5866   341.0
0.1660      -21628.5072  -21630.0773       1.5701   337.4
0.1670      -21628.5170  -21630.1511       1.6341   351.2
0.1680      -21628.5232  -21630.1749       1.6517   354.9
0.1690      -21628.5163  -21630.0621       1.5458   332.2
0.1700      -21628.5082  -21629.9090       1.4007   301.0
0.1710      -21628.5078  -21629.8365       1.3288   285.5
0.1720      -21628.5093  -21629.8628       1.3535   290.9
0.1730      -21628.5131  -21629.9574       1.4442   310.4
0.1740      -21628.5163  -21630.0585       1.5422   331.4
0.1750      -21628.5149  -21630.1190       1.6041   344.7
0.1760      -21628.5122  -21630.1584       1.6462   353.8
0.1770      -21628.5154  -21630.2140       1.6986   365.0
0.1780      -21628.5207  -21630.2422       1.7215   370.0
0.1790      -21628.5159  -21630.1795       1.6636   357.5
0.1800      -21628.5082  -21630.0954       1.5871   341.1
0.1810      -21628.5109  -21630.0947       1.5838   340.4
0.1820      -21628.5157  -21630.1459       1.6302   350.3
0.1830      -21628.5169  -21630.1734       1.6565   356.0
0.1840      -21628.5177  -21630.1456       1.6279   349.8
0.1850      -21628.5148  -21630.0507       1.5359   330.1
0.1860      -21628.5076  -21629.9348       1.4271   306.7
0.1870      -21628.5037  -21629.9053       1.4017   301.2
0.1880      -21628.5110  -21630.0140       1.5030   323.0
0.1890      -21628.5182  -21630.1590       1.6408   352.6
0.1900      -21628.5161  -21630.2376       1.7215   370.0
0.1910      -21628.5135  -21630.2718       1.7583   377.9
0.1920      -21628.5146  -21630.2998       1.7853   383.7
0.1930      -21628.5143  -21630.3130       1.7987   386.5
0.1940      -21628.5152  -21630.3077       1.7925   385.2
0.1950      -21628.5161  -21630.2685       1.7524   376.6
0.1960      -21628.5126  -21630.1863       1.6737   359.7
0.1970      -21628.5075  -21630.1162       1.6087   345.7
0.1980      -21628.5110  -21630.1269       1.6159   347.3
0.1990      -21628.5189  -21630.1674       1.6485   354.3
0.2000      -21628.5177  -21630.1284       1.6107   346.1
0.2010      -21628.5108  -21630.0226       1.5117   324.9
0.2020      -21628.5076  -21629.9486       1.4410   309.7
0.2030      -21628.5071  -21629.9625       1.4553   312.8
0.2040      -21628.5100  -21630.0682       1.5582   334.8
0.2050      -21628.5169  -21630.2132       1.6962   364.5
0.2060      -21628.5206  -21630.2954       1.7748   381.4
0.2070      -21628.5164  -21630.2654       1.7490   375.9
0.2080      -21628.5093  -21630.1910       1.6817   361.4
0.2090      -21628.5105  -21630.1737       1.6632   357.4
0.2100      -21628.5147  -21630.2039       1.6891   363.0
0.2110      -21628.5153  -21630.2206       1.7053   366.5
0.2120      -21628.5159  -21630.2065       1.6906   363.3
0.2130      -21628.5146  -21630.1571       1.6424   353.0
0.2140      -21628.5113  -21630.0963       1.5850   340.6
0.2150      -21628.5136  -21630.0640       1.5504   333.2
0.2160      -21628.5172  -21630.0256       1.5084   324.1
0.2170      -21628.5138  -21629.9317       1.4179   304.7
0.2180      -21628.5056  -21629.8345       1.3289   285.6
0.2190      -21628.5047  -21629.8518       1.3470   289.5
0.2200      -21628.5136  -21629.9954       1.4818   318.4
0.2210      -21628.5195  -21630.1411       1.6217   348.5
0.2220      -21628.5195  -21630.1975       1.6779   360.6
0.2230      -21628.5162  -21630.1617       1.6454   353.6
0.2240      -21628.5095  -21630.0919       1.5824   340.1
0.2250      -21628.5069  -21630.0872       1.5802   339.6
0.2260      -21628.5137  -21630.1802       1.6665   358.1
0.2270      -21628.5210  -21630.2724       1.7514   376.4
0.2280      -21628.5195  -21630.2567       1.7372   373.3
0.2290      -21628.5118  -21630.1523       1.6405   352.5
0.2300      -21628.5100  -21630.0645       1.5545   334.1
0.2310      -21628.5131  -21630.0221       1.5090   324.3
0.2320      -21628.5136  -21629.9835       1.4698   315.9
0.2330      -21628.5126  -21629.9353       1.4227   305.7
0.2340      -21628.5091  -21629.8985       1.3894   298.6
0.2350      -21628.5051  -21629.9326       1.4275   306.8
0.2360      -21628.5100  -21630.0918       1.5818   339.9
0.2370      -21628.5208  -21630.3010       1.7802   382.6
0.2380      -21628.5238  -21630.4034       1.8796   403.9
0.2390      -21628.5149  -21630.3559       1.8410   395.6
0.2400      -21628.5066  -21630.2866       1.7800   382.5
0.2410      -21628.5095  -21630.3146       1.8050   387.9
0.2420      -21628.5162  -21630.4045       1.8883   405.8
0.2430      -21628.5214  -21630.4527       1.9313   415.0
0.2440      -21628.5211  -21630.3776       1.8565   399.0
0.2450      -21628.5119  -21630.1893       1.6774   360.5
0.2460      -21628.5040  -21630.0229       1.5189   326.4
0.2470      -21628.5071  -21629.9922       1.4852   319.2
0.2480      -21628.5146  -21630.0556       1.5411   331.2
0.2490      -21628.5162  -21630.1039       1.5877   341.2
0.2500      -21628.5105  -21630.1138       1.6033   344.5
0.2510      -21628.5094  -21630.1622       1.6528   355.2
0.2520      -21628.5154  -21630.2655       1.7501   376.1
0.2530      -21628.5194  -21630.3409       1.8215   391.4
0.2540      -21628.5189  -21630.3254       1.8065   388.2
0.2550      -21628.5130  -21630.2291       1.7160   368.8
0.2560      -21628.5057  -21630.1453       1.6397   352.4
0.2570      -21628.5081  -21630.1781       1.6700   358.9
0.2580      -21628.5194  -21630.2886       1.7692   380.2
0.2590      -21628.5252  -21630.3136       1.7884   384.3
0.2600      -21628.5173  -21630.1699       1.6526   355.1
0.2610      -21628.5062  -21629.9703       1.4641   314.6
0.2620      -21628.5046  -21629.8766       1.3720   294.8
0.2630      -21628.5090  -21629.9201       1.4110   303.2
0.2640      -21628.5161  -21630.0289       1.5127   325.1
0.2650      -21628.5210  -21630.0912       1.5702   337.4
0.2660      -21628.5158  -21630.0418       1.5260   327.9
0.2670      -21628.5069  -21629.9623       1.4554   312.8
0.2680      -21628.5087  -21629.9811       1.4724   316.4
0.2690      -21628.5174  -21630.0768       1.5594   335.1
0.2700      -21628.5189  -21630.1267       1.6077   345.5
0.2710      -21628.5112  -21630.1073       1.5961   343.0
0.2720      -21628.5070  -21630.1259       1.6190   347.9
0.2730      -21628.5115  -21630.2454       1.7339   372.6
0.2740      -21628.5192  -21630.3991       1.8799   404.0
0.2750      -21628.5254  -21630.4634       1.9380   416.5
0.2760      -21628.5229  -21630.3459       1.8230   391.8
0.2770      -21628.5096  -21630.0927       1.5830   340.2
0.2780      -21628.5000  -21629.9022       1.4022   301.3
0.2790      -21628.5066  -21629.9146       1.4080   302.6
0.2800      -21628.5182  -21630.0388       1.5206   326.8
0.2810      -21628.5190  -21630.1070       1.5880   341.3
0.2820      -21628.5130  -21630.0981       1.5851   340.6
0.2830      -21628.5100  -21630.0963       1.5864   340.9
0.2840      -21628.5091  -21630.1542       1.6452   353.5
0.2850      -21628.5119  -21630.2820       1.7701   380.4
0.2860      -21628.5186  -21630.4302       1.9117   410.8
0.2870      -21628.5203  -21630.5021       1.9818   425.9
0.2880      -21628.5147  -21630.4739       1.9593   421.0
0.2890      -21628.5129  -21630.4216       1.9087   410.2
0.2900      -21628.5181  -21630.3690       1.8509   397.7
0.2910      -21628.5180  -21630.2478       1.7298   371.7
0.2920      -21628.5098  -21630.0599       1.5501   333.1
0.2930      -21628.5043  -21629.9196       1.4152   304.1
0.2940      -21628.5057  -21629.9095       1.4038   301.7
0.2950      -21628.5108  -21630.0120       1.5012   322.6
0.2960      -21628.5185  -21630.1435       1.6250   349.2
0.2970      -21628.5223  -21630.1888       1.6665   358.1
0.2980      -21628.5153  -21630.1004       1.5851   340.6
0.2990      -21628.5064  -21629.9828       1.4764   317.3
0.3000      -21628.5087  -21629.9638       1.4551   312.7
