Time[ps]      Etot[eV]     Epot[eV]     Ekin[eV]    T[K]
0.0000      -18857.4115  -18859.2319       1.8205   391.2
0.0010      -18857.4033  -18859.2585       1.8552   398.7
0.0020      -18857.4159  -18859.3531       1.9371   416.3
0.0030      -18857.4150  -18859.3711       1.9561   420.4
0.0040      -18857.4106  -18859.3017       1.8910   406.4
0.0050      -18857.4124  -18859.1992       1.7868   384.0
0.0060      -18857.4066  -18859.0556       1.6491   354.4
0.0070      -18857.4061  -18858.9426       1.5365   330.2
0.0080      -18857.4090  -18858.8730       1.4639   314.6
0.0090      -18857.4023  -18858.8253       1.4230   305.8
0.0100      -18857.4022  -18858.8986       1.4964   321.6
0.0110      -18857.4177  -18859.0795       1.6619   357.1
0.0120      -18857.4084  -18859.1817       1.7733   381.1
0.0130      -18857.4056  -18859.2926       1.8870   405.5
0.0140      -18857.4144  -18859.4448       2.0304   436.3
0.0150      -18857.4131  -18859.5222       2.1091   453.2
0.0160      -18857.4131  -18859.5172       2.1041   452.2
0.0170      -18857.4142  -18859.4288       2.0147   432.9
0.0180      -18857.4058  -18859.2670       1.8612   400.0
0.0190      -18857.4072  -18859.1515       1.7442   374.8
0.0200      -18857.4155  -18859.0705       1.6551   355.7
0.0210      -18857.4050  -18858.9334       1.5284   328.4
0.0220      -18857.3957  -18858.8829       1.4872   319.6
0.0230      -18857.4069  -18859.0354       1.6286   350.0
0.0240      -18857.4152  -18859.2344       1.8191   390.9
0.0250      -18857.4140  -18859.3361       1.9221   413.1
0.0260      -18857.4086  -18859.3501       1.9415   417.2
0.0270      -18857.4017  -18859.3739       1.9723   423.8
0.0280      -18857.4149  -18859.4940       2.0791   446.8
0.0290      -18857.4275  -18859.5301       2.1027   451.9
0.0300      -18857.4111  -18859.3263       1.9152   411.6
0.0310      -18857.3970  -18859.1053       1.7083   367.1
0.0320      -18857.4016  -18859.0751       1.6735   359.6
0.0330      -18857.4083  -18859.1822       1.7739   381.2
0.0340      -18857.4170  -18859.2995       1.8825   404.5
0.0350      -18857.4154  -18859.2969       1.8816   404.4
0.0360      -18857.3989  -18859.2186       1.8196   391.0
0.0370      -18857.4072  -18859.2727       1.8656   400.9
0.0380      -18857.4179  -18859.3670       1.9491   418.9
0.0390      -18857.4157  -18859.3427       1.9270   414.1
0.0400      -18857.4105  -18859.2237       1.8132   389.7
0.0410      -18857.4060  -18859.0962       1.6902   363.2
0.0420      -18857.4029  -18859.0323       1.6294   350.1
0.0430      -18857.4063  -18859.0698       1.6636   357.5
0.0440      -18857.4097  -18859.1579       1.7482   375.7
0.0450      -18857.4062  -18859.2549       1.8487   397.3
0.0460      -18857.4165  -18859.3765       1.9600   421.2
0.0470      -18857.4142  -18859.3963       1.9821   426.0
0.0480      -18857.4038  -18859.3361       1.9323   415.3
0.0490      -18857.4036  -18859.3450       1.9414   417.2
0.0500      -18857.4183  -18859.4189       2.0007   429.9
0.0510      -18857.4206  -18859.3620       1.9414   417.2
0.0520      -18857.4102  -18859.1277       1.7175   369.1
0.0530      -18857.3938  -18858.8819       1.4881   319.8
0.0540      -18857.3922  -18858.8687       1.4765   317.3
0.0550      -18857.4145  -18859.0942       1.6796   361.0
0.0560      -18857.4180  -18859.2571       1.8391   395.2
0.0570      -18857.4068  -18859.2816       1.8747   402.9
0.0580      -18857.3991  -18859.3326       1.9335   415.5
0.0590      -18857.4084  -18859.5236       2.1152   454.6
0.0600      -18857.4182  -18859.7365       2.3183   498.2
0.0610      -18857.4262  -18859.8067       2.3804   511.5
0.0620      -18857.4155  -18859.6323       2.2169   476.4
0.0630      -18857.3998  -18859.3723       1.9725   423.9
0.0640      -18857.4034  -18859.2431       1.8396   395.3
0.0650      -18857.4092  -18859.2116       1.8025   387.4
0.0660      -18857.4124  -18859.1784       1.7660   379.5
0.0670      -18857.4032  -18859.1082       1.7050   366.4
0.0680      -18857.4005  -18859.1230       1.7225   370.2
0.0690      -18857.4063  -18859.2697       1.8635   400.5
0.0700      -18857.4170  -18859.4596       2.0426   439.0
0.0710      -18857.4197  -18859.5451       2.1254   456.7
0.0720      -18857.4107  -18859.5037       2.0930   449.8
0.0730      -18857.4140  -18859.4441       2.0301   436.3
0.0740      -18857.4118  -18859.3391       1.9272   414.2
0.0750      -18857.4072  -18859.2018       1.7945   385.6
0.0760      -18857.4024  -18859.1020       1.6996   365.2
0.0770      -18857.4071  -18859.0994       1.6922   363.7
0.0780      -18857.4111  -18859.1345       1.7234   370.4
0.0790      -18857.4100  -18859.1470       1.7370   373.3
0.0800      -18857.4031  -18859.1624       1.7593   378.1
0.0810      -18857.4052  -18859.2864       1.8812   404.3
0.0820      -18857.4220  -18859.4739       2.0519   441.0
0.0830      -18857.4207  -18859.4972       2.0765   446.2
0.0840      -18857.4132  -18859.3458       1.9327   415.3
0.0850      -18857.3997  -18859.1453       1.7455   375.1
0.0860      -18857.3982  -18859.0860       1.6878   362.7
0.0870      -18857.4127  -18859.1833       1.7706   380.5
0.0880      -18857.4219  -18859.2230       1.8012   387.1
0.0890      -18857.4031  -18859.0973       1.6943   364.1
0.0900      -18857.3914  -18859.0678       1.6764   360.2
0.0910      -18857.4086  -18859.2991       1.8905   406.3
0.0920      -18857.4238  -18859.5586       2.1348   458.8
0.0930      -18857.4254  -18859.6053       2.1799   468.5
0.0940      -18857.4073  -18859.4277       2.0205   434.2
0.0950      -18857.4012  -18859.2723       1.8711   402.1
0.0960      -18857.4088  -18859.2341       1.8253   392.3
0.0970      -18857.4162  -18859.1956       1.7794   382.4
0.0980      -18857.4098  -18859.0474       1.6376   351.9
0.0990      -18857.3956  -18858.8935       1.4978   321.9
0.1000      -18857.3992  -18858.9252       1.5261   328.0
0.1010      -18857.4085  -18859.1078       1.6992   365.2
0.1020      -18857.4170  -18859.2870       1.8700   401.9
0.1030      -18857.4111  -18859.3480       1.9369   416.2
0.1040      -18857.4069  -18859.3697       1.9628   421.8
0.1050      -18857.4147  -18859.4078       1.9931   428.3
0.1060      -18857.4207  -18859.3468       1.9260   413.9
0.1070      -18857.4035  -18859.1258       1.7223   370.1
0.1080      -18857.3986  -18858.9706       1.5720   337.8
0.1090      -18857.4106  -18858.9556       1.5450   332.0
0.1100      -18857.4125  -18858.9219       1.5095   324.4
0.1110      -18857.4050  -18858.8343       1.4293   307.1
0.1120      -18857.3931  -18858.8186       1.4255   306.3
0.1130      -18857.4025  -18859.0393       1.6368   351.7
0.1140      -18857.4276  -18859.3525       1.9249   413.7
0.1150      -18857.4297  -18859.4024       1.9727   423.9
0.1160      -18857.4036  -18859.1697       1.7661   379.5
0.1170      -18857.3975  -18859.0116       1.6141   346.9
0.1180      -18857.4103  -18859.0308       1.6206   348.3
0.1190      -18857.4182  -18859.0400       1.6217   348.5
0.1200      -18857.4128  -18858.9085       1.4957   321.4
0.1210      -18857.3944  -18858.7316       1.3373   287.4
0.1220      -18857.3943  -18858.7733       1.3790   296.3
0.1230      -18857.4125  -18859.0429       1.6305   350.4
0.1240      -18857.4272  -18859.2701       1.8429   396.0
0.1250      -18857.4134  -18859.2596       1.8461   396.7
0.1260      -18857.4029  -18859.1941       1.7912   384.9
0.1270      -18857.4108  -18859.2253       1.8145   389.9
0.1280      -18857.4193  -18859.2360       1.8167   390.4
0.1290      -18857.4142  -18859.0940       1.6798   361.0
0.1300      -18857.3956  -18858.8893       1.4937   321.0
0.1310      -18857.4000  -18858.8709       1.4709   316.1
0.1320      -18857.4175  -18858.9813       1.5637   336.0
0.1330      -18857.4144  -18858.9843       1.5699   337.4
0.1340      -18857.3943  -18858.9397       1.5454   332.1
0.1350      -18857.4060  -18859.1060       1.7000   365.3
0.1360      -18857.4229  -18859.3410       1.9181   412.2
0.1370      -18857.4222  -18859.3891       1.9669   422.7
0.1380      -18857.4115  -18859.2391       1.8276   392.8
0.1390      -18857.3962  -18859.0714       1.6752   360.0
0.1400      -18857.4070  -18859.0873       1.6804   361.1
0.1410      -18857.4218  -18859.1386       1.7168   368.9
0.1420      -18857.4146  -18859.0111       1.5965   343.1
0.1430      -18857.3949  -18858.8189       1.4241   306.0
0.1440      -18857.3971  -18858.8425       1.4455   310.6
0.1450      -18857.4114  -18859.0743       1.6629   357.4
0.1460      -18857.4283  -18859.2856       1.8573   399.1
0.1470      -18857.4187  -18859.2487       1.8300   393.3
0.1480      -18857.3956  -18859.1130       1.7174   369.1
0.1490      -18857.4092  -18859.1764       1.7672   379.8
0.1500      -18857.4274  -18859.2607       1.8334   394.0
0.1510      -18857.4143  -18859.1098       1.6955   364.4
0.1520      -18857.3930  -18858.9048       1.5119   324.9
0.1530      -18857.4024  -18858.9349       1.5325   329.3
0.1540      -18857.4151  -18859.0926       1.6774   360.5
0.1550      -18857.4172  -18859.1784       1.7612   378.5
0.1560      -18857.4045  -18859.1719       1.7674   379.8
0.1570      -18857.4013  -18859.2597       1.8584   399.4
0.1580      -18857.4196  -18859.4801       2.0605   442.8
0.1590      -18857.4294  -18859.5700       2.1406   460.0
0.1600      -18857.4159  -18859.3772       1.9613   421.5
0.1610      -18857.3956  -18859.1034       1.7079   367.0
0.1620      -18857.4015  -18859.0235       1.6219   348.6
0.1630      -18857.4129  -18859.0666       1.6537   355.4
0.1640      -18857.4185  -18859.0495       1.6310   350.5
0.1650      -18857.4021  -18858.9161       1.5139   325.3
0.1660      -18857.3904  -18858.9144       1.5240   327.5
0.1670      -18857.4127  -18859.1995       1.7868   384.0
0.1680      -18857.4303  -18859.4626       2.0323   436.7
0.1690      -18857.4136  -18859.4559       2.0422   438.9
0.1700      -18857.4028  -18859.3894       1.9867   426.9
0.1710      -18857.4152  -18859.4106       1.9955   428.8
0.1720      -18857.4176  -18859.3597       1.9421   417.4
0.1730      -18857.4137  -18859.1730       1.7593   378.1
0.1740      -18857.3963  -18858.9343       1.5380   330.5
0.1750      -18857.3960  -18858.8959       1.4999   322.3
0.1760      -18857.4194  -18859.0543       1.6350   351.4
0.1770      -18857.4176  -18859.1049       1.6873   362.6
0.1780      -18857.3998  -18859.0614       1.6616   357.1
0.1790      -18857.4016  -18859.1720       1.7704   380.5
0.1800      -18857.4175  -18859.4177       2.0002   429.8
0.1810      -18857.4264  -18859.5548       2.1283   457.4
0.1820      -18857.4220  -18859.4318       2.0098   431.9
0.1830      -18857.3939  -18859.1493       1.7554   377.2
0.1840      -18857.3935  -18859.0937       1.7002   365.4
0.1850      -18857.4212  -18859.2698       1.8485   397.2
0.1860      -18857.4259  -18859.2917       1.8658   401.0
0.1870      -18857.4007  -18859.0939       1.6931   363.8
0.1880      -18857.3897  -18859.0375       1.6478   354.1
0.1890      -18857.4099  -18859.2877       1.8778   403.5
0.1900      -18857.4284  -18859.5622       2.1338   458.5
0.1910      -18857.4268  -18859.5770       2.1502   462.1
0.1920      -18857.4016  -18859.3749       1.9733   424.1
0.1930      -18857.4023  -18859.2916       1.8893   406.0
0.1940      -18857.4200  -18859.3239       1.9039   409.1
0.1950      -18857.4160  -18859.2249       1.8089   388.7
0.1960      -18857.3981  -18859.0536       1.6555   355.8
0.1970      -18857.4058  -18859.0464       1.6406   352.6
0.1980      -18857.4111  -18859.1407       1.7296   371.7
0.1990      -18857.4099  -18859.2588       1.8489   397.3
0.2000      -18857.4180  -18859.3944       1.9764   424.7
0.2010      -18857.4079  -18859.4706       2.0628   443.3
0.2020      -18857.4129  -18859.5948       2.1818   468.9
0.2030      -18857.4286  -18859.6805       2.2519   483.9
0.2040      -18857.4195  -18859.5089       2.0894   449.0
0.2050      -18857.3950  -18859.2100       1.8149   390.0
0.2060      -18857.3947  -18859.1273       1.7326   372.3
0.2070      -18857.4172  -18859.2692       1.8520   398.0
0.2080      -18857.4302  -18859.3155       1.8852   405.1
0.2090      -18857.4104  -18859.1019       1.6915   363.5
0.2100      -18857.3815  -18858.9541       1.5726   337.9
0.2110      -18857.4077  -18859.2553       1.8476   397.0
0.2120      -18857.4365  -18859.6578       2.2213   477.4
0.2130      -18857.4304  -18859.7206       2.2901   492.1
0.2140      -18857.4049  -18859.5116       2.1067   452.7
0.2150      -18857.3969  -18859.3875       1.9906   427.8
0.2160      -18857.4104  -18859.4648       2.0544   441.5
0.2170      -18857.4214  -18859.5487       2.1274   457.2
0.2180      -18857.4226  -18859.4667       2.0441   439.3
0.2190      -18857.4027  -18859.2385       1.8358   394.5
0.2200      -18857.3978  -18859.1518       1.7540   376.9
0.2210      -18857.4106  -18859.3018       1.8912   406.4
0.2220      -18857.4243  -18859.4900       2.0657   443.9
0.2230      -18857.4136  -18859.5299       2.1163   454.8
0.2240      -18857.4049  -18859.5431       2.1382   459.5
0.2250      -18857.4149  -18859.6310       2.2161   476.2
0.2260      -18857.4208  -18859.6525       2.2317   479.6
0.2270      -18857.4135  -18859.5138       2.1003   451.3
0.2280      -18857.3944  -18859.3445       1.9501   419.1
0.2290      -18857.4074  -18859.4000       1.9926   428.2
0.2300      -18857.4306  -18859.5131       2.0824   447.5
0.2310      -18857.4180  -18859.3764       1.9584   420.9
0.2320      -18857.3935  -18859.1745       1.7810   382.7
0.2330      -18857.3983  -18859.2593       1.8610   399.9
0.2340      -18857.4208  -18859.5681       2.1473   461.5
0.2350      -18857.4312  -18859.7523       2.3211   498.8
0.2360      -18857.4222  -18859.6263       2.2041   473.7
0.2370      -18857.3937  -18859.3482       1.9544   420.0
0.2380      -18857.3965  -18859.3081       1.9116   410.8
0.2390      -18857.4205  -18859.4756       2.0551   441.6
0.2400      -18857.4279  -18859.5054       2.0776   446.5
0.2410      -18857.4129  -18859.2909       1.8780   403.6
0.2420      -18857.3900  -18859.0885       1.6985   365.0
0.2430      -18857.4033  -18859.2164       1.8132   389.6
0.2440      -18857.4293  -18859.4966       2.0673   444.3
0.2450      -18857.4271  -18859.5544       2.1274   457.2
0.2460      -18857.4019  -18859.4111       2.0092   431.8
0.2470      -18857.4045  -18859.3892       1.9847   426.5
0.2480      -18857.4182  -18859.4669       2.0487   440.3
0.2490      -18857.4177  -18859.4405       2.0228   434.7
0.2500      -18857.4092  -18859.3012       1.8921   406.6
0.2510      -18857.4005  -18859.1941       1.7936   385.4
0.2520      -18857.4118  -18859.2480       1.8362   394.6
0.2530      -18857.4212  -18859.3266       1.9055   409.5
0.2540      -18857.4164  -18859.2933       1.8768   403.3
0.2550      -18857.3994  -18859.2358       1.8364   394.6
0.2560      -18857.4080  -18859.3725       1.9645   422.2
0.2570      -18857.4266  -18859.5747       2.1481   461.6
0.2580      -18857.4237  -18859.5580       2.1343   458.7
0.2590      -18857.4080  -18859.3397       1.9317   415.1
0.2600      -18857.3935  -18859.1627       1.7691   380.2
0.2610      -18857.4065  -18859.2269       1.8204   391.2
0.2620      -18857.4279  -18859.3545       1.9266   414.0
0.2630      -18857.4238  -18859.2518       1.8280   392.8
0.2640      -18857.3966  -18859.0096       1.6130   346.6
0.2650      -18857.4001  -18859.0066       1.6066   345.2
0.2660      -18857.4190  -18859.2132       1.7942   385.6
0.2670      -18857.4213  -18859.3484       1.9271   414.1
0.2680      -18857.4165  -18859.3340       1.9175   412.1
0.2690      -18857.4034  -18859.2468       1.8434   396.1
0.2700      -18857.4054  -18859.2632       1.8578   399.2
0.2710      -18857.4212  -18859.3485       1.9272   414.2
0.2720      -18857.4180  -18859.2999       1.8819   404.4
0.2730      -18857.4043  -18859.1652       1.7609   378.4
0.2740      -18857.4096  -18859.1428       1.7332   372.5
0.2750      -18857.4203  -18859.1776       1.7573   377.7
0.2760      -18857.4154  -18859.1209       1.7055   366.5
0.2770      -18857.4087  -18859.0216       1.6129   346.6
0.2780      -18857.4023  -18858.9832       1.5809   339.7
0.2790      -18857.4071  -18859.0915       1.6844   362.0
0.2800      -18857.4223  -18859.2545       1.8322   393.7
0.2810      -18857.4203  -18859.2570       1.8367   394.7
0.2820      -18857.4014  -18859.1326       1.7312   372.0
0.2830      -18857.3979  -18859.1539       1.7560   377.4
0.2840      -18857.4193  -18859.3610       1.9417   417.3
0.2850      -18857.4259  -18859.4593       2.0334   437.0
0.2860      -18857.4162  -18859.3427       1.9265   414.0
0.2870      -18857.4044  -18859.1546       1.7502   376.1
0.2880      -18857.4024  -18859.0808       1.6784   360.7
0.2890      -18857.4164  -18859.1408       1.7244   370.6
0.2900      -18857.4205  -18859.1449       1.7243   370.6
0.2910      -18857.4115  -18859.0211       1.6097   345.9
0.2920      -18857.4008  -18858.9043       1.5035   323.1
0.2930      -18857.4063  -18858.9306       1.5243   327.6
0.2940      -18857.4074  -18859.0375       1.6301   350.3
0.2950      -18857.4149  -18859.1766       1.7617   378.6
0.2960      -18857.4185  -18859.2472       1.8287   393.0
0.2970      -18857.4066  -18859.2273       1.8208   391.3
0.2980      -18857.4086  -18859.2782       1.8696   401.8
0.2990      -18857.4200  -18859.3791       1.9591   421.0
0.3000      -18857.4195  -18859.3669       1.9475   418.5
