Time[ps]      Etot[eV]     Epot[eV]     Ekin[eV]    T[K]
0.0000      -21628.4873  -21629.8751       1.3878   298.2
0.0010      -21628.4955  -21630.0544       1.5589   335.0
0.0020      -21628.5075  -21630.2866       1.7791   382.3
0.0030      -21628.5112  -21630.3880       1.8768   403.3
0.0040      -21628.5031  -21630.3005       1.7974   386.3
0.0050      -21628.4933  -21630.1432       1.6499   354.6
0.0060      -21628.4930  -21630.0604       1.5674   336.8
0.0070      -21628.4983  -21630.0634       1.5651   336.3
0.0080      -21628.5023  -21630.0749       1.5726   338.0
0.0090      -21628.5000  -21630.0384       1.5384   330.6
0.0100      -21628.4949  -21629.9899       1.4950   321.3
0.0110      -21628.4952  -21630.0046       1.5094   324.4
0.0120      -21628.5015  -21630.0781       1.5767   338.8
0.0130      -21628.5060  -21630.1179       1.6119   346.4
0.0140      -21628.5003  -21630.0608       1.5605   335.4
0.0150      -21628.4903  -21629.9916       1.5012   322.6
0.0160      -21628.4918  -21630.0479       1.5561   334.4
0.0170      -21628.5014  -21630.2087       1.7073   366.9
0.0180      -21628.5084  -21630.3274       1.8191   390.9
0.0190      -21628.5062  -21630.2961       1.7899   384.6
0.0200      -21628.4963  -21630.1497       1.6534   355.3
0.0210      -21628.4904  -21630.0358       1.5454   332.1
0.0220      -21628.4938  -21630.0464       1.5526   333.7
0.0230      -21628.5019  -21630.1328       1.6309   350.5
0.0240      -21628.5041  -21630.1771       1.6729   359.5
0.0250      -21628.4993  -21630.1432       1.6439   353.3
0.0260      -21628.4972  -21630.0953       1.5981   343.4
0.0270      -21628.4981  -21630.0681       1.5700   337.4
0.0280      -21628.4995  -21630.0486       1.5491   332.9
0.0290      -21628.5000  -21630.0136       1.5136   325.3
0.0300      -21628.4966  -21629.9615       1.4649   314.8
0.0310      -21628.4935  -21629.9468       1.4533   312.3
0.0320      -21628.4961  -21630.0171       1.5210   326.9
0.0330      -21628.5028  -21630.1340       1.6312   350.5
0.0340      -21628.5067  -21630.1969       1.6902   363.2
0.0350      -21628.5015  -21630.1508       1.6493   354.4
0.0360      -21628.4943  -21630.0681       1.5738   338.2
0.0370      -21628.4921  -21630.0543       1.5622   335.7
0.0380      -21628.4956  -21630.1407       1.6451   353.5
0.0390      -21628.5038  -21630.2652       1.7614   378.5
0.0400      -21628.5074  -21630.3061       1.7987   386.5
0.0410      -21628.5025  -21630.2115       1.7091   367.3
0.0420      -21628.4961  -21630.0549       1.5589   335.0
0.0430      -21628.4932  -21629.9396       1.4464   310.8
0.0440      -21628.4947  -21629.9160       1.4213   305.4
0.0450      -21628.4977  -21629.9645       1.4668   315.2
0.0460      -21628.4992  -21630.0375       1.5384   330.6
0.0470      -21628.4984  -21630.1083       1.6099   346.0
0.0480      -21628.4971  -21630.1836       1.6864   362.4
0.0490      -21628.4999  -21630.2727       1.7728   381.0
0.0500      -21628.5026  -21630.3345       1.8318   393.7
0.0510      -21628.5007  -21630.3309       1.8302   393.3
0.0520      -21628.4981  -21630.2884       1.7903   384.7
0.0530      -21628.4968  -21630.2501       1.7532   376.8
0.0540      -21628.4969  -21630.2394       1.7424   374.4
0.0550      -21628.5005  -21630.2519       1.7514   376.4
0.0560      -21628.5032  -21630.2353       1.7320   372.2
0.0570      -21628.4996  -21630.1508       1.6513   354.9
0.0580      -21628.4920  -21630.0528       1.5608   335.4
0.0590      -21628.4903  -21630.0471       1.5568   334.6
0.0600      -21628.4959  -21630.1576       1.6617   357.1
0.0610      -21628.5012  -21630.3041       1.8030   387.5
0.0620      -21628.5033  -21630.4064       1.9031   409.0
0.0630      -21628.5039  -21630.4301       1.9261   413.9
0.0640      -21628.5007  -21630.3733       1.8726   402.4
0.0650      -21628.4968  -21630.2872       1.7904   384.8
0.0660      -21628.4972  -21630.2279       1.7306   371.9
0.0670      -21628.4976  -21630.1926       1.6950   364.3
0.0680      -21628.4946  -21630.1766       1.6820   361.5
0.0690      -21628.4941  -21630.2173       1.7232   370.3
0.0700      -21628.4995  -21630.3162       1.8168   390.4
0.0710      -21628.5030  -21630.3974       1.8944   407.1
0.0720      -21628.5010  -21630.4100       1.9090   410.2
0.0730      -21628.4997  -21630.3766       1.8769   403.3
0.0740      -21628.4990  -21630.3192       1.8202   391.2
0.0750      -21628.4962  -21630.2538       1.7576   377.7
0.0760      -21628.4976  -21630.2156       1.7180   369.2
0.0770      -21628.5018  -21630.1845       1.6828   361.6
0.0780      -21628.4992  -21630.1068       1.6076   345.5
0.0790      -21628.4933  -21630.0157       1.5224   327.2
0.0800      -21628.4928  -21629.9902       1.4974   321.8
0.0810      -21628.4951  -21630.0412       1.5461   332.3
0.0820      -21628.4957  -21630.1375       1.6418   352.8
0.0830      -21628.4984  -21630.2636       1.7651   379.3
0.0840      -21628.5033  -21630.3775       1.8743   402.8
0.0850      -21628.5030  -21630.4167       1.9137   411.2
0.0860      -21628.5011  -21630.3834       1.8823   404.5
0.0870      -21628.5031  -21630.3009       1.7977   386.3
0.0880      -21628.5009  -21630.1475       1.6466   353.9
0.0890      -21628.4925  -21629.9593       1.4667   315.2
0.0900      -21628.4883  -21629.8537       1.3653   293.4
0.0910      -21628.4926  -21629.8903       1.3976   300.3
0.0920      -21628.4975  -21630.0094       1.5119   324.9
0.0930      -21628.4995  -21630.1347       1.6352   351.4
0.0940      -21628.5011  -21630.2294       1.7283   371.4
0.0950      -21628.4998  -21630.2736       1.7738   381.2
0.0960      -21628.4959  -21630.2921       1.7963   386.0
0.0970      -21628.4982  -21630.3370       1.8387   395.1
0.0980      -21628.5033  -21630.3774       1.8741   402.8
0.0990      -21628.5014  -21630.3468       1.8454   396.6
0.1000      -21628.4968  -21630.2668       1.7700   380.4
0.1010      -21628.4966  -21630.2002       1.7035   366.1
0.1020      -21628.4975  -21630.1553       1.6578   356.3
0.1030      -21628.4955  -21630.1234       1.6279   349.8
0.1040      -21628.4955  -21630.1276       1.6322   350.8
0.1050      -21628.4973  -21630.1717       1.6744   359.8
0.1060      -21628.4966  -21630.2392       1.7426   374.5
0.1070      -21628.4983  -21630.3394       1.8411   395.6
0.1080      -21628.5056  -21630.4393       1.9337   415.5
0.1090      -21628.5068  -21630.4340       1.9272   414.1
0.1100      -21628.4997  -21630.3000       1.8004   386.9
0.1110      -21628.4928  -21630.1353       1.6426   353.0
0.1120      -21628.4906  -21630.0434       1.5527   333.7
0.1130      -21628.4920  -21630.0600       1.5680   337.0
0.1140      -21628.4967  -21630.1628       1.6661   358.0
0.1150      -21628.5025  -21630.2786       1.7761   381.7
0.1160      -21628.5013  -21630.3299       1.8286   393.0
0.1170      -21628.4970  -21630.3355       1.8385   395.1
0.1180      -21628.5002  -21630.3516       1.8514   397.9
0.1190      -21628.5036  -21630.3391       1.8355   394.4
0.1200      -21628.5002  -21630.2523       1.7521   376.5
0.1210      -21628.4966  -21630.1329       1.6363   351.6
0.1220      -21628.4963  -21630.0308       1.5346   329.8
0.1230      -21628.4963  -21629.9518       1.4555   312.8
0.1240      -21628.4957  -21629.8934       1.3977   300.4
0.1250      -21628.4963  -21629.8599       1.3636   293.0
0.1260      -21628.4950  -21629.8476       1.3526   290.7
0.1270      -21628.4905  -21629.8853       1.3948   299.7
0.1280      -21628.4927  -21630.0351       1.5424   331.5
0.1290      -21628.5025  -21630.2611       1.7585   377.9
0.1300      -21628.5077  -21630.4213       1.9136   411.2
0.1310      -21628.5056  -21630.4327       1.9270   414.1
0.1320      -21628.5006  -21630.3225       1.8218   391.5
0.1330      -21628.4961  -21630.1680       1.6719   359.3
0.1340      -21628.4933  -21630.0416       1.5484   332.7
0.1350      -21628.4948  -21629.9839       1.4891   320.0
0.1360      -21628.4986  -21629.9722       1.4736   316.7
0.1370      -21628.4969  -21629.9598       1.4630   314.4
0.1380      -21628.4940  -21629.9703       1.4763   317.2
0.1390      -21628.4989  -21630.0372       1.5382   330.6
0.1400      -21628.5027  -21630.0961       1.5934   342.4
0.1410      -21628.4988  -21630.0957       1.5969   343.2
0.1420      -21628.4947  -21630.0871       1.5924   342.2
0.1430      -21628.4948  -21630.1287       1.6339   351.1
0.1440      -21628.4967  -21630.2205       1.7237   370.4
0.1450      -21628.5006  -21630.3275       1.8269   392.6
0.1460      -21628.5055  -21630.3854       1.8799   404.0
0.1470      -21628.5028  -21630.3289       1.8261   392.4
0.1480      -21628.4927  -21630.2079       1.7153   368.6
0.1490      -21628.4912  -21630.1676       1.6764   360.3
0.1500      -21628.4992  -21630.2329       1.7336   372.6
0.1510      -21628.5027  -21630.2955       1.7928   385.3
0.1520      -21628.5018  -21630.2949       1.7931   385.3
0.1530      -21628.4998  -21630.2372       1.7375   373.4
0.1540      -21628.4973  -21630.1492       1.6519   355.0
0.1550      -21628.4955  -21630.0649       1.5695   337.3
0.1560      -21628.4965  -21630.0073       1.5109   324.7
0.1570      -21628.4971  -21629.9641       1.4670   315.3
0.1580      -21628.4925  -21629.9360       1.4435   310.2
0.1590      -21628.4906  -21629.9899       1.4993   322.2
0.1600      -21628.4992  -21630.1469       1.6477   354.1
0.1610      -21628.5054  -21630.2900       1.7846   383.5
0.1620      -21628.5031  -21630.3268       1.8237   391.9
0.1630      -21628.4995  -21630.2835       1.7840   383.4
0.1640      -21628.4969  -21630.2179       1.7209   369.8
0.1650      -21628.4950  -21630.1742       1.6793   360.9
0.1660      -21628.4970  -21630.1784       1.6814   361.3
0.1670      -21628.5027  -21630.1952       1.6925   363.7
0.1680      -21628.5033  -21630.1428       1.6395   352.3
0.1690      -21628.4962  -21630.0164       1.5202   326.7
0.1700      -21628.4932  -21629.9159       1.4227   305.7
0.1710      -21628.4966  -21629.8898       1.3932   299.4
0.1720      -21628.4960  -21629.9023       1.4063   302.2
0.1730      -21628.4954  -21629.9555       1.4602   313.8
0.1740      -21628.4985  -21630.0516       1.5531   333.8
0.1750      -21628.5004  -21630.1446       1.6441   353.3
0.1760      -21628.5006  -21630.2018       1.7011   365.6
0.1770      -21628.5021  -21630.2150       1.7129   368.1
0.1780      -21628.5010  -21630.1689       1.6679   358.4
0.1790      -21628.4941  -21630.0905       1.5964   343.1
0.1800      -21628.4913  -21630.0807       1.5894   341.6
0.1810      -21628.5002  -21630.1733       1.6731   359.6
0.1820      -21628.5057  -21630.2461       1.7404   374.0
0.1830      -21628.5015  -21630.2142       1.7127   368.1
0.1840      -21628.4979  -21630.1264       1.6285   350.0
0.1850      -21628.4971  -21630.0369       1.5399   330.9
0.1860      -21628.4943  -21629.9663       1.4720   316.3
0.1870      -21628.4930  -21629.9521       1.4591   313.6
0.1880      -21628.4968  -21630.0074       1.5106   324.6
0.1890      -21628.4985  -21630.0812       1.5827   340.1
0.1900      -21628.4967  -21630.1477       1.6509   354.8
0.1910      -21628.4986  -21630.2265       1.7278   371.3
0.1920      -21628.5022  -21630.2925       1.7902   384.7
0.1930      -21628.4997  -21630.3008       1.8011   387.1
0.1940      -21628.4970  -21630.2814       1.7845   383.5
0.1950      -21628.4986  -21630.2705       1.7719   380.8
0.1960      -21628.4988  -21630.2502       1.7514   376.4
0.1970      -21628.4973  -21630.2170       1.7197   369.6
0.1980      -21628.4989  -21630.1862       1.6873   362.6
0.1990      -21628.5002  -21630.1346       1.6344   351.2
0.2000      -21628.4966  -21630.0473       1.5507   333.3
0.2010      -21628.4936  -21629.9747       1.4811   318.3
0.2020      -21628.4952  -21629.9604       1.4652   314.9
0.2030      -21628.4949  -21629.9913       1.4964   321.6
0.2040      -21628.4942  -21630.0709       1.5767   338.8
0.2050      -21628.4996  -21630.2005       1.7009   365.5
0.2060      -21628.5053  -21630.3017       1.7964   386.0
0.2070      -21628.5029  -21630.2954       1.7925   385.2
0.2080      -21628.4964  -21630.2172       1.7208   369.8
0.2090      -21628.4944  -21630.1606       1.6662   358.1
0.2100      -21628.4953  -21630.1614       1.6661   358.0
0.2110      -21628.4980  -21630.2046       1.7066   366.7
0.2120      -21628.5033  -21630.2426       1.7394   373.8
0.2130      -21628.5029  -21630.2049       1.7020   365.8
0.2140      -21628.4952  -21630.1038       1.6086   345.7
0.2150      -21628.4939  -21630.0436       1.5497   333.0
0.2160      -21628.5001  -21630.0429       1.5428   331.5
0.2170      -21628.5008  -21630.0182       1.5174   326.1
0.2180      -21628.4946  -21629.9588       1.4642   314.6
0.2190      -21628.4931  -21629.9459       1.4528   312.2
0.2200      -21628.4967  -21630.0044       1.5077   324.0
0.2210      -21628.4998  -21630.0844       1.5846   340.5
0.2220      -21628.5025  -21630.1343       1.6318   350.7
0.2230      -21628.5023  -21630.1154       1.6131   346.6
0.2240      -21628.4946  -21630.0424       1.5478   332.6
0.2250      -21628.4888  -21630.0310       1.5423   331.4
0.2260      -21628.4966  -21630.1590       1.6623   357.2
0.2270      -21628.5076  -21630.3132       1.8056   388.0
0.2280      -21628.5069  -21630.3343       1.8274   392.7
0.2290      -21628.4986  -21630.2229       1.7243   370.6
0.2300      -21628.4942  -21630.0942       1.6000   343.8
0.2310      -21628.4942  -21630.0173       1.5231   327.3
0.2320      -21628.4967  -21629.9923       1.4956   321.4
0.2330      -21628.5003  -21629.9769       1.4766   317.3
0.2340      -21628.4976  -21629.9254       1.4278   306.8
0.2350      -21628.4888  -21629.8891       1.4003   300.9
0.2360      -21628.4901  -21629.9923       1.5021   322.8
0.2370      -21628.5034  -21630.2128       1.7094   367.3
0.2380      -21628.5090  -21630.3636       1.8546   398.6
0.2390      -21628.5005  -21630.3609       1.8603   399.8
0.2400      -21628.4930  -21630.3174       1.8244   392.1
0.2410      -21628.4941  -21630.3448       1.8508   397.7
0.2420      -21628.4999  -21630.4319       1.9320   415.2
0.2430      -21628.5071  -21630.4855       1.9784   425.2
0.2440      -21628.5081  -21630.3968       1.8887   405.9
0.2450      -21628.4966  -21630.1610       1.6644   357.7
0.2460      -21628.4845  -21629.9531       1.4687   315.6
0.2470      -21628.4897  -21629.9447       1.4551   312.7
0.2480      -21628.5022  -21630.0661       1.5638   336.1
0.2490      -21628.5038  -21630.1373       1.6335   351.0
0.2500      -21628.4964  -21630.1278       1.6315   350.6
0.2510      -21628.4935  -21630.1400       1.6465   353.8
0.2520      -21628.4974  -21630.2192       1.7218   370.0
0.2530      -21628.5026  -21630.3099       1.8073   388.4
0.2540      -21628.5055  -21630.3304       1.8249   392.2
0.2550      -21628.5003  -21630.2434       1.7431   374.6
0.2560      -21628.4897  -21630.1338       1.6441   353.3
0.2570      -21628.4909  -21630.1510       1.6601   356.8
0.2580      -21628.5052  -21630.2735       1.7683   380.0
0.2590      -21628.5111  -21630.2995       1.7884   384.3
0.2600      -21628.5008  -21630.1432       1.6424   353.0
0.2610      -21628.4896  -21629.9499       1.4604   313.8
0.2620      -21628.4884  -21629.8872       1.3988   300.6
0.2630      -21628.4947  -21629.9765       1.4818   318.4
0.2640      -21628.5045  -21630.1155       1.6111   346.2
0.2650      -21628.5091  -21630.1537       1.6445   353.4
0.2660      -21628.5000  -21630.0310       1.5310   329.0
0.2670      -21628.4876  -21629.8878       1.4002   300.9
0.2680      -21628.4916  -21629.9019       1.4103   303.1
0.2690      -21628.5037  -21630.0219       1.5183   326.3
0.2700      -21628.5041  -21630.0777       1.5736   338.2
0.2710      -21628.4950  -21630.0561       1.5611   335.5
0.2720      -21628.4908  -21630.0851       1.5944   342.6
0.2730      -21628.4959  -21630.2285       1.7326   372.3
0.2740      -21628.5051  -21630.4078       1.9028   408.9
0.2750      -21628.5111  -21630.4792       1.9681   422.9
0.2760      -21628.5066  -21630.3533       1.8466   396.8
0.2770      -21628.4922  -21630.1058       1.6136   346.8
0.2780      -21628.4850  -21629.9520       1.4670   315.3
0.2790      -21628.4964  -21629.9940       1.4976   321.8
0.2800      -21628.5067  -21630.0770       1.5703   337.5
0.2810      -21628.5025  -21630.0497       1.5472   332.5
0.2820      -21628.4937  -21629.9651       1.4714   316.2
0.2830      -21628.4906  -21629.9533       1.4626   314.3
0.2840      -21628.4931  -21630.0646       1.5715   337.7
0.2850      -21628.5000  -21630.2559       1.7559   377.3
0.2860      -21628.5059  -21630.4187       1.9128   411.1
0.2870      -21628.5036  -21630.4665       1.9628   421.8
0.2880      -21628.4963  -21630.4351       1.9389   416.7
0.2890      -21628.4986  -21630.4243       1.9258   413.8
0.2900      -21628.5067  -21630.4021       1.8954   407.3
0.2910      -21628.5035  -21630.2602       1.7568   377.5
0.2920      -21628.4928  -21630.0414       1.5486   332.8
0.2930      -21628.4875  -21629.8989       1.4114   303.3
0.2940      -21628.4904  -21629.9151       1.4247   306.2
0.2950      -21628.4988  -21630.0435       1.5447   331.9
0.2960      -21628.5062  -21630.1529       1.6467   353.9
0.2970      -21628.5049  -21630.1349       1.6300   350.3
0.2980      -21628.4950  -21630.0153       1.5203   326.7
0.2990      -21628.4894  -21629.9418       1.4524   312.1
0.3000      -21628.4972  -21629.9948       1.4976   321.8
